[INFO] Run tag: call_bypass_dlpack
[INFO] Stdout mirrored to: /home/jayce.su/notes/dsl/cutlass_with_notes/examples/python/CuTeDSL/ampere/call_bypass_dlpack/call_bypass_dlpack_stdout.log
[INFO] Stderr mirrored to: /home/jayce.su/notes/dsl/cutlass_with_notes/examples/python/CuTeDSL/ampere/call_bypass_dlpack/call_bypass_dlpack_stderr.log
[INFO] Stdout IR slice saved to: /home/jayce.su/notes/dsl/cutlass_with_notes/examples/python/CuTeDSL/ampere/call_bypass_dlpack/call_bypass_dlpack_0_with_loc.mlir
[INFO] Patched Compiler.compile -> compile_and_dump
[INFO] Patched CUDA runtime for COMPILE-ONLY mode (skip arch compatibility check)
[INFO] Patched HardwareInfo.get_max_active_clusters for COMPILE-ONLY mode
[INFO] cute_ir_dump_patch installed.

Running TensorOpGemm test with:
Tensor dimensions: (512, 256, 128, 16)
Input tensor shapes:
a: torch.Size([512, 128, 16]), dtype: torch.float16
b: torch.Size([256, 128, 16]), dtype: torch.float16
c: torch.Size([512, 256, 16]), dtype: torch.float16


[DSL INFO] Input Parameters:
[DSL INFO]   mnkl: (Int32(?), Int32(?), Int32(?), Int32(?))
[DSL INFO]   mA: tensor<ptr<f16, gmem, align<32>> o (?{div=8},?,?):(1,?{div=8},?{div=8})>
[DSL INFO]   mB: tensor<ptr<f16, gmem, align<32>> o (?{div=8},?,?):(1,?{div=8},?{div=8})>
[DSL INFO]   mC: tensor<ptr<f16, gmem, align<32>> o (?{div=8},?{div=8},?):(?{div=8},1,?{div=64})>

[DSL INFO] Created TensorOpGemm instance
[DSL INFO]   Input dtype: Float16
[DSL INFO]   Output dtype: Float16
[DSL INFO]   Accumulation dtype: Float32
[DSL INFO]   Atom layout: (2, 2, 1)

[DSL INFO] Executed TensorOpGemm



[PATCH] hit Compiler.compile
[DUMP] 0_ -> /home/jayce.su/notes/dsl/cutlass_with_notes/examples/python/CuTeDSL/ampere/call_bypass_dlpack/call_bypass_dlpack_0_.mlir (2443 lines)
[DUMP] 001_CuteRemoveStaticArgs -> /home/jayce.su/notes/dsl/cutlass_with_notes/examples/python/CuTeDSL/ampere/call_bypass_dlpack/call_bypass_dlpack_001_CuteRemoveStaticArgs.mlir (2450 lines)
[DUMP] 002_MaterializeTmaMulticast -> /home/jayce.su/notes/dsl/cutlass_with_notes/examples/python/CuTeDSL/ampere/call_bypass_dlpack/call_bypass_dlpack_002_MaterializeTmaMulticast.mlir (2450 lines)
[DUMP] 003_SoftwarePipelinePass -> /home/jayce.su/notes/dsl/cutlass_with_notes/examples/python/CuTeDSL/ampere/call_bypass_dlpack/call_bypass_dlpack_003_SoftwarePipelinePass.mlir (2450 lines)
[DUMP] 004_CuteDesugar -> /home/jayce.su/notes/dsl/cutlass_with_notes/examples/python/CuTeDSL/ampere/call_bypass_dlpack/call_bypass_dlpack_004_CuteDesugar.mlir (3444 lines)
[DUMP] 005_CuteExpandOps -> /home/jayce.su/notes/dsl/cutlass_with_notes/examples/python/CuTeDSL/ampere/call_bypass_dlpack/call_bypass_dlpack_005_CuteExpandOps.mlir (5076 lines)
[DUMP] 006_CuteFoldStatic -> /home/jayce.su/notes/dsl/cutlass_with_notes/examples/python/CuTeDSL/ampere/call_bypass_dlpack/call_bypass_dlpack_006_CuteFoldStatic.mlir (2486 lines)
[DUMP] 007_InsertRangeInformation -> /home/jayce.su/notes/dsl/cutlass_with_notes/examples/python/CuTeDSL/ampere/call_bypass_dlpack/call_bypass_dlpack_007_InsertRangeInformation.mlir (2486 lines)
[DUMP] 008_Canonicalizer -> /home/jayce.su/notes/dsl/cutlass_with_notes/examples/python/CuTeDSL/ampere/call_bypass_dlpack/call_bypass_dlpack_008_Canonicalizer.mlir (1376 lines)
[DUMP] 009_CSE -> /home/jayce.su/notes/dsl/cutlass_with_notes/examples/python/CuTeDSL/ampere/call_bypass_dlpack/call_bypass_dlpack_009_CSE.mlir (1214 lines)
[DUMP] 010_LoopInvariantCodeMotion -> /home/jayce.su/notes/dsl/cutlass_with_notes/examples/python/CuTeDSL/ampere/call_bypass_dlpack/call_bypass_dlpack_010_LoopInvariantCodeMotion.mlir (1214 lines)
[DUMP] 011_LoopVectorizePass -> /home/jayce.su/notes/dsl/cutlass_with_notes/examples/python/CuTeDSL/ampere/call_bypass_dlpack/call_bypass_dlpack_011_LoopVectorizePass.mlir (1214 lines)
[DUMP] 012_EliminateUnnecessarySyncPass -> /home/jayce.su/notes/dsl/cutlass_with_notes/examples/python/CuTeDSL/ampere/call_bypass_dlpack/call_bypass_dlpack_012_EliminateUnnecessarySyncPass.mlir (1214 lines)
[DUMP] 013_StrengthReductionPass -> /home/jayce.su/notes/dsl/cutlass_with_notes/examples/python/CuTeDSL/ampere/call_bypass_dlpack/call_bypass_dlpack_013_StrengthReductionPass.mlir (1214 lines)
[DUMP] 014_ConvertVectorToSCF -> /home/jayce.su/notes/dsl/cutlass_with_notes/examples/python/CuTeDSL/ampere/call_bypass_dlpack/call_bypass_dlpack_014_ConvertVectorToSCF.mlir (1214 lines)
[DUMP] 015_ConvertCuteTypesInScfOps -> /home/jayce.su/notes/dsl/cutlass_with_notes/examples/python/CuTeDSL/ampere/call_bypass_dlpack/call_bypass_dlpack_015_ConvertCuteTypesInScfOps.mlir (1220 lines)
[DUMP] 016_SCFToControlFlow -> /home/jayce.su/notes/dsl/cutlass_with_notes/examples/python/CuTeDSL/ampere/call_bypass_dlpack/call_bypass_dlpack_016_SCFToControlFlow.mlir (1305 lines)
[DUMP] 017_ArithExpandOpsPass -> /home/jayce.su/notes/dsl/cutlass_with_notes/examples/python/CuTeDSL/ampere/call_bypass_dlpack/call_bypass_dlpack_017_ArithExpandOpsPass.mlir (1603 lines)
[DUMP] 018_ConvertMathToFuncs -> /home/jayce.su/notes/dsl/cutlass_with_notes/examples/python/CuTeDSL/ampere/call_bypass_dlpack/call_bypass_dlpack_018_ConvertMathToFuncs.mlir (1603 lines)
[DUMP] 019_GpuLaunchSinkIndexComputations -> /home/jayce.su/notes/dsl/cutlass_with_notes/examples/python/CuTeDSL/ampere/call_bypass_dlpack/call_bypass_dlpack_019_GpuLaunchSinkIndexComputations.mlir (1603 lines)
[DUMP] 020_ConvertToLLVMPass -> /home/jayce.su/notes/dsl/cutlass_with_notes/examples/python/CuTeDSL/ampere/call_bypass_dlpack/call_bypass_dlpack_020_ConvertToLLVMPass.mlir (2539 lines)
[DUMP] 021_ReconcileUnrealizedCasts -> /home/jayce.su/notes/dsl/cutlass_with_notes/examples/python/CuTeDSL/ampere/call_bypass_dlpack/call_bypass_dlpack_021_ReconcileUnrealizedCasts.mlir (2468 lines)
[DUMP] 022_GpuKernelOutlining -> /home/jayce.su/notes/dsl/cutlass_with_notes/examples/python/CuTeDSL/ampere/call_bypass_dlpack/call_bypass_dlpack_022_GpuKernelOutlining.mlir (2468 lines)
[DUMP] 023_SCFToControlFlow -> /home/jayce.su/notes/dsl/cutlass_with_notes/examples/python/CuTeDSL/ampere/call_bypass_dlpack/call_bypass_dlpack_023_SCFToControlFlow.mlir (2468 lines)
[DUMP] 024_ReconcileUnrealizedCasts -> /home/jayce.su/notes/dsl/cutlass_with_notes/examples/python/CuTeDSL/ampere/call_bypass_dlpack/call_bypass_dlpack_024_ReconcileUnrealizedCasts.mlir (2468 lines)
[DUMP] 025_ConvertToLLVMPass -> /home/jayce.su/notes/dsl/cutlass_with_notes/examples/python/CuTeDSL/ampere/call_bypass_dlpack/call_bypass_dlpack_025_ConvertToLLVMPass.mlir (2468 lines)
[DUMP] 026_Canonicalizer -> /home/jayce.su/notes/dsl/cutlass_with_notes/examples/python/CuTeDSL/ampere/call_bypass_dlpack/call_bypass_dlpack_026_Canonicalizer.mlir (1287 lines)
[DUMP] 027_CSE -> /home/jayce.su/notes/dsl/cutlass_with_notes/examples/python/CuTeDSL/ampere/call_bypass_dlpack/call_bypass_dlpack_027_CSE.mlir (1234 lines)
[DUMP] 028_ConvertVectorToLLVMPass -> /home/jayce.su/notes/dsl/cutlass_with_notes/examples/python/CuTeDSL/ampere/call_bypass_dlpack/call_bypass_dlpack_028_ConvertVectorToLLVMPass.mlir (1236 lines)
[DUMP] 029_ConvertNVVMToLLVMPass -> /home/jayce.su/notes/dsl/cutlass_with_notes/examples/python/CuTeDSL/ampere/call_bypass_dlpack/call_bypass_dlpack_029_ConvertNVVMToLLVMPass.mlir (1242 lines)
[DUMP] 030_CudaComputeTargetPass -> /home/jayce.su/notes/dsl/cutlass_with_notes/examples/python/CuTeDSL/ampere/call_bypass_dlpack/call_bypass_dlpack_030_CudaComputeTargetPass.mlir (1024 lines)
[DUMP] 031_FinalizeMemRefToLLVMConversionPass -> /home/jayce.su/notes/dsl/cutlass_with_notes/examples/python/CuTeDSL/ampere/call_bypass_dlpack/call_bypass_dlpack_031_FinalizeMemRefToLLVMConversionPass.mlir (1242 lines)
[DUMP] 032_ExpandStridedMetadata -> /home/jayce.su/notes/dsl/cutlass_with_notes/examples/python/CuTeDSL/ampere/call_bypass_dlpack/call_bypass_dlpack_032_ExpandStridedMetadata.mlir (1221 lines)
[DUMP] 033_ArithToLLVMConversionPass -> /home/jayce.su/notes/dsl/cutlass_with_notes/examples/python/CuTeDSL/ampere/call_bypass_dlpack/call_bypass_dlpack_033_ArithToLLVMConversionPass.mlir (1221 lines)
[DUMP] 034_ConvertFastmathOps -> /home/jayce.su/notes/dsl/cutlass_with_notes/examples/python/CuTeDSL/ampere/call_bypass_dlpack/call_bypass_dlpack_034_ConvertFastmathOps.mlir (1003 lines)
[DUMP] 035_ConvertGpuOpsToNVVMOps -> /home/jayce.su/notes/dsl/cutlass_with_notes/examples/python/CuTeDSL/ampere/call_bypass_dlpack/call_bypass_dlpack_035_ConvertGpuOpsToNVVMOps.mlir (1003 lines)
[DUMP] 036_StoreGpuLaunchAttribute -> /home/jayce.su/notes/dsl/cutlass_with_notes/examples/python/CuTeDSL/ampere/call_bypass_dlpack/call_bypass_dlpack_036_StoreGpuLaunchAttribute.mlir (1221 lines)
[DUMP] 037_GpuToLLVMConversionPass -> /home/jayce.su/notes/dsl/cutlass_with_notes/examples/python/CuTeDSL/ampere/call_bypass_dlpack/call_bypass_dlpack_037_GpuToLLVMConversionPass.mlir (1221 lines)
[DUMP] 038_StoreGpuLaunchAttribute -> /home/jayce.su/notes/dsl/cutlass_with_notes/examples/python/CuTeDSL/ampere/call_bypass_dlpack/call_bypass_dlpack_038_StoreGpuLaunchAttribute.mlir (1221 lines)
[DUMP] 039_ConvertMathToLLVMPass -> /home/jayce.su/notes/dsl/cutlass_with_notes/examples/python/CuTeDSL/ampere/call_bypass_dlpack/call_bypass_dlpack_039_ConvertMathToLLVMPass.mlir (1221 lines)
[DUMP] 040_Canonicalizer -> /home/jayce.su/notes/dsl/cutlass_with_notes/examples/python/CuTeDSL/ampere/call_bypass_dlpack/call_bypass_dlpack_040_Canonicalizer.mlir (1221 lines)
[DUMP] 041_CSE -> /home/jayce.su/notes/dsl/cutlass_with_notes/examples/python/CuTeDSL/ampere/call_bypass_dlpack/call_bypass_dlpack_041_CSE.mlir (1221 lines)
[DUMP] 042_ReconcileUnrealizedCasts -> /home/jayce.su/notes/dsl/cutlass_with_notes/examples/python/CuTeDSL/ampere/call_bypass_dlpack/call_bypass_dlpack_042_ReconcileUnrealizedCasts.mlir (1221 lines)
[DUMP] 043_DIScopeForLLVMFuncOpPass -> /home/jayce.su/notes/dsl/cutlass_with_notes/examples/python/CuTeDSL/ampere/call_bypass_dlpack/call_bypass_dlpack_043_DIScopeForLLVMFuncOpPass.mlir (1221 lines)
[DUMP] 044_CudaToBinaryPass -> /home/jayce.su/notes/dsl/cutlass_with_notes/examples/python/CuTeDSL/ampere/call_bypass_dlpack/call_bypass_dlpack_044_CudaToBinaryPass.mlir (227 lines)
[DUMP] 045_ConvertToLLVMPass -> /home/jayce.su/notes/dsl/cutlass_with_notes/examples/python/CuTeDSL/ampere/call_bypass_dlpack/call_bypass_dlpack_045_ConvertToLLVMPass.mlir (397 lines)
[DUMP] 046_ReconcileUnrealizedCasts -> /home/jayce.su/notes/dsl/cutlass_with_notes/examples/python/CuTeDSL/ampere/call_bypass_dlpack/call_bypass_dlpack_046_ReconcileUnrealizedCasts.mlir (395 lines)
[DUMP] 047_CudaErrorHandlingPass -> /home/jayce.su/notes/dsl/cutlass_with_notes/examples/python/CuTeDSL/ampere/call_bypass_dlpack/call_bypass_dlpack_047_CudaErrorHandlingPass.mlir (402 lines)
[DUMP] per-pass IR split -> 47 files
[INFO] COMPILE-ONLY mode: skip JIT & execution completely.

[DSL INFO] Results verified successfully!
First few elements of result: 
tensor([[[-15.6875,  -0.6880,   2.9395],
         [ -6.8867,  -2.1914,  11.8516],
         [  5.1211,   5.0742,  17.5000]],

        [[ -4.2109,  -5.4727,  -5.2070],
         [ -0.4424,   4.2773,  -2.9316],
         [-10.9688,   2.2656, -17.2500]],

        [[-19.3906,  13.7656,  -7.0469],
         [  9.4922, -15.8516,  -3.7383],
         [  7.1367,   1.1553,  -7.6445]]], device='cuda:0',
       dtype=torch.float16)
