[INFO] Run tag: fmha
[INFO] Stdout mirrored to: /home/jayce.su/notes/dsl/cutlass_with_notes/examples/python/CuTeDSL/blackwell/fmha/fmha_stdout.log
[INFO] Stderr mirrored to: /home/jayce.su/notes/dsl/cutlass_with_notes/examples/python/CuTeDSL/blackwell/fmha/fmha_stderr.log
[INFO] Stdout IR slice saved to: /home/jayce.su/notes/dsl/cutlass_with_notes/examples/python/CuTeDSL/blackwell/fmha/fmha_0_with_loc.mlir
[INFO] Patched Compiler.compile -> compile_and_dump
[INFO] Patched CUDA runtime for COMPILE-ONLY mode (skip arch compatibility check)
[INFO] Patched HardwareInfo.get_max_active_clusters for COMPILE-ONLY mode
[INFO] cute_ir_dump_patch installed.
Running Blackwell SM100 FMHA test with:
  q_shape: (1, 256, 8, 128)
  k_shape: (1, 256, 8, 128)
  in_dtype: Float16
  out_dtype: Float16
  qk_acc_dtype: Float32
  pv_acc_dtype: Float32
  mma_tiler_mn: (128, 128)
  is_persistent: False
  is_causal: False
  bottom_right_align: False
  lse_calculation: False
  window_size: (-1, -1)
  scale_q: 1.0
  scale_k: 1.0
  scale_v: 1.0
  inv_scale_o: 1.0
  scale_softmax: 0.0
  tolerance: 0.1
  warmup_iterations: 0
  iterations: 1
  skip_ref_check: False
  use_cold_l2: False
Compiling kernel with cute.compile ...



[PATCH] hit Compiler.compile
[DUMP] 0_ -> /home/jayce.su/notes/dsl/cutlass_with_notes/examples/python/CuTeDSL/blackwell/fmha/fmha_0_.mlir (25544 lines)
[DUMP] 001_CuteRemoveStaticArgs -> /home/jayce.su/notes/dsl/cutlass_with_notes/examples/python/CuTeDSL/blackwell/fmha/fmha_001_CuteRemoveStaticArgs.mlir (25553 lines)
[DUMP] 002_MaterializeTmaMulticast -> /home/jayce.su/notes/dsl/cutlass_with_notes/examples/python/CuTeDSL/blackwell/fmha/fmha_002_MaterializeTmaMulticast.mlir (25553 lines)
[DUMP] 003_SoftwarePipelinePass -> /home/jayce.su/notes/dsl/cutlass_with_notes/examples/python/CuTeDSL/blackwell/fmha/fmha_003_SoftwarePipelinePass.mlir (25553 lines)
[DUMP] 004_CuteDesugar -> /home/jayce.su/notes/dsl/cutlass_with_notes/examples/python/CuTeDSL/blackwell/fmha/fmha_004_CuteDesugar.mlir (30691 lines)
[DUMP] 005_CuteExpandOps -> /home/jayce.su/notes/dsl/cutlass_with_notes/examples/python/CuTeDSL/blackwell/fmha/fmha_005_CuteExpandOps.mlir (33142 lines)
[DUMP] 006_CuteFoldStatic -> /home/jayce.su/notes/dsl/cutlass_with_notes/examples/python/CuTeDSL/blackwell/fmha/fmha_006_CuteFoldStatic.mlir (10800 lines)
[DUMP] 007_InsertRangeInformation -> /home/jayce.su/notes/dsl/cutlass_with_notes/examples/python/CuTeDSL/blackwell/fmha/fmha_007_InsertRangeInformation.mlir (10800 lines)
[DUMP] 008_Canonicalizer -> /home/jayce.su/notes/dsl/cutlass_with_notes/examples/python/CuTeDSL/blackwell/fmha/fmha_008_Canonicalizer.mlir (5629 lines)
[DUMP] 009_CSE -> /home/jayce.su/notes/dsl/cutlass_with_notes/examples/python/CuTeDSL/blackwell/fmha/fmha_009_CSE.mlir (5042 lines)
[DUMP] 010_LoopInvariantCodeMotion -> /home/jayce.su/notes/dsl/cutlass_with_notes/examples/python/CuTeDSL/blackwell/fmha/fmha_010_LoopInvariantCodeMotion.mlir (5042 lines)
[DUMP] 011_LoopVectorizePass -> /home/jayce.su/notes/dsl/cutlass_with_notes/examples/python/CuTeDSL/blackwell/fmha/fmha_011_LoopVectorizePass.mlir (5042 lines)
[DUMP] 012_EliminateUnnecessarySyncPass -> /home/jayce.su/notes/dsl/cutlass_with_notes/examples/python/CuTeDSL/blackwell/fmha/fmha_012_EliminateUnnecessarySyncPass.mlir (5042 lines)
[DUMP] 013_StrengthReductionPass -> /home/jayce.su/notes/dsl/cutlass_with_notes/examples/python/CuTeDSL/blackwell/fmha/fmha_013_StrengthReductionPass.mlir (5042 lines)
[DUMP] 014_ConvertVectorToSCF -> /home/jayce.su/notes/dsl/cutlass_with_notes/examples/python/CuTeDSL/blackwell/fmha/fmha_014_ConvertVectorToSCF.mlir (5042 lines)
[DUMP] 015_ConvertCuteTypesInScfOps -> /home/jayce.su/notes/dsl/cutlass_with_notes/examples/python/CuTeDSL/blackwell/fmha/fmha_015_ConvertCuteTypesInScfOps.mlir (5064 lines)
[DUMP] 016_SCFToControlFlow -> /home/jayce.su/notes/dsl/cutlass_with_notes/examples/python/CuTeDSL/blackwell/fmha/fmha_016_SCFToControlFlow.mlir (5370 lines)
[DUMP] 017_ArithExpandOpsPass -> /home/jayce.su/notes/dsl/cutlass_with_notes/examples/python/CuTeDSL/blackwell/fmha/fmha_017_ArithExpandOpsPass.mlir (5642 lines)
[DUMP] 018_ConvertMathToFuncs -> /home/jayce.su/notes/dsl/cutlass_with_notes/examples/python/CuTeDSL/blackwell/fmha/fmha_018_ConvertMathToFuncs.mlir (5642 lines)
[DUMP] 019_GpuLaunchSinkIndexComputations -> /home/jayce.su/notes/dsl/cutlass_with_notes/examples/python/CuTeDSL/blackwell/fmha/fmha_019_GpuLaunchSinkIndexComputations.mlir (5642 lines)
[DUMP] 020_ConvertToLLVMPass -> /home/jayce.su/notes/dsl/cutlass_with_notes/examples/python/CuTeDSL/blackwell/fmha/fmha_020_ConvertToLLVMPass.mlir (12558 lines)
[DUMP] 021_ReconcileUnrealizedCasts -> /home/jayce.su/notes/dsl/cutlass_with_notes/examples/python/CuTeDSL/blackwell/fmha/fmha_021_ReconcileUnrealizedCasts.mlir (12202 lines)
[DUMP] 022_GpuKernelOutlining -> /home/jayce.su/notes/dsl/cutlass_with_notes/examples/python/CuTeDSL/blackwell/fmha/fmha_022_GpuKernelOutlining.mlir (12202 lines)
[DUMP] 023_SCFToControlFlow -> /home/jayce.su/notes/dsl/cutlass_with_notes/examples/python/CuTeDSL/blackwell/fmha/fmha_023_SCFToControlFlow.mlir (12202 lines)
[DUMP] 024_ReconcileUnrealizedCasts -> /home/jayce.su/notes/dsl/cutlass_with_notes/examples/python/CuTeDSL/blackwell/fmha/fmha_024_ReconcileUnrealizedCasts.mlir (12202 lines)
[DUMP] 025_ConvertToLLVMPass -> /home/jayce.su/notes/dsl/cutlass_with_notes/examples/python/CuTeDSL/blackwell/fmha/fmha_025_ConvertToLLVMPass.mlir (12202 lines)
[DUMP] 026_Canonicalizer -> /home/jayce.su/notes/dsl/cutlass_with_notes/examples/python/CuTeDSL/blackwell/fmha/fmha_026_Canonicalizer.mlir (7077 lines)
[DUMP] 027_CSE -> /home/jayce.su/notes/dsl/cutlass_with_notes/examples/python/CuTeDSL/blackwell/fmha/fmha_027_CSE.mlir (6861 lines)
[DUMP] 028_ConvertVectorToLLVMPass -> /home/jayce.su/notes/dsl/cutlass_with_notes/examples/python/CuTeDSL/blackwell/fmha/fmha_028_ConvertVectorToLLVMPass.mlir (9559 lines)
[DUMP] 029_ConvertNVVMToLLVMPass -> /home/jayce.su/notes/dsl/cutlass_with_notes/examples/python/CuTeDSL/blackwell/fmha/fmha_029_ConvertNVVMToLLVMPass.mlir (9569 lines)
[DUMP] 030_CudaComputeTargetPass -> /home/jayce.su/notes/dsl/cutlass_with_notes/examples/python/CuTeDSL/blackwell/fmha/fmha_030_CudaComputeTargetPass.mlir (8906 lines)
[DUMP] 031_FinalizeMemRefToLLVMConversionPass -> /home/jayce.su/notes/dsl/cutlass_with_notes/examples/python/CuTeDSL/blackwell/fmha/fmha_031_FinalizeMemRefToLLVMConversionPass.mlir (9569 lines)
[DUMP] 032_ExpandStridedMetadata -> /home/jayce.su/notes/dsl/cutlass_with_notes/examples/python/CuTeDSL/blackwell/fmha/fmha_032_ExpandStridedMetadata.mlir (7398 lines)
[DUMP] 033_ArithToLLVMConversionPass -> /home/jayce.su/notes/dsl/cutlass_with_notes/examples/python/CuTeDSL/blackwell/fmha/fmha_033_ArithToLLVMConversionPass.mlir (7398 lines)
[DUMP] 034_StripDebugInfo -> /home/jayce.su/notes/dsl/cutlass_with_notes/examples/python/CuTeDSL/blackwell/fmha/fmha_034_StripDebugInfo.mlir (6735 lines)
[DUMP] 035_ConvertFastmathOps -> /home/jayce.su/notes/dsl/cutlass_with_notes/examples/python/CuTeDSL/blackwell/fmha/fmha_035_ConvertFastmathOps.mlir (6735 lines)
[DUMP] 036_ConvertGpuOpsToNVVMOps -> /home/jayce.su/notes/dsl/cutlass_with_notes/examples/python/CuTeDSL/blackwell/fmha/fmha_036_ConvertGpuOpsToNVVMOps.mlir (6735 lines)
[DUMP] 037_StoreGpuLaunchAttribute -> /home/jayce.su/notes/dsl/cutlass_with_notes/examples/python/CuTeDSL/blackwell/fmha/fmha_037_StoreGpuLaunchAttribute.mlir (7398 lines)
[DUMP] 038_GpuToLLVMConversionPass -> /home/jayce.su/notes/dsl/cutlass_with_notes/examples/python/CuTeDSL/blackwell/fmha/fmha_038_GpuToLLVMConversionPass.mlir (7398 lines)
[DUMP] 039_StoreGpuLaunchAttribute -> /home/jayce.su/notes/dsl/cutlass_with_notes/examples/python/CuTeDSL/blackwell/fmha/fmha_039_StoreGpuLaunchAttribute.mlir (7398 lines)
[DUMP] 040_ConvertMathToLLVMPass -> /home/jayce.su/notes/dsl/cutlass_with_notes/examples/python/CuTeDSL/blackwell/fmha/fmha_040_ConvertMathToLLVMPass.mlir (7398 lines)
[DUMP] 041_Canonicalizer -> /home/jayce.su/notes/dsl/cutlass_with_notes/examples/python/CuTeDSL/blackwell/fmha/fmha_041_Canonicalizer.mlir (7398 lines)
[DUMP] 042_CSE -> /home/jayce.su/notes/dsl/cutlass_with_notes/examples/python/CuTeDSL/blackwell/fmha/fmha_042_CSE.mlir (7398 lines)
[DUMP] 043_ReconcileUnrealizedCasts -> /home/jayce.su/notes/dsl/cutlass_with_notes/examples/python/CuTeDSL/blackwell/fmha/fmha_043_ReconcileUnrealizedCasts.mlir (7398 lines)
[DUMP] 044_CudaToBinaryPass -> /home/jayce.su/notes/dsl/cutlass_with_notes/examples/python/CuTeDSL/blackwell/fmha/fmha_044_CudaToBinaryPass.mlir (670 lines)
[DUMP] 045_ConvertToLLVMPass -> /home/jayce.su/notes/dsl/cutlass_with_notes/examples/python/CuTeDSL/blackwell/fmha/fmha_045_ConvertToLLVMPass.mlir (900 lines)
[DUMP] 046_ReconcileUnrealizedCasts -> /home/jayce.su/notes/dsl/cutlass_with_notes/examples/python/CuTeDSL/blackwell/fmha/fmha_046_ReconcileUnrealizedCasts.mlir (898 lines)
[DUMP] 047_CudaErrorHandlingPass -> /home/jayce.su/notes/dsl/cutlass_with_notes/examples/python/CuTeDSL/blackwell/fmha/fmha_047_CudaErrorHandlingPass.mlir (905 lines)
[DUMP] per-pass IR split -> 47 files
[INFO] COMPILE-ONLY mode: skip JIT & execution completely.
Compilation time: 128.3095 seconds
