[INFO] Run tag: fp16_gemm_1
[INFO] Stdout mirrored to: /home/jayce.su/notes/dsl/cutlass_with_notes/examples/python/CuTeDSL/blackwell/tutorial_gemm/fp16_gemm_1/fp16_gemm_1_stdout.log
[INFO] Stderr mirrored to: /home/jayce.su/notes/dsl/cutlass_with_notes/examples/python/CuTeDSL/blackwell/tutorial_gemm/fp16_gemm_1/fp16_gemm_1_stderr.log
[INFO] Stdout IR slice saved to: /home/jayce.su/notes/dsl/cutlass_with_notes/examples/python/CuTeDSL/blackwell/tutorial_gemm/fp16_gemm_1/fp16_gemm_1_0_with_loc.mlir
[INFO] Patched Compiler.compile -> compile_and_dump
[INFO] Patched CUDA runtime for COMPILE-ONLY mode (skip arch compatibility check)
[INFO] Patched HardwareInfo.get_max_active_clusters for COMPILE-ONLY mode
[INFO] cute_ir_dump_patch installed.
===================================================================
Running Blackwell fp16 GEMM example 1 with:
  mnk:       [8192, 8192, 8192]
  tolerance: 0.1
===================================================================




[PATCH] hit Compiler.compile
[DUMP] 0_ -> /home/jayce.su/notes/dsl/cutlass_with_notes/examples/python/CuTeDSL/blackwell/tutorial_gemm/fp16_gemm_1/fp16_gemm_1_0_.mlir (1738 lines)
[DUMP] 001_CuteRemoveStaticArgs -> /home/jayce.su/notes/dsl/cutlass_with_notes/examples/python/CuTeDSL/blackwell/tutorial_gemm/fp16_gemm_1/fp16_gemm_1_001_CuteRemoveStaticArgs.mlir (1743 lines)
[DUMP] 002_MaterializeTmaMulticast -> /home/jayce.su/notes/dsl/cutlass_with_notes/examples/python/CuTeDSL/blackwell/tutorial_gemm/fp16_gemm_1/fp16_gemm_1_002_MaterializeTmaMulticast.mlir (1743 lines)
[DUMP] 003_SoftwarePipelinePass -> /home/jayce.su/notes/dsl/cutlass_with_notes/examples/python/CuTeDSL/blackwell/tutorial_gemm/fp16_gemm_1/fp16_gemm_1_003_SoftwarePipelinePass.mlir (1632 lines)
[DUMP] 004_CuteDesugar -> /home/jayce.su/notes/dsl/cutlass_with_notes/examples/python/CuTeDSL/blackwell/tutorial_gemm/fp16_gemm_1/fp16_gemm_1_004_CuteDesugar.mlir (2183 lines)
[DUMP] 005_CuteExpandOps -> /home/jayce.su/notes/dsl/cutlass_with_notes/examples/python/CuTeDSL/blackwell/tutorial_gemm/fp16_gemm_1/fp16_gemm_1_005_CuteExpandOps.mlir (2972 lines)
[DUMP] 006_CuteFoldStatic -> /home/jayce.su/notes/dsl/cutlass_with_notes/examples/python/CuTeDSL/blackwell/tutorial_gemm/fp16_gemm_1/fp16_gemm_1_006_CuteFoldStatic.mlir (2004 lines)
[DUMP] 007_InsertRangeInformation -> /home/jayce.su/notes/dsl/cutlass_with_notes/examples/python/CuTeDSL/blackwell/tutorial_gemm/fp16_gemm_1/fp16_gemm_1_007_InsertRangeInformation.mlir (2004 lines)
[DUMP] 008_Canonicalizer -> /home/jayce.su/notes/dsl/cutlass_with_notes/examples/python/CuTeDSL/blackwell/tutorial_gemm/fp16_gemm_1/fp16_gemm_1_008_Canonicalizer.mlir (1129 lines)
[DUMP] 009_CSE -> /home/jayce.su/notes/dsl/cutlass_with_notes/examples/python/CuTeDSL/blackwell/tutorial_gemm/fp16_gemm_1/fp16_gemm_1_009_CSE.mlir (941 lines)
[DUMP] 010_LoopInvariantCodeMotion -> /home/jayce.su/notes/dsl/cutlass_with_notes/examples/python/CuTeDSL/blackwell/tutorial_gemm/fp16_gemm_1/fp16_gemm_1_010_LoopInvariantCodeMotion.mlir (941 lines)
[DUMP] 011_LoopVectorizePass -> /home/jayce.su/notes/dsl/cutlass_with_notes/examples/python/CuTeDSL/blackwell/tutorial_gemm/fp16_gemm_1/fp16_gemm_1_011_LoopVectorizePass.mlir (941 lines)
[DUMP] 012_EliminateUnnecessarySyncPass -> /home/jayce.su/notes/dsl/cutlass_with_notes/examples/python/CuTeDSL/blackwell/tutorial_gemm/fp16_gemm_1/fp16_gemm_1_012_EliminateUnnecessarySyncPass.mlir (941 lines)
[DUMP] 013_StrengthReductionPass -> /home/jayce.su/notes/dsl/cutlass_with_notes/examples/python/CuTeDSL/blackwell/tutorial_gemm/fp16_gemm_1/fp16_gemm_1_013_StrengthReductionPass.mlir (941 lines)
[DUMP] 014_ConvertVectorToSCF -> /home/jayce.su/notes/dsl/cutlass_with_notes/examples/python/CuTeDSL/blackwell/tutorial_gemm/fp16_gemm_1/fp16_gemm_1_014_ConvertVectorToSCF.mlir (941 lines)
[DUMP] 015_ConvertCuteTypesInScfOps -> /home/jayce.su/notes/dsl/cutlass_with_notes/examples/python/CuTeDSL/blackwell/tutorial_gemm/fp16_gemm_1/fp16_gemm_1_015_ConvertCuteTypesInScfOps.mlir (944 lines)
[DUMP] 016_SCFToControlFlow -> /home/jayce.su/notes/dsl/cutlass_with_notes/examples/python/CuTeDSL/blackwell/tutorial_gemm/fp16_gemm_1/fp16_gemm_1_016_SCFToControlFlow.mlir (996 lines)
[DUMP] 017_ArithExpandOpsPass -> /home/jayce.su/notes/dsl/cutlass_with_notes/examples/python/CuTeDSL/blackwell/tutorial_gemm/fp16_gemm_1/fp16_gemm_1_017_ArithExpandOpsPass.mlir (1171 lines)
[DUMP] 018_ConvertMathToFuncs -> /home/jayce.su/notes/dsl/cutlass_with_notes/examples/python/CuTeDSL/blackwell/tutorial_gemm/fp16_gemm_1/fp16_gemm_1_018_ConvertMathToFuncs.mlir (1171 lines)
[DUMP] 019_GpuLaunchSinkIndexComputations -> /home/jayce.su/notes/dsl/cutlass_with_notes/examples/python/CuTeDSL/blackwell/tutorial_gemm/fp16_gemm_1/fp16_gemm_1_019_GpuLaunchSinkIndexComputations.mlir (1171 lines)
[DUMP] 020_ConvertToLLVMPass -> /home/jayce.su/notes/dsl/cutlass_with_notes/examples/python/CuTeDSL/blackwell/tutorial_gemm/fp16_gemm_1/fp16_gemm_1_020_ConvertToLLVMPass.mlir (1658 lines)
[DUMP] 021_ReconcileUnrealizedCasts -> /home/jayce.su/notes/dsl/cutlass_with_notes/examples/python/CuTeDSL/blackwell/tutorial_gemm/fp16_gemm_1/fp16_gemm_1_021_ReconcileUnrealizedCasts.mlir (1591 lines)
[DUMP] 022_GpuKernelOutlining -> /home/jayce.su/notes/dsl/cutlass_with_notes/examples/python/CuTeDSL/blackwell/tutorial_gemm/fp16_gemm_1/fp16_gemm_1_022_GpuKernelOutlining.mlir (1591 lines)
[DUMP] 023_SCFToControlFlow -> /home/jayce.su/notes/dsl/cutlass_with_notes/examples/python/CuTeDSL/blackwell/tutorial_gemm/fp16_gemm_1/fp16_gemm_1_023_SCFToControlFlow.mlir (1591 lines)
[DUMP] 024_ReconcileUnrealizedCasts -> /home/jayce.su/notes/dsl/cutlass_with_notes/examples/python/CuTeDSL/blackwell/tutorial_gemm/fp16_gemm_1/fp16_gemm_1_024_ReconcileUnrealizedCasts.mlir (1591 lines)
[DUMP] 025_ConvertToLLVMPass -> /home/jayce.su/notes/dsl/cutlass_with_notes/examples/python/CuTeDSL/blackwell/tutorial_gemm/fp16_gemm_1/fp16_gemm_1_025_ConvertToLLVMPass.mlir (1591 lines)
[DUMP] 026_Canonicalizer -> /home/jayce.su/notes/dsl/cutlass_with_notes/examples/python/CuTeDSL/blackwell/tutorial_gemm/fp16_gemm_1/fp16_gemm_1_026_Canonicalizer.mlir (1146 lines)
[DUMP] 027_CSE -> /home/jayce.su/notes/dsl/cutlass_with_notes/examples/python/CuTeDSL/blackwell/tutorial_gemm/fp16_gemm_1/fp16_gemm_1_027_CSE.mlir (1099 lines)
[DUMP] 028_ConvertVectorToLLVMPass -> /home/jayce.su/notes/dsl/cutlass_with_notes/examples/python/CuTeDSL/blackwell/tutorial_gemm/fp16_gemm_1/fp16_gemm_1_028_ConvertVectorToLLVMPass.mlir (1081 lines)
[DUMP] 029_ConvertNVVMToLLVMPass -> /home/jayce.su/notes/dsl/cutlass_with_notes/examples/python/CuTeDSL/blackwell/tutorial_gemm/fp16_gemm_1/fp16_gemm_1_029_ConvertNVVMToLLVMPass.mlir (1084 lines)
[DUMP] 030_CudaComputeTargetPass -> /home/jayce.su/notes/dsl/cutlass_with_notes/examples/python/CuTeDSL/blackwell/tutorial_gemm/fp16_gemm_1/fp16_gemm_1_030_CudaComputeTargetPass.mlir (690 lines)
[DUMP] 031_FinalizeMemRefToLLVMConversionPass -> /home/jayce.su/notes/dsl/cutlass_with_notes/examples/python/CuTeDSL/blackwell/tutorial_gemm/fp16_gemm_1/fp16_gemm_1_031_FinalizeMemRefToLLVMConversionPass.mlir (1084 lines)
[DUMP] 032_ExpandStridedMetadata -> /home/jayce.su/notes/dsl/cutlass_with_notes/examples/python/CuTeDSL/blackwell/tutorial_gemm/fp16_gemm_1/fp16_gemm_1_032_ExpandStridedMetadata.mlir (1081 lines)
[DUMP] 033_ArithToLLVMConversionPass -> /home/jayce.su/notes/dsl/cutlass_with_notes/examples/python/CuTeDSL/blackwell/tutorial_gemm/fp16_gemm_1/fp16_gemm_1_033_ArithToLLVMConversionPass.mlir (1081 lines)
[DUMP] 034_StripDebugInfo -> /home/jayce.su/notes/dsl/cutlass_with_notes/examples/python/CuTeDSL/blackwell/tutorial_gemm/fp16_gemm_1/fp16_gemm_1_034_StripDebugInfo.mlir (687 lines)
[DUMP] 035_ConvertFastmathOps -> /home/jayce.su/notes/dsl/cutlass_with_notes/examples/python/CuTeDSL/blackwell/tutorial_gemm/fp16_gemm_1/fp16_gemm_1_035_ConvertFastmathOps.mlir (687 lines)
[DUMP] 036_ConvertGpuOpsToNVVMOps -> /home/jayce.su/notes/dsl/cutlass_with_notes/examples/python/CuTeDSL/blackwell/tutorial_gemm/fp16_gemm_1/fp16_gemm_1_036_ConvertGpuOpsToNVVMOps.mlir (687 lines)
[DUMP] 037_StoreGpuLaunchAttribute -> /home/jayce.su/notes/dsl/cutlass_with_notes/examples/python/CuTeDSL/blackwell/tutorial_gemm/fp16_gemm_1/fp16_gemm_1_037_StoreGpuLaunchAttribute.mlir (1081 lines)
[DUMP] 038_GpuToLLVMConversionPass -> /home/jayce.su/notes/dsl/cutlass_with_notes/examples/python/CuTeDSL/blackwell/tutorial_gemm/fp16_gemm_1/fp16_gemm_1_038_GpuToLLVMConversionPass.mlir (1081 lines)
[DUMP] 039_StoreGpuLaunchAttribute -> /home/jayce.su/notes/dsl/cutlass_with_notes/examples/python/CuTeDSL/blackwell/tutorial_gemm/fp16_gemm_1/fp16_gemm_1_039_StoreGpuLaunchAttribute.mlir (1081 lines)
[DUMP] 040_ConvertMathToLLVMPass -> /home/jayce.su/notes/dsl/cutlass_with_notes/examples/python/CuTeDSL/blackwell/tutorial_gemm/fp16_gemm_1/fp16_gemm_1_040_ConvertMathToLLVMPass.mlir (1081 lines)
[DUMP] 041_Canonicalizer -> /home/jayce.su/notes/dsl/cutlass_with_notes/examples/python/CuTeDSL/blackwell/tutorial_gemm/fp16_gemm_1/fp16_gemm_1_041_Canonicalizer.mlir (1081 lines)
[DUMP] 042_CSE -> /home/jayce.su/notes/dsl/cutlass_with_notes/examples/python/CuTeDSL/blackwell/tutorial_gemm/fp16_gemm_1/fp16_gemm_1_042_CSE.mlir (1081 lines)
[DUMP] 043_ReconcileUnrealizedCasts -> /home/jayce.su/notes/dsl/cutlass_with_notes/examples/python/CuTeDSL/blackwell/tutorial_gemm/fp16_gemm_1/fp16_gemm_1_043_ReconcileUnrealizedCasts.mlir (1081 lines)
[DUMP] 044_CudaToBinaryPass -> /home/jayce.su/notes/dsl/cutlass_with_notes/examples/python/CuTeDSL/blackwell/tutorial_gemm/fp16_gemm_1/fp16_gemm_1_044_CudaToBinaryPass.mlir (405 lines)
[DUMP] 045_ConvertToLLVMPass -> /home/jayce.su/notes/dsl/cutlass_with_notes/examples/python/CuTeDSL/blackwell/tutorial_gemm/fp16_gemm_1/fp16_gemm_1_045_ConvertToLLVMPass.mlir (585 lines)
[DUMP] 046_ReconcileUnrealizedCasts -> /home/jayce.su/notes/dsl/cutlass_with_notes/examples/python/CuTeDSL/blackwell/tutorial_gemm/fp16_gemm_1/fp16_gemm_1_046_ReconcileUnrealizedCasts.mlir (583 lines)
[DUMP] 047_CudaErrorHandlingPass -> /home/jayce.su/notes/dsl/cutlass_with_notes/examples/python/CuTeDSL/blackwell/tutorial_gemm/fp16_gemm_1/fp16_gemm_1_047_CudaErrorHandlingPass.mlir (590 lines)
[DUMP] per-pass IR split -> 47 files
[INFO] COMPILE-ONLY mode: skip JIT & execution completely.
