[INFO] Run tag: blockwise_gemm
[INFO] Stdout mirrored to: /home/jayce.su/notes/dsl/cutlass_with_notes/examples/python/CuTeDSL/blackwell/blockwise_gemm/blockwise_gemm/blockwise_gemm_stdout.log
[INFO] Stderr mirrored to: /home/jayce.su/notes/dsl/cutlass_with_notes/examples/python/CuTeDSL/blackwell/blockwise_gemm/blockwise_gemm/blockwise_gemm_stderr.log
[INFO] Stdout IR slice saved to: /home/jayce.su/notes/dsl/cutlass_with_notes/examples/python/CuTeDSL/blackwell/blockwise_gemm/blockwise_gemm/blockwise_gemm_0_with_loc.mlir
[INFO] Patched Compiler.compile -> compile_and_dump
[INFO] Patched CUDA runtime for COMPILE-ONLY mode (skip arch compatibility check)
[INFO] Patched HardwareInfo.get_max_active_clusters for COMPILE-ONLY mode
[INFO] cute_ir_dump_patch installed.
Running Blackwell Persistent Dense Blockwise GEMM test with:
mnkl: (256, 256, 512, 1)
AB dtype: Float8E4M3FN, C dtype: BFloat16, Acc dtype: Float32, Scale dtype: Float32
Matrix majors - A: k, B: k, C: n
Mma Tiler (M, N): (128, 128), Cluster Shape (M, N): (1, 1)
2CTA MMA instructions: False
Use TMA Store: True
Tolerance: 0.1
Warmup iterations: 0
Iterations: 1
Skip reference checking: False



[PATCH] hit Compiler.compile
[DUMP] 0_ -> /home/jayce.su/notes/dsl/cutlass_with_notes/examples/python/CuTeDSL/blackwell/blockwise_gemm/blockwise_gemm/blockwise_gemm_0_.mlir (359 lines)
[DUMP] 001_CuteRemoveStaticArgs -> /home/jayce.su/notes/dsl/cutlass_with_notes/examples/python/CuTeDSL/blackwell/blockwise_gemm/blockwise_gemm/blockwise_gemm_001_CuteRemoveStaticArgs.mlir (361 lines)
[DUMP] 002_MaterializeTmaMulticast -> /home/jayce.su/notes/dsl/cutlass_with_notes/examples/python/CuTeDSL/blackwell/blockwise_gemm/blockwise_gemm/blockwise_gemm_002_MaterializeTmaMulticast.mlir (361 lines)
[DUMP] 003_SoftwarePipelinePass -> /home/jayce.su/notes/dsl/cutlass_with_notes/examples/python/CuTeDSL/blackwell/blockwise_gemm/blockwise_gemm/blockwise_gemm_003_SoftwarePipelinePass.mlir (361 lines)
[DUMP] 004_CuteDesugar -> /home/jayce.su/notes/dsl/cutlass_with_notes/examples/python/CuTeDSL/blackwell/blockwise_gemm/blockwise_gemm/blockwise_gemm_004_CuteDesugar.mlir (481 lines)
[DUMP] 005_CuteExpandOps -> /home/jayce.su/notes/dsl/cutlass_with_notes/examples/python/CuTeDSL/blackwell/blockwise_gemm/blockwise_gemm/blockwise_gemm_005_CuteExpandOps.mlir (554 lines)
[DUMP] 006_CuteFoldStatic -> /home/jayce.su/notes/dsl/cutlass_with_notes/examples/python/CuTeDSL/blackwell/blockwise_gemm/blockwise_gemm/blockwise_gemm_006_CuteFoldStatic.mlir (296 lines)
[DUMP] 007_InsertRangeInformation -> /home/jayce.su/notes/dsl/cutlass_with_notes/examples/python/CuTeDSL/blackwell/blockwise_gemm/blockwise_gemm/blockwise_gemm_007_InsertRangeInformation.mlir (296 lines)
[DUMP] 008_Canonicalizer -> /home/jayce.su/notes/dsl/cutlass_with_notes/examples/python/CuTeDSL/blackwell/blockwise_gemm/blockwise_gemm/blockwise_gemm_008_Canonicalizer.mlir (172 lines)
[DUMP] 009_CSE -> /home/jayce.su/notes/dsl/cutlass_with_notes/examples/python/CuTeDSL/blackwell/blockwise_gemm/blockwise_gemm/blockwise_gemm_009_CSE.mlir (160 lines)
[DUMP] 010_LoopInvariantCodeMotion -> /home/jayce.su/notes/dsl/cutlass_with_notes/examples/python/CuTeDSL/blackwell/blockwise_gemm/blockwise_gemm/blockwise_gemm_010_LoopInvariantCodeMotion.mlir (160 lines)
[DUMP] 011_LoopVectorizePass -> /home/jayce.su/notes/dsl/cutlass_with_notes/examples/python/CuTeDSL/blackwell/blockwise_gemm/blockwise_gemm/blockwise_gemm_011_LoopVectorizePass.mlir (160 lines)
[DUMP] 012_EliminateUnnecessarySyncPass -> /home/jayce.su/notes/dsl/cutlass_with_notes/examples/python/CuTeDSL/blackwell/blockwise_gemm/blockwise_gemm/blockwise_gemm_012_EliminateUnnecessarySyncPass.mlir (160 lines)
[DUMP] 013_StrengthReductionPass -> /home/jayce.su/notes/dsl/cutlass_with_notes/examples/python/CuTeDSL/blackwell/blockwise_gemm/blockwise_gemm/blockwise_gemm_013_StrengthReductionPass.mlir (160 lines)
[DUMP] 014_ConvertVectorToSCF -> /home/jayce.su/notes/dsl/cutlass_with_notes/examples/python/CuTeDSL/blackwell/blockwise_gemm/blockwise_gemm/blockwise_gemm_014_ConvertVectorToSCF.mlir (160 lines)
[DUMP] 015_ConvertCuteTypesInScfOps -> /home/jayce.su/notes/dsl/cutlass_with_notes/examples/python/CuTeDSL/blackwell/blockwise_gemm/blockwise_gemm/blockwise_gemm_015_ConvertCuteTypesInScfOps.mlir (160 lines)
[DUMP] 016_SCFToControlFlow -> /home/jayce.su/notes/dsl/cutlass_with_notes/examples/python/CuTeDSL/blackwell/blockwise_gemm/blockwise_gemm/blockwise_gemm_016_SCFToControlFlow.mlir (160 lines)
[DUMP] 017_ArithExpandOpsPass -> /home/jayce.su/notes/dsl/cutlass_with_notes/examples/python/CuTeDSL/blackwell/blockwise_gemm/blockwise_gemm/blockwise_gemm_017_ArithExpandOpsPass.mlir (214 lines)
[DUMP] 018_ConvertMathToFuncs -> /home/jayce.su/notes/dsl/cutlass_with_notes/examples/python/CuTeDSL/blackwell/blockwise_gemm/blockwise_gemm/blockwise_gemm_018_ConvertMathToFuncs.mlir (214 lines)
[DUMP] 019_GpuLaunchSinkIndexComputations -> /home/jayce.su/notes/dsl/cutlass_with_notes/examples/python/CuTeDSL/blackwell/blockwise_gemm/blockwise_gemm/blockwise_gemm_019_GpuLaunchSinkIndexComputations.mlir (214 lines)
[DUMP] 020_ConvertToLLVMPass -> /home/jayce.su/notes/dsl/cutlass_with_notes/examples/python/CuTeDSL/blackwell/blockwise_gemm/blockwise_gemm/blockwise_gemm_020_ConvertToLLVMPass.mlir (536 lines)
[DUMP] 021_ReconcileUnrealizedCasts -> /home/jayce.su/notes/dsl/cutlass_with_notes/examples/python/CuTeDSL/blackwell/blockwise_gemm/blockwise_gemm/blockwise_gemm_021_ReconcileUnrealizedCasts.mlir (504 lines)
[DUMP] 022_GpuKernelOutlining -> /home/jayce.su/notes/dsl/cutlass_with_notes/examples/python/CuTeDSL/blackwell/blockwise_gemm/blockwise_gemm/blockwise_gemm_022_GpuKernelOutlining.mlir (504 lines)
[DUMP] 023_SCFToControlFlow -> /home/jayce.su/notes/dsl/cutlass_with_notes/examples/python/CuTeDSL/blackwell/blockwise_gemm/blockwise_gemm/blockwise_gemm_023_SCFToControlFlow.mlir (504 lines)
[DUMP] 024_ReconcileUnrealizedCasts -> /home/jayce.su/notes/dsl/cutlass_with_notes/examples/python/CuTeDSL/blackwell/blockwise_gemm/blockwise_gemm/blockwise_gemm_024_ReconcileUnrealizedCasts.mlir (504 lines)
[DUMP] 025_ConvertToLLVMPass -> /home/jayce.su/notes/dsl/cutlass_with_notes/examples/python/CuTeDSL/blackwell/blockwise_gemm/blockwise_gemm/blockwise_gemm_025_ConvertToLLVMPass.mlir (504 lines)
[DUMP] 026_Canonicalizer -> /home/jayce.su/notes/dsl/cutlass_with_notes/examples/python/CuTeDSL/blackwell/blockwise_gemm/blockwise_gemm/blockwise_gemm_026_Canonicalizer.mlir (370 lines)
[DUMP] 027_CSE -> /home/jayce.su/notes/dsl/cutlass_with_notes/examples/python/CuTeDSL/blackwell/blockwise_gemm/blockwise_gemm/blockwise_gemm_027_CSE.mlir (365 lines)
[DUMP] 028_ConvertVectorToLLVMPass -> /home/jayce.su/notes/dsl/cutlass_with_notes/examples/python/CuTeDSL/blackwell/blockwise_gemm/blockwise_gemm/blockwise_gemm_028_ConvertVectorToLLVMPass.mlir (359 lines)
[DUMP] 029_ConvertNVVMToLLVMPass -> /home/jayce.su/notes/dsl/cutlass_with_notes/examples/python/CuTeDSL/blackwell/blockwise_gemm/blockwise_gemm/blockwise_gemm_029_ConvertNVVMToLLVMPass.mlir (359 lines)
[DUMP] 030_CudaComputeTargetPass -> /home/jayce.su/notes/dsl/cutlass_with_notes/examples/python/CuTeDSL/blackwell/blockwise_gemm/blockwise_gemm/blockwise_gemm_030_CudaComputeTargetPass.mlir (130 lines)
[DUMP] 031_FinalizeMemRefToLLVMConversionPass -> /home/jayce.su/notes/dsl/cutlass_with_notes/examples/python/CuTeDSL/blackwell/blockwise_gemm/blockwise_gemm/blockwise_gemm_031_FinalizeMemRefToLLVMConversionPass.mlir (359 lines)
[DUMP] 032_ExpandStridedMetadata -> /home/jayce.su/notes/dsl/cutlass_with_notes/examples/python/CuTeDSL/blackwell/blockwise_gemm/blockwise_gemm/blockwise_gemm_032_ExpandStridedMetadata.mlir (359 lines)
[DUMP] 033_ArithToLLVMConversionPass -> /home/jayce.su/notes/dsl/cutlass_with_notes/examples/python/CuTeDSL/blackwell/blockwise_gemm/blockwise_gemm/blockwise_gemm_033_ArithToLLVMConversionPass.mlir (359 lines)
[DUMP] 034_ConvertFastmathOps -> /home/jayce.su/notes/dsl/cutlass_with_notes/examples/python/CuTeDSL/blackwell/blockwise_gemm/blockwise_gemm/blockwise_gemm_034_ConvertFastmathOps.mlir (130 lines)
[DUMP] 035_ConvertGpuOpsToNVVMOps -> /home/jayce.su/notes/dsl/cutlass_with_notes/examples/python/CuTeDSL/blackwell/blockwise_gemm/blockwise_gemm/blockwise_gemm_035_ConvertGpuOpsToNVVMOps.mlir (130 lines)
[DUMP] 036_StoreGpuLaunchAttribute -> /home/jayce.su/notes/dsl/cutlass_with_notes/examples/python/CuTeDSL/blackwell/blockwise_gemm/blockwise_gemm/blockwise_gemm_036_StoreGpuLaunchAttribute.mlir (359 lines)
[DUMP] 037_GpuToLLVMConversionPass -> /home/jayce.su/notes/dsl/cutlass_with_notes/examples/python/CuTeDSL/blackwell/blockwise_gemm/blockwise_gemm/blockwise_gemm_037_GpuToLLVMConversionPass.mlir (359 lines)
[DUMP] 038_StoreGpuLaunchAttribute -> /home/jayce.su/notes/dsl/cutlass_with_notes/examples/python/CuTeDSL/blackwell/blockwise_gemm/blockwise_gemm/blockwise_gemm_038_StoreGpuLaunchAttribute.mlir (359 lines)
[DUMP] 039_ConvertMathToLLVMPass -> /home/jayce.su/notes/dsl/cutlass_with_notes/examples/python/CuTeDSL/blackwell/blockwise_gemm/blockwise_gemm/blockwise_gemm_039_ConvertMathToLLVMPass.mlir (359 lines)
[DUMP] 040_Canonicalizer -> /home/jayce.su/notes/dsl/cutlass_with_notes/examples/python/CuTeDSL/blackwell/blockwise_gemm/blockwise_gemm/blockwise_gemm_040_Canonicalizer.mlir (359 lines)
[DUMP] 041_CSE -> /home/jayce.su/notes/dsl/cutlass_with_notes/examples/python/CuTeDSL/blackwell/blockwise_gemm/blockwise_gemm/blockwise_gemm_041_CSE.mlir (359 lines)
[DUMP] 042_ReconcileUnrealizedCasts -> /home/jayce.su/notes/dsl/cutlass_with_notes/examples/python/CuTeDSL/blackwell/blockwise_gemm/blockwise_gemm/blockwise_gemm_042_ReconcileUnrealizedCasts.mlir (359 lines)
[DUMP] 043_DIScopeForLLVMFuncOpPass -> /home/jayce.su/notes/dsl/cutlass_with_notes/examples/python/CuTeDSL/blackwell/blockwise_gemm/blockwise_gemm/blockwise_gemm_043_DIScopeForLLVMFuncOpPass.mlir (359 lines)
[DUMP] 044_CudaToBinaryPass -> /home/jayce.su/notes/dsl/cutlass_with_notes/examples/python/CuTeDSL/blackwell/blockwise_gemm/blockwise_gemm/blockwise_gemm_044_CudaToBinaryPass.mlir (242 lines)
[DUMP] 045_ConvertToLLVMPass -> /home/jayce.su/notes/dsl/cutlass_with_notes/examples/python/CuTeDSL/blackwell/blockwise_gemm/blockwise_gemm/blockwise_gemm_045_ConvertToLLVMPass.mlir (422 lines)
[DUMP] 046_ReconcileUnrealizedCasts -> /home/jayce.su/notes/dsl/cutlass_with_notes/examples/python/CuTeDSL/blackwell/blockwise_gemm/blockwise_gemm/blockwise_gemm_046_ReconcileUnrealizedCasts.mlir (420 lines)
[DUMP] 047_CudaErrorHandlingPass -> /home/jayce.su/notes/dsl/cutlass_with_notes/examples/python/CuTeDSL/blackwell/blockwise_gemm/blockwise_gemm/blockwise_gemm_047_CudaErrorHandlingPass.mlir (427 lines)
[DUMP] per-pass IR split -> 47 files
[INFO] COMPILE-ONLY mode: skip JIT & execution completely.
