[INFO] Run tag: tensorop_gemm
[INFO] Stdout mirrored to: /home/jayce.su/notes/dsl/cutlass_with_notes/examples/python/CuTeDSL/ampere/tensorop_gemm/tensorop_gemm_stdout.log
[INFO] Stderr mirrored to: /home/jayce.su/notes/dsl/cutlass_with_notes/examples/python/CuTeDSL/ampere/tensorop_gemm/tensorop_gemm_stderr.log
[INFO] Stdout IR slice saved to: /home/jayce.su/notes/dsl/cutlass_with_notes/examples/python/CuTeDSL/ampere/tensorop_gemm/tensorop_gemm_0_with_loc.mlir
[INFO] Patched Compiler.compile -> compile_and_dump
[INFO] Patched CUDA runtime for COMPILE-ONLY mode (skip arch compatibility check)
[INFO] Patched HardwareInfo.get_max_active_clusters for COMPILE-ONLY mode
[INFO] cute_ir_dump_patch installed.
Running Ampere tensor core GEMM example:
mnkl: (112, 136, 40, 1)
A dtype: Float16, B dtype: Float16, C dtype: Float16, Acc dtype: Float32
Matrix majors - A: m, B: n, C: n
Atoms layout: (2, 2, 1)
Warmup iterations: 2
Iterations: 100
Skip reference checking: False
Use cold L2: False
Compiling kernel with cute.compile ...



[PATCH] hit Compiler.compile
[DUMP] 0_ -> /home/jayce.su/notes/dsl/cutlass_with_notes/examples/python/CuTeDSL/ampere/tensorop_gemm/tensorop_gemm_0_.mlir (2428 lines)
[DUMP] 001_CuteRemoveStaticArgs -> /home/jayce.su/notes/dsl/cutlass_with_notes/examples/python/CuTeDSL/ampere/tensorop_gemm/tensorop_gemm_001_CuteRemoveStaticArgs.mlir (2435 lines)
[DUMP] 002_MaterializeTmaMulticast -> /home/jayce.su/notes/dsl/cutlass_with_notes/examples/python/CuTeDSL/ampere/tensorop_gemm/tensorop_gemm_002_MaterializeTmaMulticast.mlir (2435 lines)
[DUMP] 003_SoftwarePipelinePass -> /home/jayce.su/notes/dsl/cutlass_with_notes/examples/python/CuTeDSL/ampere/tensorop_gemm/tensorop_gemm_003_SoftwarePipelinePass.mlir (2435 lines)
[DUMP] 004_CuteDesugar -> /home/jayce.su/notes/dsl/cutlass_with_notes/examples/python/CuTeDSL/ampere/tensorop_gemm/tensorop_gemm_004_CuteDesugar.mlir (3407 lines)
[DUMP] 005_CuteExpandOps -> /home/jayce.su/notes/dsl/cutlass_with_notes/examples/python/CuTeDSL/ampere/tensorop_gemm/tensorop_gemm_005_CuteExpandOps.mlir (5048 lines)
[DUMP] 006_CuteFoldStatic -> /home/jayce.su/notes/dsl/cutlass_with_notes/examples/python/CuTeDSL/ampere/tensorop_gemm/tensorop_gemm_006_CuteFoldStatic.mlir (2456 lines)
[DUMP] 007_InsertRangeInformation -> /home/jayce.su/notes/dsl/cutlass_with_notes/examples/python/CuTeDSL/ampere/tensorop_gemm/tensorop_gemm_007_InsertRangeInformation.mlir (2456 lines)
[DUMP] 008_Canonicalizer -> /home/jayce.su/notes/dsl/cutlass_with_notes/examples/python/CuTeDSL/ampere/tensorop_gemm/tensorop_gemm_008_Canonicalizer.mlir (1350 lines)
[DUMP] 009_CSE -> /home/jayce.su/notes/dsl/cutlass_with_notes/examples/python/CuTeDSL/ampere/tensorop_gemm/tensorop_gemm_009_CSE.mlir (1187 lines)
[DUMP] 010_LoopInvariantCodeMotion -> /home/jayce.su/notes/dsl/cutlass_with_notes/examples/python/CuTeDSL/ampere/tensorop_gemm/tensorop_gemm_010_LoopInvariantCodeMotion.mlir (1187 lines)
[DUMP] 011_LoopVectorizePass -> /home/jayce.su/notes/dsl/cutlass_with_notes/examples/python/CuTeDSL/ampere/tensorop_gemm/tensorop_gemm_011_LoopVectorizePass.mlir (1187 lines)
[DUMP] 012_EliminateUnnecessarySyncPass -> /home/jayce.su/notes/dsl/cutlass_with_notes/examples/python/CuTeDSL/ampere/tensorop_gemm/tensorop_gemm_012_EliminateUnnecessarySyncPass.mlir (1187 lines)
[DUMP] 013_StrengthReductionPass -> /home/jayce.su/notes/dsl/cutlass_with_notes/examples/python/CuTeDSL/ampere/tensorop_gemm/tensorop_gemm_013_StrengthReductionPass.mlir (1187 lines)
[DUMP] 014_ConvertVectorToSCF -> /home/jayce.su/notes/dsl/cutlass_with_notes/examples/python/CuTeDSL/ampere/tensorop_gemm/tensorop_gemm_014_ConvertVectorToSCF.mlir (1187 lines)
[DUMP] 015_ConvertCuteTypesInScfOps -> /home/jayce.su/notes/dsl/cutlass_with_notes/examples/python/CuTeDSL/ampere/tensorop_gemm/tensorop_gemm_015_ConvertCuteTypesInScfOps.mlir (1193 lines)
[DUMP] 016_SCFToControlFlow -> /home/jayce.su/notes/dsl/cutlass_with_notes/examples/python/CuTeDSL/ampere/tensorop_gemm/tensorop_gemm_016_SCFToControlFlow.mlir (1278 lines)
[DUMP] 017_ArithExpandOpsPass -> /home/jayce.su/notes/dsl/cutlass_with_notes/examples/python/CuTeDSL/ampere/tensorop_gemm/tensorop_gemm_017_ArithExpandOpsPass.mlir (1576 lines)
[DUMP] 018_ConvertMathToFuncs -> /home/jayce.su/notes/dsl/cutlass_with_notes/examples/python/CuTeDSL/ampere/tensorop_gemm/tensorop_gemm_018_ConvertMathToFuncs.mlir (1576 lines)
[DUMP] 019_GpuLaunchSinkIndexComputations -> /home/jayce.su/notes/dsl/cutlass_with_notes/examples/python/CuTeDSL/ampere/tensorop_gemm/tensorop_gemm_019_GpuLaunchSinkIndexComputations.mlir (1576 lines)
[DUMP] 020_ConvertToLLVMPass -> /home/jayce.su/notes/dsl/cutlass_with_notes/examples/python/CuTeDSL/ampere/tensorop_gemm/tensorop_gemm_020_ConvertToLLVMPass.mlir (2498 lines)
[DUMP] 021_ReconcileUnrealizedCasts -> /home/jayce.su/notes/dsl/cutlass_with_notes/examples/python/CuTeDSL/ampere/tensorop_gemm/tensorop_gemm_021_ReconcileUnrealizedCasts.mlir (2427 lines)
[DUMP] 022_GpuKernelOutlining -> /home/jayce.su/notes/dsl/cutlass_with_notes/examples/python/CuTeDSL/ampere/tensorop_gemm/tensorop_gemm_022_GpuKernelOutlining.mlir (2427 lines)
[DUMP] 023_SCFToControlFlow -> /home/jayce.su/notes/dsl/cutlass_with_notes/examples/python/CuTeDSL/ampere/tensorop_gemm/tensorop_gemm_023_SCFToControlFlow.mlir (2427 lines)
[DUMP] 024_ReconcileUnrealizedCasts -> /home/jayce.su/notes/dsl/cutlass_with_notes/examples/python/CuTeDSL/ampere/tensorop_gemm/tensorop_gemm_024_ReconcileUnrealizedCasts.mlir (2427 lines)
[DUMP] 025_ConvertToLLVMPass -> /home/jayce.su/notes/dsl/cutlass_with_notes/examples/python/CuTeDSL/ampere/tensorop_gemm/tensorop_gemm_025_ConvertToLLVMPass.mlir (2427 lines)
[DUMP] 026_Canonicalizer -> /home/jayce.su/notes/dsl/cutlass_with_notes/examples/python/CuTeDSL/ampere/tensorop_gemm/tensorop_gemm_026_Canonicalizer.mlir (1280 lines)
[DUMP] 027_CSE -> /home/jayce.su/notes/dsl/cutlass_with_notes/examples/python/CuTeDSL/ampere/tensorop_gemm/tensorop_gemm_027_CSE.mlir (1226 lines)
[DUMP] 028_ConvertVectorToLLVMPass -> /home/jayce.su/notes/dsl/cutlass_with_notes/examples/python/CuTeDSL/ampere/tensorop_gemm/tensorop_gemm_028_ConvertVectorToLLVMPass.mlir (1228 lines)
[DUMP] 029_ConvertNVVMToLLVMPass -> /home/jayce.su/notes/dsl/cutlass_with_notes/examples/python/CuTeDSL/ampere/tensorop_gemm/tensorop_gemm_029_ConvertNVVMToLLVMPass.mlir (1234 lines)
[DUMP] 030_CudaComputeTargetPass -> /home/jayce.su/notes/dsl/cutlass_with_notes/examples/python/CuTeDSL/ampere/tensorop_gemm/tensorop_gemm_030_CudaComputeTargetPass.mlir (1043 lines)
[DUMP] 031_FinalizeMemRefToLLVMConversionPass -> /home/jayce.su/notes/dsl/cutlass_with_notes/examples/python/CuTeDSL/ampere/tensorop_gemm/tensorop_gemm_031_FinalizeMemRefToLLVMConversionPass.mlir (1234 lines)
[DUMP] 032_ExpandStridedMetadata -> /home/jayce.su/notes/dsl/cutlass_with_notes/examples/python/CuTeDSL/ampere/tensorop_gemm/tensorop_gemm_032_ExpandStridedMetadata.mlir (1213 lines)
[DUMP] 033_ArithToLLVMConversionPass -> /home/jayce.su/notes/dsl/cutlass_with_notes/examples/python/CuTeDSL/ampere/tensorop_gemm/tensorop_gemm_033_ArithToLLVMConversionPass.mlir (1213 lines)
[DUMP] 034_ConvertFastmathOps -> /home/jayce.su/notes/dsl/cutlass_with_notes/examples/python/CuTeDSL/ampere/tensorop_gemm/tensorop_gemm_034_ConvertFastmathOps.mlir (1022 lines)
[DUMP] 035_ConvertGpuOpsToNVVMOps -> /home/jayce.su/notes/dsl/cutlass_with_notes/examples/python/CuTeDSL/ampere/tensorop_gemm/tensorop_gemm_035_ConvertGpuOpsToNVVMOps.mlir (1022 lines)
[DUMP] 036_StoreGpuLaunchAttribute -> /home/jayce.su/notes/dsl/cutlass_with_notes/examples/python/CuTeDSL/ampere/tensorop_gemm/tensorop_gemm_036_StoreGpuLaunchAttribute.mlir (1213 lines)
[DUMP] 037_GpuToLLVMConversionPass -> /home/jayce.su/notes/dsl/cutlass_with_notes/examples/python/CuTeDSL/ampere/tensorop_gemm/tensorop_gemm_037_GpuToLLVMConversionPass.mlir (1213 lines)
[DUMP] 038_StoreGpuLaunchAttribute -> /home/jayce.su/notes/dsl/cutlass_with_notes/examples/python/CuTeDSL/ampere/tensorop_gemm/tensorop_gemm_038_StoreGpuLaunchAttribute.mlir (1213 lines)
[DUMP] 039_ConvertMathToLLVMPass -> /home/jayce.su/notes/dsl/cutlass_with_notes/examples/python/CuTeDSL/ampere/tensorop_gemm/tensorop_gemm_039_ConvertMathToLLVMPass.mlir (1213 lines)
[DUMP] 040_Canonicalizer -> /home/jayce.su/notes/dsl/cutlass_with_notes/examples/python/CuTeDSL/ampere/tensorop_gemm/tensorop_gemm_040_Canonicalizer.mlir (1213 lines)
[DUMP] 041_CSE -> /home/jayce.su/notes/dsl/cutlass_with_notes/examples/python/CuTeDSL/ampere/tensorop_gemm/tensorop_gemm_041_CSE.mlir (1213 lines)
[DUMP] 042_ReconcileUnrealizedCasts -> /home/jayce.su/notes/dsl/cutlass_with_notes/examples/python/CuTeDSL/ampere/tensorop_gemm/tensorop_gemm_042_ReconcileUnrealizedCasts.mlir (1213 lines)
[DUMP] 043_DIScopeForLLVMFuncOpPass -> /home/jayce.su/notes/dsl/cutlass_with_notes/examples/python/CuTeDSL/ampere/tensorop_gemm/tensorop_gemm_043_DIScopeForLLVMFuncOpPass.mlir (1213 lines)
[DUMP] 044_CudaToBinaryPass -> /home/jayce.su/notes/dsl/cutlass_with_notes/examples/python/CuTeDSL/ampere/tensorop_gemm/tensorop_gemm_044_CudaToBinaryPass.mlir (200 lines)
[DUMP] 045_ConvertToLLVMPass -> /home/jayce.su/notes/dsl/cutlass_with_notes/examples/python/CuTeDSL/ampere/tensorop_gemm/tensorop_gemm_045_ConvertToLLVMPass.mlir (370 lines)
[DUMP] 046_ReconcileUnrealizedCasts -> /home/jayce.su/notes/dsl/cutlass_with_notes/examples/python/CuTeDSL/ampere/tensorop_gemm/tensorop_gemm_046_ReconcileUnrealizedCasts.mlir (368 lines)
[DUMP] 047_CudaErrorHandlingPass -> /home/jayce.su/notes/dsl/cutlass_with_notes/examples/python/CuTeDSL/ampere/tensorop_gemm/tensorop_gemm_047_CudaErrorHandlingPass.mlir (375 lines)
[DUMP] per-pass IR split -> 47 files
[INFO] COMPILE-ONLY mode: skip JIT & execution completely.
Executing GEMM kernel...
Verifying results...
Results verified successfully!
PASS
