[INFO] Run tag: grouped_gemm
[INFO] Stdout mirrored to: /home/jayce.su/notes/dsl/cutlass_with_notes/examples/python/CuTeDSL/blackwell/grouped_gemm/grouped_gemm_stdout.log
[INFO] Stderr mirrored to: /home/jayce.su/notes/dsl/cutlass_with_notes/examples/python/CuTeDSL/blackwell/grouped_gemm/grouped_gemm_stderr.log
[INFO] Stdout IR slice saved to: /home/jayce.su/notes/dsl/cutlass_with_notes/examples/python/CuTeDSL/blackwell/grouped_gemm/grouped_gemm_0_with_loc.mlir
[INFO] Patched Compiler.compile -> compile_and_dump
[INFO] Patched CUDA runtime for COMPILE-ONLY mode (skip arch compatibility check)
[INFO] Patched HardwareInfo.get_max_active_clusters for COMPILE-ONLY mode
[INFO] cute_ir_dump_patch installed.
Running Blackwell Grouped GEMM test with:
2 groups
Group 0: 128x128x128x1
Group 1: 128x128x128x1
AB dtype: Float16, C dtype: Float16, Acc dtype: Float32
Matrix majors - A: k, B: k, C: n
Mma Tiler (M, N): (128, 128), Cluster Shape (M, N): (1, 1)
2CTA MMA instructions: False
Tensor map update mode: TensorMapUpdateMode.SMEM
Tolerance: 0.1
Warmup iterations: 0
Iterations: 1
Skip reference checking: False
Use cold L2: False



[PATCH] hit Compiler.compile
[DUMP] 0_ -> /home/jayce.su/notes/dsl/cutlass_with_notes/examples/python/CuTeDSL/blackwell/grouped_gemm/grouped_gemm_0_.mlir (3910 lines)
[DUMP] 001_CuteRemoveStaticArgs -> /home/jayce.su/notes/dsl/cutlass_with_notes/examples/python/CuTeDSL/blackwell/grouped_gemm/grouped_gemm_001_CuteRemoveStaticArgs.mlir (3919 lines)
[DUMP] 002_MaterializeTmaMulticast -> /home/jayce.su/notes/dsl/cutlass_with_notes/examples/python/CuTeDSL/blackwell/grouped_gemm/grouped_gemm_002_MaterializeTmaMulticast.mlir (3919 lines)
[DUMP] 003_SoftwarePipelinePass -> /home/jayce.su/notes/dsl/cutlass_with_notes/examples/python/CuTeDSL/blackwell/grouped_gemm/grouped_gemm_003_SoftwarePipelinePass.mlir (3919 lines)
[DUMP] 004_CuteDesugar -> /home/jayce.su/notes/dsl/cutlass_with_notes/examples/python/CuTeDSL/blackwell/grouped_gemm/grouped_gemm_004_CuteDesugar.mlir (4642 lines)
[DUMP] 005_CuteExpandOps -> /home/jayce.su/notes/dsl/cutlass_with_notes/examples/python/CuTeDSL/blackwell/grouped_gemm/grouped_gemm_005_CuteExpandOps.mlir (8864 lines)
[DUMP] 006_CuteFoldStatic -> /home/jayce.su/notes/dsl/cutlass_with_notes/examples/python/CuTeDSL/blackwell/grouped_gemm/grouped_gemm_006_CuteFoldStatic.mlir (5982 lines)
[DUMP] 007_InsertRangeInformation -> /home/jayce.su/notes/dsl/cutlass_with_notes/examples/python/CuTeDSL/blackwell/grouped_gemm/grouped_gemm_007_InsertRangeInformation.mlir (5982 lines)
[DUMP] 008_Canonicalizer -> /home/jayce.su/notes/dsl/cutlass_with_notes/examples/python/CuTeDSL/blackwell/grouped_gemm/grouped_gemm_008_Canonicalizer.mlir (2070 lines)
[DUMP] 009_CSE -> /home/jayce.su/notes/dsl/cutlass_with_notes/examples/python/CuTeDSL/blackwell/grouped_gemm/grouped_gemm_009_CSE.mlir (1830 lines)
[DUMP] 010_LoopInvariantCodeMotion -> /home/jayce.su/notes/dsl/cutlass_with_notes/examples/python/CuTeDSL/blackwell/grouped_gemm/grouped_gemm_010_LoopInvariantCodeMotion.mlir (1830 lines)
[DUMP] 011_LoopVectorizePass -> /home/jayce.su/notes/dsl/cutlass_with_notes/examples/python/CuTeDSL/blackwell/grouped_gemm/grouped_gemm_011_LoopVectorizePass.mlir (1830 lines)
[DUMP] 012_EliminateUnnecessarySyncPass -> /home/jayce.su/notes/dsl/cutlass_with_notes/examples/python/CuTeDSL/blackwell/grouped_gemm/grouped_gemm_012_EliminateUnnecessarySyncPass.mlir (1830 lines)
[DUMP] 013_StrengthReductionPass -> /home/jayce.su/notes/dsl/cutlass_with_notes/examples/python/CuTeDSL/blackwell/grouped_gemm/grouped_gemm_013_StrengthReductionPass.mlir (1837 lines)
[DUMP] 014_ConvertVectorToSCF -> /home/jayce.su/notes/dsl/cutlass_with_notes/examples/python/CuTeDSL/blackwell/grouped_gemm/grouped_gemm_014_ConvertVectorToSCF.mlir (1835 lines)
[DUMP] 015_ConvertCuteTypesInScfOps -> /home/jayce.su/notes/dsl/cutlass_with_notes/examples/python/CuTeDSL/blackwell/grouped_gemm/grouped_gemm_015_ConvertCuteTypesInScfOps.mlir (1840 lines)
[DUMP] 016_SCFToControlFlow -> /home/jayce.su/notes/dsl/cutlass_with_notes/examples/python/CuTeDSL/blackwell/grouped_gemm/grouped_gemm_016_SCFToControlFlow.mlir (1947 lines)
[DUMP] 017_ArithExpandOpsPass -> /home/jayce.su/notes/dsl/cutlass_with_notes/examples/python/CuTeDSL/blackwell/grouped_gemm/grouped_gemm_017_ArithExpandOpsPass.mlir (2295 lines)
[DUMP] 018_ConvertMathToFuncs -> /home/jayce.su/notes/dsl/cutlass_with_notes/examples/python/CuTeDSL/blackwell/grouped_gemm/grouped_gemm_018_ConvertMathToFuncs.mlir (2295 lines)
[DUMP] 019_GpuLaunchSinkIndexComputations -> /home/jayce.su/notes/dsl/cutlass_with_notes/examples/python/CuTeDSL/blackwell/grouped_gemm/grouped_gemm_019_GpuLaunchSinkIndexComputations.mlir (2295 lines)
[DUMP] 020_ConvertToLLVMPass -> /home/jayce.su/notes/dsl/cutlass_with_notes/examples/python/CuTeDSL/blackwell/grouped_gemm/grouped_gemm_020_ConvertToLLVMPass.mlir (3348 lines)
[DUMP] 021_ReconcileUnrealizedCasts -> /home/jayce.su/notes/dsl/cutlass_with_notes/examples/python/CuTeDSL/blackwell/grouped_gemm/grouped_gemm_021_ReconcileUnrealizedCasts.mlir (3253 lines)
[DUMP] 022_GpuKernelOutlining -> /home/jayce.su/notes/dsl/cutlass_with_notes/examples/python/CuTeDSL/blackwell/grouped_gemm/grouped_gemm_022_GpuKernelOutlining.mlir (3253 lines)
[DUMP] 023_SCFToControlFlow -> /home/jayce.su/notes/dsl/cutlass_with_notes/examples/python/CuTeDSL/blackwell/grouped_gemm/grouped_gemm_023_SCFToControlFlow.mlir (3259 lines)
[DUMP] 024_ReconcileUnrealizedCasts -> /home/jayce.su/notes/dsl/cutlass_with_notes/examples/python/CuTeDSL/blackwell/grouped_gemm/grouped_gemm_024_ReconcileUnrealizedCasts.mlir (3259 lines)
[DUMP] 025_ConvertToLLVMPass -> /home/jayce.su/notes/dsl/cutlass_with_notes/examples/python/CuTeDSL/blackwell/grouped_gemm/grouped_gemm_025_ConvertToLLVMPass.mlir (3259 lines)
[DUMP] 026_Canonicalizer -> /home/jayce.su/notes/dsl/cutlass_with_notes/examples/python/CuTeDSL/blackwell/grouped_gemm/grouped_gemm_026_Canonicalizer.mlir (2148 lines)
[DUMP] 027_CSE -> /home/jayce.su/notes/dsl/cutlass_with_notes/examples/python/CuTeDSL/blackwell/grouped_gemm/grouped_gemm_027_CSE.mlir (2121 lines)
[DUMP] 028_ConvertVectorToLLVMPass -> /home/jayce.su/notes/dsl/cutlass_with_notes/examples/python/CuTeDSL/blackwell/grouped_gemm/grouped_gemm_028_ConvertVectorToLLVMPass.mlir (2103 lines)
[DUMP] 029_ConvertNVVMToLLVMPass -> /home/jayce.su/notes/dsl/cutlass_with_notes/examples/python/CuTeDSL/blackwell/grouped_gemm/grouped_gemm_029_ConvertNVVMToLLVMPass.mlir (2104 lines)
[DUMP] 030_CudaComputeTargetPass -> /home/jayce.su/notes/dsl/cutlass_with_notes/examples/python/CuTeDSL/blackwell/grouped_gemm/grouped_gemm_030_CudaComputeTargetPass.mlir (1573 lines)
[DUMP] 031_FinalizeMemRefToLLVMConversionPass -> /home/jayce.su/notes/dsl/cutlass_with_notes/examples/python/CuTeDSL/blackwell/grouped_gemm/grouped_gemm_031_FinalizeMemRefToLLVMConversionPass.mlir (2104 lines)
[DUMP] 032_ExpandStridedMetadata -> /home/jayce.su/notes/dsl/cutlass_with_notes/examples/python/CuTeDSL/blackwell/grouped_gemm/grouped_gemm_032_ExpandStridedMetadata.mlir (2103 lines)
[DUMP] 033_ArithToLLVMConversionPass -> /home/jayce.su/notes/dsl/cutlass_with_notes/examples/python/CuTeDSL/blackwell/grouped_gemm/grouped_gemm_033_ArithToLLVMConversionPass.mlir (2103 lines)
[DUMP] 034_StripDebugInfo -> /home/jayce.su/notes/dsl/cutlass_with_notes/examples/python/CuTeDSL/blackwell/grouped_gemm/grouped_gemm_034_StripDebugInfo.mlir (1572 lines)
[DUMP] 035_ConvertFastmathOps -> /home/jayce.su/notes/dsl/cutlass_with_notes/examples/python/CuTeDSL/blackwell/grouped_gemm/grouped_gemm_035_ConvertFastmathOps.mlir (1572 lines)
[DUMP] 036_ConvertGpuOpsToNVVMOps -> /home/jayce.su/notes/dsl/cutlass_with_notes/examples/python/CuTeDSL/blackwell/grouped_gemm/grouped_gemm_036_ConvertGpuOpsToNVVMOps.mlir (1572 lines)
[DUMP] 037_StoreGpuLaunchAttribute -> /home/jayce.su/notes/dsl/cutlass_with_notes/examples/python/CuTeDSL/blackwell/grouped_gemm/grouped_gemm_037_StoreGpuLaunchAttribute.mlir (2103 lines)
[DUMP] 038_GpuToLLVMConversionPass -> /home/jayce.su/notes/dsl/cutlass_with_notes/examples/python/CuTeDSL/blackwell/grouped_gemm/grouped_gemm_038_GpuToLLVMConversionPass.mlir (2103 lines)
[DUMP] 039_StoreGpuLaunchAttribute -> /home/jayce.su/notes/dsl/cutlass_with_notes/examples/python/CuTeDSL/blackwell/grouped_gemm/grouped_gemm_039_StoreGpuLaunchAttribute.mlir (2103 lines)
[DUMP] 040_ConvertMathToLLVMPass -> /home/jayce.su/notes/dsl/cutlass_with_notes/examples/python/CuTeDSL/blackwell/grouped_gemm/grouped_gemm_040_ConvertMathToLLVMPass.mlir (2103 lines)
[DUMP] 041_Canonicalizer -> /home/jayce.su/notes/dsl/cutlass_with_notes/examples/python/CuTeDSL/blackwell/grouped_gemm/grouped_gemm_041_Canonicalizer.mlir (2103 lines)
[DUMP] 042_CSE -> /home/jayce.su/notes/dsl/cutlass_with_notes/examples/python/CuTeDSL/blackwell/grouped_gemm/grouped_gemm_042_CSE.mlir (2103 lines)
[DUMP] 043_ReconcileUnrealizedCasts -> /home/jayce.su/notes/dsl/cutlass_with_notes/examples/python/CuTeDSL/blackwell/grouped_gemm/grouped_gemm_043_ReconcileUnrealizedCasts.mlir (2103 lines)
[DUMP] 044_CudaToBinaryPass -> /home/jayce.su/notes/dsl/cutlass_with_notes/examples/python/CuTeDSL/blackwell/grouped_gemm/grouped_gemm_044_CudaToBinaryPass.mlir (540 lines)
[DUMP] 045_ConvertToLLVMPass -> /home/jayce.su/notes/dsl/cutlass_with_notes/examples/python/CuTeDSL/blackwell/grouped_gemm/grouped_gemm_045_ConvertToLLVMPass.mlir (765 lines)
[DUMP] 046_ReconcileUnrealizedCasts -> /home/jayce.su/notes/dsl/cutlass_with_notes/examples/python/CuTeDSL/blackwell/grouped_gemm/grouped_gemm_046_ReconcileUnrealizedCasts.mlir (763 lines)
[DUMP] 047_CudaErrorHandlingPass -> /home/jayce.su/notes/dsl/cutlass_with_notes/examples/python/CuTeDSL/blackwell/grouped_gemm/grouped_gemm_047_CudaErrorHandlingPass.mlir (770 lines)
[DUMP] per-pass IR split -> 47 files
[INFO] COMPILE-ONLY mode: skip JIT & execution completely.
