Traceback (most recent call last):
  File "/home/jayce.su/notes/dsl/cutlass_with_notes/examples/python/CuTeDSL/hopper/dense_gemm.py", line 1604, in <module>
    run(
  File "/home/jayce.su/notes/dsl/cutlass_with_notes/examples/python/CuTeDSL/hopper/dense_gemm.py", line 1538, in run
    compiled_gemm(mA, mB, mC, stream)
  File "/usr/local/lib/python3.12/dist-packages/nvidia_cutlass_dsl/python_packages/cutlass/base_dsl/jit_executor.py", line 98, in walk_module_and_get_cubin_data
    module.operation.walk(walk_gpu_binary_op)
RuntimeError: Exception raised in callback: Traceback (most recent call last):
  File "/home/jayce.su/notes/dsl/cutlass_with_notes/examples/python/CuTeDSL/hopper/dense_gemm.py", line 1604, in <module>
  File "/home/jayce.su/notes/dsl/cutlass_with_notes/examples/python/CuTeDSL/hopper/dense_gemm.py", line 1538, in run
  File "/usr/local/lib/python3.12/dist-packages/nvidia_cutlass_dsl/python_packages/cutlass/base_dsl/jit_executor.py", line 536, in __call__
  File "/usr/local/lib/python3.12/dist-packages/nvidia_cutlass_dsl/python_packages/cutlass/base_dsl/jit_executor.py", line 551, in run_compiled_program
  File "/usr/local/lib/python3.12/dist-packages/nvidia_cutlass_dsl/python_packages/cutlass/base_dsl/jit_executor.py", line 513, in to
  File "/usr/local/lib/python3.12/dist-packages/nvidia_cutlass_dsl/python_packages/cutlass/base_dsl/jit_executor.py", line 131, in load_kernels_from_ir_module
  File "/usr/local/lib/python3.12/dist-packages/nvidia_cutlass_dsl/python_packages/cutlass/base_dsl/jit_executor.py", line 98, in walk_module_and_get_cubin_data
  File "/usr/local/lib/python3.12/dist-packages/nvidia_cutlass_dsl/python_packages/cutlass/base_dsl/jit_executor.py", line 95, in walk_gpu_binary_op
  File "/usr/local/lib/python3.12/dist-packages/nvidia_cutlass_dsl/python_packages/cutlass/base_dsl/jit_executor.py", line 119, in walk_callback
  File "/usr/local/lib/python3.12/dist-packages/nvidia_cutlass_dsl/python_packages/cutlass/base_dsl/runtime/cuda.py", line 535, in get_library_kernel
  File "/usr/local/lib/python3.12/dist-packages/nvidia_cutlass_dsl/python_packages/cutlass/base_dsl/runtime/cuda.py", line 295, in checkCudaErrors
DSLCudaRuntimeError: DSLCudaRuntimeError: [91m❌ CUDA kernel not compatible with your GPU.[0m


[1mError Code:[0m 209

[94m🔍 Additional Context:[0m 
- [1mError name: CUDA_ERROR_NO_BINARY_FOR_GPU
- CUDA_TOOLKIT_PATH: not set
- Target SM ARCH: sm_90a[0m

[94m📊 GPU Information:[0m
[1m- CUDA devices available: 1 (current: <CUdevice 0>)
- Architecture: [94mAmpere[0m ([92msm_80[0m)
- Compatible SM archs: [92msm_80[0m
- Total Memory: [94m39.49 GB[0m

[1mCompatibility Check:[0m
[91m❌ Error: Target SM ARCH sm_90a is not compatible
💡 Please use one of SM ARCHs: [92msm_80[0m

[92m💡 Suggestions:[0m
 [92mSet env CUTE_DSL_ARCH to match your GPU architecture[0m
