[INFO] Run tag: dense_gemm_persistent
[INFO] Stdout mirrored to: /home/jayce.su/notes/dsl/cutlass_with_notes/examples/python/CuTeDSL/blackwell/dense_gemm_persistent/dense_gemm_persistent_stdout.log
[INFO] Stderr mirrored to: /home/jayce.su/notes/dsl/cutlass_with_notes/examples/python/CuTeDSL/blackwell/dense_gemm_persistent/dense_gemm_persistent_stderr.log
[INFO] Stdout IR slice saved to: /home/jayce.su/notes/dsl/cutlass_with_notes/examples/python/CuTeDSL/blackwell/dense_gemm_persistent/dense_gemm_persistent_0_with_loc.mlir
[INFO] Patched Compiler.compile -> compile_and_dump
[INFO] Patched CUDA runtime for COMPILE-ONLY mode (skip arch compatibility check)
[INFO] Patched HardwareInfo.get_max_active_clusters for COMPILE-ONLY mode
[INFO] cute_ir_dump_patch installed.
Running Blackwell Persistent Dense GEMM test with:
mnkl: (256, 256, 512, 1)
AB dtype: TFloat32, C dtype: Float32, Acc dtype: Float32
Matrix majors - A: k, B: k, C: n
Mma Tiler (M, N): (128, 128), Cluster Shape (M, N): (1, 1)
2CTA MMA instructions: False
Use TMA Store: False
Tolerance: 0.1
Warmup iterations: 0
Iterations: 1
Skip reference checking: False
Use cold L2: False



[PATCH] hit Compiler.compile
[DUMP] 0_ -> /home/jayce.su/notes/dsl/cutlass_with_notes/examples/python/CuTeDSL/blackwell/dense_gemm_persistent/dense_gemm_persistent_0_.mlir (3091 lines)
[DUMP] 001_CuteRemoveStaticArgs -> /home/jayce.su/notes/dsl/cutlass_with_notes/examples/python/CuTeDSL/blackwell/dense_gemm_persistent/dense_gemm_persistent_001_CuteRemoveStaticArgs.mlir (3094 lines)
[DUMP] 002_MaterializeTmaMulticast -> /home/jayce.su/notes/dsl/cutlass_with_notes/examples/python/CuTeDSL/blackwell/dense_gemm_persistent/dense_gemm_persistent_002_MaterializeTmaMulticast.mlir (3094 lines)
[DUMP] 003_SoftwarePipelinePass -> /home/jayce.su/notes/dsl/cutlass_with_notes/examples/python/CuTeDSL/blackwell/dense_gemm_persistent/dense_gemm_persistent_003_SoftwarePipelinePass.mlir (3094 lines)
[DUMP] 004_CuteDesugar -> /home/jayce.su/notes/dsl/cutlass_with_notes/examples/python/CuTeDSL/blackwell/dense_gemm_persistent/dense_gemm_persistent_004_CuteDesugar.mlir (3447 lines)
[DUMP] 005_CuteExpandOps -> /home/jayce.su/notes/dsl/cutlass_with_notes/examples/python/CuTeDSL/blackwell/dense_gemm_persistent/dense_gemm_persistent_005_CuteExpandOps.mlir (6978 lines)
[DUMP] 006_CuteFoldStatic -> /home/jayce.su/notes/dsl/cutlass_with_notes/examples/python/CuTeDSL/blackwell/dense_gemm_persistent/dense_gemm_persistent_006_CuteFoldStatic.mlir (4685 lines)
[DUMP] 007_InsertRangeInformation -> /home/jayce.su/notes/dsl/cutlass_with_notes/examples/python/CuTeDSL/blackwell/dense_gemm_persistent/dense_gemm_persistent_007_InsertRangeInformation.mlir (4685 lines)
[DUMP] 008_Canonicalizer -> /home/jayce.su/notes/dsl/cutlass_with_notes/examples/python/CuTeDSL/blackwell/dense_gemm_persistent/dense_gemm_persistent_008_Canonicalizer.mlir (2382 lines)
[DUMP] 009_CSE -> /home/jayce.su/notes/dsl/cutlass_with_notes/examples/python/CuTeDSL/blackwell/dense_gemm_persistent/dense_gemm_persistent_009_CSE.mlir (2155 lines)
[DUMP] 010_LoopInvariantCodeMotion -> /home/jayce.su/notes/dsl/cutlass_with_notes/examples/python/CuTeDSL/blackwell/dense_gemm_persistent/dense_gemm_persistent_010_LoopInvariantCodeMotion.mlir (2155 lines)
[DUMP] 011_LoopStrengthReductionPass -> /home/jayce.su/notes/dsl/cutlass_with_notes/examples/python/CuTeDSL/blackwell/dense_gemm_persistent/dense_gemm_persistent_011_LoopStrengthReductionPass.mlir (2155 lines)
[DUMP] 012_ConvertVectorToSCF -> /home/jayce.su/notes/dsl/cutlass_with_notes/examples/python/CuTeDSL/blackwell/dense_gemm_persistent/dense_gemm_persistent_012_ConvertVectorToSCF.mlir (2155 lines)
[DUMP] 013_ConvertCuteTypesInScfOps -> /home/jayce.su/notes/dsl/cutlass_with_notes/examples/python/CuTeDSL/blackwell/dense_gemm_persistent/dense_gemm_persistent_013_ConvertCuteTypesInScfOps.mlir (2160 lines)
[DUMP] 014_SCFToControlFlow -> /home/jayce.su/notes/dsl/cutlass_with_notes/examples/python/CuTeDSL/blackwell/dense_gemm_persistent/dense_gemm_persistent_014_SCFToControlFlow.mlir (2312 lines)
[DUMP] 015_ArithExpandOpsPass -> /home/jayce.su/notes/dsl/cutlass_with_notes/examples/python/CuTeDSL/blackwell/dense_gemm_persistent/dense_gemm_persistent_015_ArithExpandOpsPass.mlir (2470 lines)
[DUMP] 016_ConvertMathToFuncs -> /home/jayce.su/notes/dsl/cutlass_with_notes/examples/python/CuTeDSL/blackwell/dense_gemm_persistent/dense_gemm_persistent_016_ConvertMathToFuncs.mlir (2470 lines)
[DUMP] 017_GpuLaunchSinkIndexComputations -> /home/jayce.su/notes/dsl/cutlass_with_notes/examples/python/CuTeDSL/blackwell/dense_gemm_persistent/dense_gemm_persistent_017_GpuLaunchSinkIndexComputations.mlir (2470 lines)
[DUMP] 018_ConvertToLLVMPass -> /home/jayce.su/notes/dsl/cutlass_with_notes/examples/python/CuTeDSL/blackwell/dense_gemm_persistent/dense_gemm_persistent_018_ConvertToLLVMPass.mlir (3543 lines)
[DUMP] 019_ReconcileUnrealizedCasts -> /home/jayce.su/notes/dsl/cutlass_with_notes/examples/python/CuTeDSL/blackwell/dense_gemm_persistent/dense_gemm_persistent_019_ReconcileUnrealizedCasts.mlir (2956 lines)
[DUMP] 020_GpuKernelOutlining -> /home/jayce.su/notes/dsl/cutlass_with_notes/examples/python/CuTeDSL/blackwell/dense_gemm_persistent/dense_gemm_persistent_020_GpuKernelOutlining.mlir (2956 lines)
[DUMP] 021_SCFToControlFlow -> /home/jayce.su/notes/dsl/cutlass_with_notes/examples/python/CuTeDSL/blackwell/dense_gemm_persistent/dense_gemm_persistent_021_SCFToControlFlow.mlir (2962 lines)
[DUMP] 022_ReconcileUnrealizedCasts -> /home/jayce.su/notes/dsl/cutlass_with_notes/examples/python/CuTeDSL/blackwell/dense_gemm_persistent/dense_gemm_persistent_022_ReconcileUnrealizedCasts.mlir (2962 lines)
[DUMP] 023_ConvertToLLVMPass -> /home/jayce.su/notes/dsl/cutlass_with_notes/examples/python/CuTeDSL/blackwell/dense_gemm_persistent/dense_gemm_persistent_023_ConvertToLLVMPass.mlir (2962 lines)
[DUMP] 024_Canonicalizer -> /home/jayce.su/notes/dsl/cutlass_with_notes/examples/python/CuTeDSL/blackwell/dense_gemm_persistent/dense_gemm_persistent_024_Canonicalizer.mlir (1998 lines)
[DUMP] 025_CSE -> /home/jayce.su/notes/dsl/cutlass_with_notes/examples/python/CuTeDSL/blackwell/dense_gemm_persistent/dense_gemm_persistent_025_CSE.mlir (1985 lines)
[DUMP] 026_ConvertVectorToLLVMPass -> /home/jayce.su/notes/dsl/cutlass_with_notes/examples/python/CuTeDSL/blackwell/dense_gemm_persistent/dense_gemm_persistent_026_ConvertVectorToLLVMPass.mlir (1973 lines)
[DUMP] 027_ConvertNVVMToLLVMPass -> /home/jayce.su/notes/dsl/cutlass_with_notes/examples/python/CuTeDSL/blackwell/dense_gemm_persistent/dense_gemm_persistent_027_ConvertNVVMToLLVMPass.mlir (1974 lines)
[DUMP] 028_CudaComputeTargetPass -> /home/jayce.su/notes/dsl/cutlass_with_notes/examples/python/CuTeDSL/blackwell/dense_gemm_persistent/dense_gemm_persistent_028_CudaComputeTargetPass.mlir (1417 lines)
[DUMP] 029_FinalizeMemRefToLLVMConversionPass -> /home/jayce.su/notes/dsl/cutlass_with_notes/examples/python/CuTeDSL/blackwell/dense_gemm_persistent/dense_gemm_persistent_029_FinalizeMemRefToLLVMConversionPass.mlir (1974 lines)
[DUMP] 030_ExpandStridedMetadata -> /home/jayce.su/notes/dsl/cutlass_with_notes/examples/python/CuTeDSL/blackwell/dense_gemm_persistent/dense_gemm_persistent_030_ExpandStridedMetadata.mlir (1973 lines)
[DUMP] 031_ArithToLLVMConversionPass -> /home/jayce.su/notes/dsl/cutlass_with_notes/examples/python/CuTeDSL/blackwell/dense_gemm_persistent/dense_gemm_persistent_031_ArithToLLVMConversionPass.mlir (1973 lines)
[DUMP] 032_ConvertFastmathOps -> /home/jayce.su/notes/dsl/cutlass_with_notes/examples/python/CuTeDSL/blackwell/dense_gemm_persistent/dense_gemm_persistent_032_ConvertFastmathOps.mlir (1416 lines)
[DUMP] 033_ConvertGpuOpsToNVVMOps -> /home/jayce.su/notes/dsl/cutlass_with_notes/examples/python/CuTeDSL/blackwell/dense_gemm_persistent/dense_gemm_persistent_033_ConvertGpuOpsToNVVMOps.mlir (1416 lines)
[DUMP] 034_StoreGpuLaunchAttribute -> /home/jayce.su/notes/dsl/cutlass_with_notes/examples/python/CuTeDSL/blackwell/dense_gemm_persistent/dense_gemm_persistent_034_StoreGpuLaunchAttribute.mlir (1973 lines)
[DUMP] 035_GpuToLLVMConversionPass -> /home/jayce.su/notes/dsl/cutlass_with_notes/examples/python/CuTeDSL/blackwell/dense_gemm_persistent/dense_gemm_persistent_035_GpuToLLVMConversionPass.mlir (1973 lines)
[DUMP] 036_StoreGpuLaunchAttribute -> /home/jayce.su/notes/dsl/cutlass_with_notes/examples/python/CuTeDSL/blackwell/dense_gemm_persistent/dense_gemm_persistent_036_StoreGpuLaunchAttribute.mlir (1973 lines)
[DUMP] 037_ConvertMathToLLVMPass -> /home/jayce.su/notes/dsl/cutlass_with_notes/examples/python/CuTeDSL/blackwell/dense_gemm_persistent/dense_gemm_persistent_037_ConvertMathToLLVMPass.mlir (1973 lines)
[DUMP] 038_Canonicalizer -> /home/jayce.su/notes/dsl/cutlass_with_notes/examples/python/CuTeDSL/blackwell/dense_gemm_persistent/dense_gemm_persistent_038_Canonicalizer.mlir (1973 lines)
[DUMP] 039_CSE -> /home/jayce.su/notes/dsl/cutlass_with_notes/examples/python/CuTeDSL/blackwell/dense_gemm_persistent/dense_gemm_persistent_039_CSE.mlir (1973 lines)
[DUMP] 040_ReconcileUnrealizedCasts -> /home/jayce.su/notes/dsl/cutlass_with_notes/examples/python/CuTeDSL/blackwell/dense_gemm_persistent/dense_gemm_persistent_040_ReconcileUnrealizedCasts.mlir (1973 lines)
[DUMP] 041_DIScopeForLLVMFuncOpPass -> /home/jayce.su/notes/dsl/cutlass_with_notes/examples/python/CuTeDSL/blackwell/dense_gemm_persistent/dense_gemm_persistent_041_DIScopeForLLVMFuncOpPass.mlir (1973 lines)
[DUMP] 042_CudaToBinaryPass -> /home/jayce.su/notes/dsl/cutlass_with_notes/examples/python/CuTeDSL/blackwell/dense_gemm_persistent/dense_gemm_persistent_042_CudaToBinaryPass.mlir (563 lines)
[DUMP] 043_ConvertToLLVMPass -> /home/jayce.su/notes/dsl/cutlass_with_notes/examples/python/CuTeDSL/blackwell/dense_gemm_persistent/dense_gemm_persistent_043_ConvertToLLVMPass.mlir (763 lines)
[DUMP] 044_ReconcileUnrealizedCasts -> /home/jayce.su/notes/dsl/cutlass_with_notes/examples/python/CuTeDSL/blackwell/dense_gemm_persistent/dense_gemm_persistent_044_ReconcileUnrealizedCasts.mlir (761 lines)
[DUMP] 045_CudaErrorHandlingPass -> /home/jayce.su/notes/dsl/cutlass_with_notes/examples/python/CuTeDSL/blackwell/dense_gemm_persistent/dense_gemm_persistent_045_CudaErrorHandlingPass.mlir (768 lines)
[DUMP] per-pass IR split -> 45 files
[INFO] COMPILE-ONLY mode: skip JIT & execution completely.
