[INFO] Run tag: elementwise_add
[INFO] Stdout mirrored to: /home/jayce.su/notes/dsl/cutlass_with_notes/examples/python/CuTeDSL/ampere/elementwise_add/elementwise_add_stdout.log
[INFO] Stderr mirrored to: /home/jayce.su/notes/dsl/cutlass_with_notes/examples/python/CuTeDSL/ampere/elementwise_add/elementwise_add_stderr.log
[INFO] Stdout IR slice saved to: /home/jayce.su/notes/dsl/cutlass_with_notes/examples/python/CuTeDSL/ampere/elementwise_add/elementwise_add_0_with_loc.mlir
[INFO] Patched Compiler.compile -> compile_and_dump
[INFO] Patched CUDA runtime for COMPILE-ONLY mode (skip arch compatibility check)
[INFO] Patched HardwareInfo.get_max_active_clusters for COMPILE-ONLY mode
[INFO] cute_ir_dump_patch installed.

Running Elementwise Add test with:
Tensor dimensions: [1024, 1024]
Input and Output Data type: Float32
Input tensor shapes:
a: torch.Size([1024, 1024]), dtype: torch.float32
b: torch.Size([1024, 1024]), dtype: torch.float32
c: torch.Size([1024, 1024]), dtype: torch.float32

Compiling kernel with cute.compile ...
[DSL INFO] Input Tensors:
[DSL INFO]   mA = !cute.memref<f32, gmem, "(?,?):(?{i64},1)">
[DSL INFO]   mB = !cute.memref<f32, gmem, "(?,?):(?{i64},1)">
[DSL INFO] Tiling Parameters:
[DSL INFO]   tiler_mn = (16, 128) per thread block
[DSL INFO]   tv_layout = ((32,4),(4,4)):((64,4),(16,1))
[DSL INFO] Tiled Tensors:
[DSL INFO]   gA = !cute.memref<f32, gmem, "((16,128),(?,?)):((?{i64},1),(?{i64 div=16},128))">
[DSL INFO]   gB = !cute.memref<f32, gmem, "((16,128),(?,?)):((?{i64},1),(?{i64 div=16},128))">
[DSL INFO]   gC = !cute.memref<f32, gmem, "((16,128),(?,?)):((?{i64},1),(?{i64 div=16},128))">
[DSL INFO]   coord tensor = !cute.coord_tensor<"(0,0)", "((16,128),(?,?)):((1@0,1@1),(16@0,128@1))">
[DSL INFO] Sliced Tensors per thread block:
[DSL INFO]   blkA = !cute.memref<f32, gmem, "(16,128):(?{i64},1)">
[DSL INFO]   blkB = !cute.memref<f32, gmem, "(16,128):(?{i64},1)">
[DSL INFO]   blkC = !cute.memref<f32, gmem, "(16,128):(?{i64},1)">
[DSL INFO]   blkCrd = !cute.coord_tensor<"(?{div=16},?{div=128})", "(16,128):(1@0,1@1)">
[DSL INFO] Sliced Tensors per thread:
[DSL INFO]   thrA = !cute.memref<f32, gmem, "((1,(4,4)),1,1):((0,(1,?{i64})),0,0)">
[DSL INFO]   thrB = !cute.memref<f32, gmem, "((1,(4,4)),1,1):((0,(1,?{i64})),0,0)">
[DSL INFO]   thrC = !cute.memref<f32, gmem, "((1,(4,4)),1,1):((0,(1,?{i64})),0,0)">
[DSL INFO]   thrCrd = !cute.coord_tensor<"(?{div=4},?{div=4})", "((1,(4,4)),1,1):((0,(1@1,1@0)),0,0)">



[PATCH] hit Compiler.compile
[DUMP] 0_ -> /home/jayce.su/notes/dsl/cutlass_with_notes/examples/python/CuTeDSL/ampere/elementwise_add/elementwise_add_0_.mlir (514 lines)
[DUMP] 001_CuteRemoveStaticArgs -> /home/jayce.su/notes/dsl/cutlass_with_notes/examples/python/CuTeDSL/ampere/elementwise_add/elementwise_add_001_CuteRemoveStaticArgs.mlir (516 lines)
[DUMP] 002_MaterializeTmaMulticast -> /home/jayce.su/notes/dsl/cutlass_with_notes/examples/python/CuTeDSL/ampere/elementwise_add/elementwise_add_002_MaterializeTmaMulticast.mlir (516 lines)
[DUMP] 003_SoftwarePipelinePass -> /home/jayce.su/notes/dsl/cutlass_with_notes/examples/python/CuTeDSL/ampere/elementwise_add/elementwise_add_003_SoftwarePipelinePass.mlir (516 lines)
[DUMP] 004_CuteDesugar -> /home/jayce.su/notes/dsl/cutlass_with_notes/examples/python/CuTeDSL/ampere/elementwise_add/elementwise_add_004_CuteDesugar.mlir (736 lines)
[DUMP] 005_CuteExpandOps -> /home/jayce.su/notes/dsl/cutlass_with_notes/examples/python/CuTeDSL/ampere/elementwise_add/elementwise_add_005_CuteExpandOps.mlir (1842 lines)
[DUMP] 006_CuteFoldStatic -> /home/jayce.su/notes/dsl/cutlass_with_notes/examples/python/CuTeDSL/ampere/elementwise_add/elementwise_add_006_CuteFoldStatic.mlir (1428 lines)
[DUMP] 007_InsertRangeInformation -> /home/jayce.su/notes/dsl/cutlass_with_notes/examples/python/CuTeDSL/ampere/elementwise_add/elementwise_add_007_InsertRangeInformation.mlir (1428 lines)
[DUMP] 008_Canonicalizer -> /home/jayce.su/notes/dsl/cutlass_with_notes/examples/python/CuTeDSL/ampere/elementwise_add/elementwise_add_008_Canonicalizer.mlir (1037 lines)
[DUMP] 009_CSE -> /home/jayce.su/notes/dsl/cutlass_with_notes/examples/python/CuTeDSL/ampere/elementwise_add/elementwise_add_009_CSE.mlir (951 lines)
[DUMP] 010_LoopInvariantCodeMotion -> /home/jayce.su/notes/dsl/cutlass_with_notes/examples/python/CuTeDSL/ampere/elementwise_add/elementwise_add_010_LoopInvariantCodeMotion.mlir (951 lines)
[DUMP] 011_LoopVectorizePass -> /home/jayce.su/notes/dsl/cutlass_with_notes/examples/python/CuTeDSL/ampere/elementwise_add/elementwise_add_011_LoopVectorizePass.mlir (951 lines)
[DUMP] 012_EliminateUnnecessarySyncPass -> /home/jayce.su/notes/dsl/cutlass_with_notes/examples/python/CuTeDSL/ampere/elementwise_add/elementwise_add_012_EliminateUnnecessarySyncPass.mlir (951 lines)
[DUMP] 013_StrengthReductionPass -> /home/jayce.su/notes/dsl/cutlass_with_notes/examples/python/CuTeDSL/ampere/elementwise_add/elementwise_add_013_StrengthReductionPass.mlir (951 lines)
[DUMP] 014_ConvertVectorToSCF -> /home/jayce.su/notes/dsl/cutlass_with_notes/examples/python/CuTeDSL/ampere/elementwise_add/elementwise_add_014_ConvertVectorToSCF.mlir (951 lines)
[DUMP] 015_ConvertCuteTypesInScfOps -> /home/jayce.su/notes/dsl/cutlass_with_notes/examples/python/CuTeDSL/ampere/elementwise_add/elementwise_add_015_ConvertCuteTypesInScfOps.mlir (951 lines)
[DUMP] 016_SCFToControlFlow -> /home/jayce.su/notes/dsl/cutlass_with_notes/examples/python/CuTeDSL/ampere/elementwise_add/elementwise_add_016_SCFToControlFlow.mlir (955 lines)
[DUMP] 017_ArithExpandOpsPass -> /home/jayce.su/notes/dsl/cutlass_with_notes/examples/python/CuTeDSL/ampere/elementwise_add/elementwise_add_017_ArithExpandOpsPass.mlir (1099 lines)
[DUMP] 018_ConvertMathToFuncs -> /home/jayce.su/notes/dsl/cutlass_with_notes/examples/python/CuTeDSL/ampere/elementwise_add/elementwise_add_018_ConvertMathToFuncs.mlir (1099 lines)
[DUMP] 019_GpuLaunchSinkIndexComputations -> /home/jayce.su/notes/dsl/cutlass_with_notes/examples/python/CuTeDSL/ampere/elementwise_add/elementwise_add_019_GpuLaunchSinkIndexComputations.mlir (1099 lines)
[DUMP] 020_ConvertToLLVMPass -> /home/jayce.su/notes/dsl/cutlass_with_notes/examples/python/CuTeDSL/ampere/elementwise_add/elementwise_add_020_ConvertToLLVMPass.mlir (1572 lines)
[DUMP] 021_ReconcileUnrealizedCasts -> /home/jayce.su/notes/dsl/cutlass_with_notes/examples/python/CuTeDSL/ampere/elementwise_add/elementwise_add_021_ReconcileUnrealizedCasts.mlir (1348 lines)
[DUMP] 022_GpuKernelOutlining -> /home/jayce.su/notes/dsl/cutlass_with_notes/examples/python/CuTeDSL/ampere/elementwise_add/elementwise_add_022_GpuKernelOutlining.mlir (1348 lines)
[DUMP] 023_SCFToControlFlow -> /home/jayce.su/notes/dsl/cutlass_with_notes/examples/python/CuTeDSL/ampere/elementwise_add/elementwise_add_023_SCFToControlFlow.mlir (1348 lines)
[DUMP] 024_ReconcileUnrealizedCasts -> /home/jayce.su/notes/dsl/cutlass_with_notes/examples/python/CuTeDSL/ampere/elementwise_add/elementwise_add_024_ReconcileUnrealizedCasts.mlir (1348 lines)
[DUMP] 025_ConvertToLLVMPass -> /home/jayce.su/notes/dsl/cutlass_with_notes/examples/python/CuTeDSL/ampere/elementwise_add/elementwise_add_025_ConvertToLLVMPass.mlir (1348 lines)
[DUMP] 026_Canonicalizer -> /home/jayce.su/notes/dsl/cutlass_with_notes/examples/python/CuTeDSL/ampere/elementwise_add/elementwise_add_026_Canonicalizer.mlir (976 lines)
[DUMP] 027_CSE -> /home/jayce.su/notes/dsl/cutlass_with_notes/examples/python/CuTeDSL/ampere/elementwise_add/elementwise_add_027_CSE.mlir (964 lines)
[DUMP] 028_ConvertVectorToLLVMPass -> /home/jayce.su/notes/dsl/cutlass_with_notes/examples/python/CuTeDSL/ampere/elementwise_add/elementwise_add_028_ConvertVectorToLLVMPass.mlir (958 lines)
[DUMP] 029_ConvertNVVMToLLVMPass -> /home/jayce.su/notes/dsl/cutlass_with_notes/examples/python/CuTeDSL/ampere/elementwise_add/elementwise_add_029_ConvertNVVMToLLVMPass.mlir (958 lines)
[DUMP] 030_CudaComputeTargetPass -> /home/jayce.su/notes/dsl/cutlass_with_notes/examples/python/CuTeDSL/ampere/elementwise_add/elementwise_add_030_CudaComputeTargetPass.mlir (663 lines)
[DUMP] 031_FinalizeMemRefToLLVMConversionPass -> /home/jayce.su/notes/dsl/cutlass_with_notes/examples/python/CuTeDSL/ampere/elementwise_add/elementwise_add_031_FinalizeMemRefToLLVMConversionPass.mlir (958 lines)
[DUMP] 032_ExpandStridedMetadata -> /home/jayce.su/notes/dsl/cutlass_with_notes/examples/python/CuTeDSL/ampere/elementwise_add/elementwise_add_032_ExpandStridedMetadata.mlir (958 lines)
[DUMP] 033_ArithToLLVMConversionPass -> /home/jayce.su/notes/dsl/cutlass_with_notes/examples/python/CuTeDSL/ampere/elementwise_add/elementwise_add_033_ArithToLLVMConversionPass.mlir (958 lines)
[DUMP] 034_ConvertFastmathOps -> /home/jayce.su/notes/dsl/cutlass_with_notes/examples/python/CuTeDSL/ampere/elementwise_add/elementwise_add_034_ConvertFastmathOps.mlir (663 lines)
[DUMP] 035_ConvertGpuOpsToNVVMOps -> /home/jayce.su/notes/dsl/cutlass_with_notes/examples/python/CuTeDSL/ampere/elementwise_add/elementwise_add_035_ConvertGpuOpsToNVVMOps.mlir (663 lines)
[DUMP] 036_StoreGpuLaunchAttribute -> /home/jayce.su/notes/dsl/cutlass_with_notes/examples/python/CuTeDSL/ampere/elementwise_add/elementwise_add_036_StoreGpuLaunchAttribute.mlir (958 lines)
[DUMP] 037_GpuToLLVMConversionPass -> /home/jayce.su/notes/dsl/cutlass_with_notes/examples/python/CuTeDSL/ampere/elementwise_add/elementwise_add_037_GpuToLLVMConversionPass.mlir (958 lines)
[DUMP] 038_StoreGpuLaunchAttribute -> /home/jayce.su/notes/dsl/cutlass_with_notes/examples/python/CuTeDSL/ampere/elementwise_add/elementwise_add_038_StoreGpuLaunchAttribute.mlir (958 lines)
[DUMP] 039_ConvertMathToLLVMPass -> /home/jayce.su/notes/dsl/cutlass_with_notes/examples/python/CuTeDSL/ampere/elementwise_add/elementwise_add_039_ConvertMathToLLVMPass.mlir (958 lines)
[DUMP] 040_Canonicalizer -> /home/jayce.su/notes/dsl/cutlass_with_notes/examples/python/CuTeDSL/ampere/elementwise_add/elementwise_add_040_Canonicalizer.mlir (958 lines)
[DUMP] 041_CSE -> /home/jayce.su/notes/dsl/cutlass_with_notes/examples/python/CuTeDSL/ampere/elementwise_add/elementwise_add_041_CSE.mlir (958 lines)
[DUMP] 042_ReconcileUnrealizedCasts -> /home/jayce.su/notes/dsl/cutlass_with_notes/examples/python/CuTeDSL/ampere/elementwise_add/elementwise_add_042_ReconcileUnrealizedCasts.mlir (958 lines)
[DUMP] 043_DIScopeForLLVMFuncOpPass -> /home/jayce.su/notes/dsl/cutlass_with_notes/examples/python/CuTeDSL/ampere/elementwise_add/elementwise_add_043_DIScopeForLLVMFuncOpPass.mlir (958 lines)
[DUMP] 044_CudaToBinaryPass -> /home/jayce.su/notes/dsl/cutlass_with_notes/examples/python/CuTeDSL/ampere/elementwise_add/elementwise_add_044_CudaToBinaryPass.mlir (308 lines)
[DUMP] 045_ConvertToLLVMPass -> /home/jayce.su/notes/dsl/cutlass_with_notes/examples/python/CuTeDSL/ampere/elementwise_add/elementwise_add_045_ConvertToLLVMPass.mlir (488 lines)
[DUMP] 046_ReconcileUnrealizedCasts -> /home/jayce.su/notes/dsl/cutlass_with_notes/examples/python/CuTeDSL/ampere/elementwise_add/elementwise_add_046_ReconcileUnrealizedCasts.mlir (486 lines)
[DUMP] 047_CudaErrorHandlingPass -> /home/jayce.su/notes/dsl/cutlass_with_notes/examples/python/CuTeDSL/ampere/elementwise_add/elementwise_add_047_CudaErrorHandlingPass.mlir (493 lines)
[DUMP] per-pass IR split -> 47 files
[INFO] COMPILE-ONLY mode: skip JIT & execution completely.
Compilation time: 11.6899 seconds
Executing vector add kernel...
Verifying results...
Results verified successfully!

PASS
