[INFO] Run tag: dense_gemm_software_pipeline
[INFO] Stdout mirrored to: /home/jayce.su/notes/dsl/cutlass_with_notes/examples/python/CuTeDSL/blackwell/dense_gemm_software_pipeline/dense_gemm_software_pipeline_stdout.log
[INFO] Stderr mirrored to: /home/jayce.su/notes/dsl/cutlass_with_notes/examples/python/CuTeDSL/blackwell/dense_gemm_software_pipeline/dense_gemm_software_pipeline_stderr.log
[INFO] Stdout IR slice saved to: /home/jayce.su/notes/dsl/cutlass_with_notes/examples/python/CuTeDSL/blackwell/dense_gemm_software_pipeline/dense_gemm_software_pipeline_0_with_loc.mlir
[INFO] Patched Compiler.compile -> compile_and_dump
[INFO] Patched CUDA runtime for COMPILE-ONLY mode (skip arch compatibility check)
[INFO] Patched HardwareInfo.get_max_active_clusters for COMPILE-ONLY mode
[INFO] cute_ir_dump_patch installed.
Running Blackwell Software Pipeline Dense GEMM test with:
mnkl: (256, 256, 512, 1)
AB dtype: TFloat32, C dtype: Float32, Acc dtype: Float32
Matrix majors - A: k, B: k, C: n
Mma Tiler (M, N): (128, 128), Cluster Shape (M, N): (1, 1)
2CTA MMA instructions: False
Use TMA Store: False
Tolerance: 0.1
Warmup iterations: 0
Iterations: 1
Skip reference checking: False
Use cold L2: False



[PATCH] hit Compiler.compile
[DUMP] 0_ -> /home/jayce.su/notes/dsl/cutlass_with_notes/examples/python/CuTeDSL/blackwell/dense_gemm_software_pipeline/dense_gemm_software_pipeline_0_.mlir (1712 lines)
[DUMP] 001_CuteRemoveStaticArgs -> /home/jayce.su/notes/dsl/cutlass_with_notes/examples/python/CuTeDSL/blackwell/dense_gemm_software_pipeline/dense_gemm_software_pipeline_001_CuteRemoveStaticArgs.mlir (1717 lines)
[DUMP] 002_MaterializeTmaMulticast -> /home/jayce.su/notes/dsl/cutlass_with_notes/examples/python/CuTeDSL/blackwell/dense_gemm_software_pipeline/dense_gemm_software_pipeline_002_MaterializeTmaMulticast.mlir (1717 lines)
[DUMP] 003_SoftwarePipelinePass -> /home/jayce.su/notes/dsl/cutlass_with_notes/examples/python/CuTeDSL/blackwell/dense_gemm_software_pipeline/dense_gemm_software_pipeline_003_SoftwarePipelinePass.mlir (1649 lines)
[DUMP] 004_CuteDesugar -> /home/jayce.su/notes/dsl/cutlass_with_notes/examples/python/CuTeDSL/blackwell/dense_gemm_software_pipeline/dense_gemm_software_pipeline_004_CuteDesugar.mlir (2052 lines)
[DUMP] 005_CuteExpandOps -> /home/jayce.su/notes/dsl/cutlass_with_notes/examples/python/CuTeDSL/blackwell/dense_gemm_software_pipeline/dense_gemm_software_pipeline_005_CuteExpandOps.mlir (3873 lines)
[DUMP] 006_CuteFoldStatic -> /home/jayce.su/notes/dsl/cutlass_with_notes/examples/python/CuTeDSL/blackwell/dense_gemm_software_pipeline/dense_gemm_software_pipeline_006_CuteFoldStatic.mlir (2689 lines)
[DUMP] 007_InsertRangeInformation -> /home/jayce.su/notes/dsl/cutlass_with_notes/examples/python/CuTeDSL/blackwell/dense_gemm_software_pipeline/dense_gemm_software_pipeline_007_InsertRangeInformation.mlir (2689 lines)
[DUMP] 008_Canonicalizer -> /home/jayce.su/notes/dsl/cutlass_with_notes/examples/python/CuTeDSL/blackwell/dense_gemm_software_pipeline/dense_gemm_software_pipeline_008_Canonicalizer.mlir (1826 lines)
[DUMP] 009_CSE -> /home/jayce.su/notes/dsl/cutlass_with_notes/examples/python/CuTeDSL/blackwell/dense_gemm_software_pipeline/dense_gemm_software_pipeline_009_CSE.mlir (1689 lines)
[DUMP] 010_LoopInvariantCodeMotion -> /home/jayce.su/notes/dsl/cutlass_with_notes/examples/python/CuTeDSL/blackwell/dense_gemm_software_pipeline/dense_gemm_software_pipeline_010_LoopInvariantCodeMotion.mlir (1689 lines)
[DUMP] 011_LoopVectorizePass -> /home/jayce.su/notes/dsl/cutlass_with_notes/examples/python/CuTeDSL/blackwell/dense_gemm_software_pipeline/dense_gemm_software_pipeline_011_LoopVectorizePass.mlir (1689 lines)
[DUMP] 012_EliminateUnnecessarySyncPass -> /home/jayce.su/notes/dsl/cutlass_with_notes/examples/python/CuTeDSL/blackwell/dense_gemm_software_pipeline/dense_gemm_software_pipeline_012_EliminateUnnecessarySyncPass.mlir (1689 lines)
[DUMP] 013_StrengthReductionPass -> /home/jayce.su/notes/dsl/cutlass_with_notes/examples/python/CuTeDSL/blackwell/dense_gemm_software_pipeline/dense_gemm_software_pipeline_013_StrengthReductionPass.mlir (1689 lines)
[DUMP] 014_ConvertVectorToSCF -> /home/jayce.su/notes/dsl/cutlass_with_notes/examples/python/CuTeDSL/blackwell/dense_gemm_software_pipeline/dense_gemm_software_pipeline_014_ConvertVectorToSCF.mlir (1689 lines)
[DUMP] 015_ConvertCuteTypesInScfOps -> /home/jayce.su/notes/dsl/cutlass_with_notes/examples/python/CuTeDSL/blackwell/dense_gemm_software_pipeline/dense_gemm_software_pipeline_015_ConvertCuteTypesInScfOps.mlir (1692 lines)
[DUMP] 016_SCFToControlFlow -> /home/jayce.su/notes/dsl/cutlass_with_notes/examples/python/CuTeDSL/blackwell/dense_gemm_software_pipeline/dense_gemm_software_pipeline_016_SCFToControlFlow.mlir (1737 lines)
[DUMP] 017_ArithExpandOpsPass -> /home/jayce.su/notes/dsl/cutlass_with_notes/examples/python/CuTeDSL/blackwell/dense_gemm_software_pipeline/dense_gemm_software_pipeline_017_ArithExpandOpsPass.mlir (1892 lines)
[DUMP] 018_ConvertMathToFuncs -> /home/jayce.su/notes/dsl/cutlass_with_notes/examples/python/CuTeDSL/blackwell/dense_gemm_software_pipeline/dense_gemm_software_pipeline_018_ConvertMathToFuncs.mlir (1892 lines)
[DUMP] 019_GpuLaunchSinkIndexComputations -> /home/jayce.su/notes/dsl/cutlass_with_notes/examples/python/CuTeDSL/blackwell/dense_gemm_software_pipeline/dense_gemm_software_pipeline_019_GpuLaunchSinkIndexComputations.mlir (1892 lines)
[DUMP] 020_ConvertToLLVMPass -> /home/jayce.su/notes/dsl/cutlass_with_notes/examples/python/CuTeDSL/blackwell/dense_gemm_software_pipeline/dense_gemm_software_pipeline_020_ConvertToLLVMPass.mlir (2969 lines)
[DUMP] 021_ReconcileUnrealizedCasts -> /home/jayce.su/notes/dsl/cutlass_with_notes/examples/python/CuTeDSL/blackwell/dense_gemm_software_pipeline/dense_gemm_software_pipeline_021_ReconcileUnrealizedCasts.mlir (2399 lines)
[DUMP] 022_GpuKernelOutlining -> /home/jayce.su/notes/dsl/cutlass_with_notes/examples/python/CuTeDSL/blackwell/dense_gemm_software_pipeline/dense_gemm_software_pipeline_022_GpuKernelOutlining.mlir (2399 lines)
[DUMP] 023_SCFToControlFlow -> /home/jayce.su/notes/dsl/cutlass_with_notes/examples/python/CuTeDSL/blackwell/dense_gemm_software_pipeline/dense_gemm_software_pipeline_023_SCFToControlFlow.mlir (2399 lines)
[DUMP] 024_ReconcileUnrealizedCasts -> /home/jayce.su/notes/dsl/cutlass_with_notes/examples/python/CuTeDSL/blackwell/dense_gemm_software_pipeline/dense_gemm_software_pipeline_024_ReconcileUnrealizedCasts.mlir (2399 lines)
[DUMP] 025_ConvertToLLVMPass -> /home/jayce.su/notes/dsl/cutlass_with_notes/examples/python/CuTeDSL/blackwell/dense_gemm_software_pipeline/dense_gemm_software_pipeline_025_ConvertToLLVMPass.mlir (2399 lines)
[DUMP] 026_Canonicalizer -> /home/jayce.su/notes/dsl/cutlass_with_notes/examples/python/CuTeDSL/blackwell/dense_gemm_software_pipeline/dense_gemm_software_pipeline_026_Canonicalizer.mlir (1539 lines)
[DUMP] 027_CSE -> /home/jayce.su/notes/dsl/cutlass_with_notes/examples/python/CuTeDSL/blackwell/dense_gemm_software_pipeline/dense_gemm_software_pipeline_027_CSE.mlir (1525 lines)
[DUMP] 028_ConvertVectorToLLVMPass -> /home/jayce.su/notes/dsl/cutlass_with_notes/examples/python/CuTeDSL/blackwell/dense_gemm_software_pipeline/dense_gemm_software_pipeline_028_ConvertVectorToLLVMPass.mlir (1509 lines)
[DUMP] 029_ConvertNVVMToLLVMPass -> /home/jayce.su/notes/dsl/cutlass_with_notes/examples/python/CuTeDSL/blackwell/dense_gemm_software_pipeline/dense_gemm_software_pipeline_029_ConvertNVVMToLLVMPass.mlir (1510 lines)
[DUMP] 030_CudaComputeTargetPass -> /home/jayce.su/notes/dsl/cutlass_with_notes/examples/python/CuTeDSL/blackwell/dense_gemm_software_pipeline/dense_gemm_software_pipeline_030_CudaComputeTargetPass.mlir (1090 lines)
[DUMP] 031_FinalizeMemRefToLLVMConversionPass -> /home/jayce.su/notes/dsl/cutlass_with_notes/examples/python/CuTeDSL/blackwell/dense_gemm_software_pipeline/dense_gemm_software_pipeline_031_FinalizeMemRefToLLVMConversionPass.mlir (1510 lines)
[DUMP] 032_ExpandStridedMetadata -> /home/jayce.su/notes/dsl/cutlass_with_notes/examples/python/CuTeDSL/blackwell/dense_gemm_software_pipeline/dense_gemm_software_pipeline_032_ExpandStridedMetadata.mlir (1509 lines)
[DUMP] 033_ArithToLLVMConversionPass -> /home/jayce.su/notes/dsl/cutlass_with_notes/examples/python/CuTeDSL/blackwell/dense_gemm_software_pipeline/dense_gemm_software_pipeline_033_ArithToLLVMConversionPass.mlir (1509 lines)
[DUMP] 034_StripDebugInfo -> /home/jayce.su/notes/dsl/cutlass_with_notes/examples/python/CuTeDSL/blackwell/dense_gemm_software_pipeline/dense_gemm_software_pipeline_034_StripDebugInfo.mlir (1089 lines)
[DUMP] 035_ConvertFastmathOps -> /home/jayce.su/notes/dsl/cutlass_with_notes/examples/python/CuTeDSL/blackwell/dense_gemm_software_pipeline/dense_gemm_software_pipeline_035_ConvertFastmathOps.mlir (1089 lines)
[DUMP] 036_ConvertGpuOpsToNVVMOps -> /home/jayce.su/notes/dsl/cutlass_with_notes/examples/python/CuTeDSL/blackwell/dense_gemm_software_pipeline/dense_gemm_software_pipeline_036_ConvertGpuOpsToNVVMOps.mlir (1089 lines)
[DUMP] 037_StoreGpuLaunchAttribute -> /home/jayce.su/notes/dsl/cutlass_with_notes/examples/python/CuTeDSL/blackwell/dense_gemm_software_pipeline/dense_gemm_software_pipeline_037_StoreGpuLaunchAttribute.mlir (1509 lines)
[DUMP] 038_GpuToLLVMConversionPass -> /home/jayce.su/notes/dsl/cutlass_with_notes/examples/python/CuTeDSL/blackwell/dense_gemm_software_pipeline/dense_gemm_software_pipeline_038_GpuToLLVMConversionPass.mlir (1509 lines)
[DUMP] 039_StoreGpuLaunchAttribute -> /home/jayce.su/notes/dsl/cutlass_with_notes/examples/python/CuTeDSL/blackwell/dense_gemm_software_pipeline/dense_gemm_software_pipeline_039_StoreGpuLaunchAttribute.mlir (1509 lines)
[DUMP] 040_ConvertMathToLLVMPass -> /home/jayce.su/notes/dsl/cutlass_with_notes/examples/python/CuTeDSL/blackwell/dense_gemm_software_pipeline/dense_gemm_software_pipeline_040_ConvertMathToLLVMPass.mlir (1509 lines)
[DUMP] 041_Canonicalizer -> /home/jayce.su/notes/dsl/cutlass_with_notes/examples/python/CuTeDSL/blackwell/dense_gemm_software_pipeline/dense_gemm_software_pipeline_041_Canonicalizer.mlir (1509 lines)
[DUMP] 042_CSE -> /home/jayce.su/notes/dsl/cutlass_with_notes/examples/python/CuTeDSL/blackwell/dense_gemm_software_pipeline/dense_gemm_software_pipeline_042_CSE.mlir (1509 lines)
[DUMP] 043_ReconcileUnrealizedCasts -> /home/jayce.su/notes/dsl/cutlass_with_notes/examples/python/CuTeDSL/blackwell/dense_gemm_software_pipeline/dense_gemm_software_pipeline_043_ReconcileUnrealizedCasts.mlir (1509 lines)
[DUMP] 044_CudaToBinaryPass -> /home/jayce.su/notes/dsl/cutlass_with_notes/examples/python/CuTeDSL/blackwell/dense_gemm_software_pipeline/dense_gemm_software_pipeline_044_CudaToBinaryPass.mlir (431 lines)
[DUMP] 045_ConvertToLLVMPass -> /home/jayce.su/notes/dsl/cutlass_with_notes/examples/python/CuTeDSL/blackwell/dense_gemm_software_pipeline/dense_gemm_software_pipeline_045_ConvertToLLVMPass.mlir (611 lines)
[DUMP] 046_ReconcileUnrealizedCasts -> /home/jayce.su/notes/dsl/cutlass_with_notes/examples/python/CuTeDSL/blackwell/dense_gemm_software_pipeline/dense_gemm_software_pipeline_046_ReconcileUnrealizedCasts.mlir (609 lines)
[DUMP] 047_CudaErrorHandlingPass -> /home/jayce.su/notes/dsl/cutlass_with_notes/examples/python/CuTeDSL/blackwell/dense_gemm_software_pipeline/dense_gemm_software_pipeline_047_CudaErrorHandlingPass.mlir (616 lines)
[DUMP] per-pass IR split -> 47 files
[INFO] COMPILE-ONLY mode: skip JIT & execution completely.
