[INFO] Run tag: dense_gemm_persistent
[INFO] Stdout mirrored to: /home/jayce.su/notes/dsl/cutlass_with_notes/examples/python/CuTeDSL/hopper/dense_gemm_persistent/dense_gemm_persistent_stdout.log
[INFO] Stderr mirrored to: /home/jayce.su/notes/dsl/cutlass_with_notes/examples/python/CuTeDSL/hopper/dense_gemm_persistent/dense_gemm_persistent_stderr.log
[INFO] Stdout IR slice saved to: /home/jayce.su/notes/dsl/cutlass_with_notes/examples/python/CuTeDSL/hopper/dense_gemm_persistent/dense_gemm_persistent_0_with_loc.mlir
[INFO] Patched Compiler.compile -> compile_and_dump
[INFO] Patched CUDA runtime for COMPILE-ONLY mode (skip arch compatibility check)
[INFO] Patched HardwareInfo.get_max_active_clusters for COMPILE-ONLY mode
[INFO] cute_ir_dump_patch installed.
Running Hopper Persistent Dense GEMM with:
mnkl: (4096, 4096, 4096, 1)
A dtype: Float16, B dtype: Float16, C dtype: Float16, Acc dtype: Float32
Matrix majors - A: k, B: k, C: n
Tile Shape: (128, 128), Cluster Shape: (1, 1)
Swizzle size: 1, Raster order: along_m
Tolerance: 0.1
Warmup iterations: 0
Iterations: 1
Skip reference checking: False
Use cold L2: False



[PATCH] hit Compiler.compile
[DUMP] 0_ -> /home/jayce.su/notes/dsl/cutlass_with_notes/examples/python/CuTeDSL/hopper/dense_gemm_persistent/dense_gemm_persistent_0_.mlir (4015 lines)
[DUMP] 001_CuteRemoveStaticArgs -> /home/jayce.su/notes/dsl/cutlass_with_notes/examples/python/CuTeDSL/hopper/dense_gemm_persistent/dense_gemm_persistent_001_CuteRemoveStaticArgs.mlir (4022 lines)
[DUMP] 002_MaterializeTmaMulticast -> /home/jayce.su/notes/dsl/cutlass_with_notes/examples/python/CuTeDSL/hopper/dense_gemm_persistent/dense_gemm_persistent_002_MaterializeTmaMulticast.mlir (4022 lines)
[DUMP] 003_SoftwarePipelinePass -> /home/jayce.su/notes/dsl/cutlass_with_notes/examples/python/CuTeDSL/hopper/dense_gemm_persistent/dense_gemm_persistent_003_SoftwarePipelinePass.mlir (4022 lines)
[DUMP] 004_CuteDesugar -> /home/jayce.su/notes/dsl/cutlass_with_notes/examples/python/CuTeDSL/hopper/dense_gemm_persistent/dense_gemm_persistent_004_CuteDesugar.mlir (5252 lines)
[DUMP] 005_CuteExpandOps -> /home/jayce.su/notes/dsl/cutlass_with_notes/examples/python/CuTeDSL/hopper/dense_gemm_persistent/dense_gemm_persistent_005_CuteExpandOps.mlir (9782 lines)
[DUMP] 006_CuteFoldStatic -> /home/jayce.su/notes/dsl/cutlass_with_notes/examples/python/CuTeDSL/hopper/dense_gemm_persistent/dense_gemm_persistent_006_CuteFoldStatic.mlir (6831 lines)
[DUMP] 007_InsertRangeInformation -> /home/jayce.su/notes/dsl/cutlass_with_notes/examples/python/CuTeDSL/hopper/dense_gemm_persistent/dense_gemm_persistent_007_InsertRangeInformation.mlir (6831 lines)
[DUMP] 008_Canonicalizer -> /home/jayce.su/notes/dsl/cutlass_with_notes/examples/python/CuTeDSL/hopper/dense_gemm_persistent/dense_gemm_persistent_008_Canonicalizer.mlir (4224 lines)
[DUMP] 009_CSE -> /home/jayce.su/notes/dsl/cutlass_with_notes/examples/python/CuTeDSL/hopper/dense_gemm_persistent/dense_gemm_persistent_009_CSE.mlir (3544 lines)
[DUMP] 010_LoopInvariantCodeMotion -> /home/jayce.su/notes/dsl/cutlass_with_notes/examples/python/CuTeDSL/hopper/dense_gemm_persistent/dense_gemm_persistent_010_LoopInvariantCodeMotion.mlir (3544 lines)
[DUMP] 011_LoopVectorizePass -> /home/jayce.su/notes/dsl/cutlass_with_notes/examples/python/CuTeDSL/hopper/dense_gemm_persistent/dense_gemm_persistent_011_LoopVectorizePass.mlir (3544 lines)
[DUMP] 012_EliminateUnnecessarySyncPass -> /home/jayce.su/notes/dsl/cutlass_with_notes/examples/python/CuTeDSL/hopper/dense_gemm_persistent/dense_gemm_persistent_012_EliminateUnnecessarySyncPass.mlir (3544 lines)
[DUMP] 013_StrengthReductionPass -> /home/jayce.su/notes/dsl/cutlass_with_notes/examples/python/CuTeDSL/hopper/dense_gemm_persistent/dense_gemm_persistent_013_StrengthReductionPass.mlir (3544 lines)
[DUMP] 014_ConvertVectorToSCF -> /home/jayce.su/notes/dsl/cutlass_with_notes/examples/python/CuTeDSL/hopper/dense_gemm_persistent/dense_gemm_persistent_014_ConvertVectorToSCF.mlir (3544 lines)
[DUMP] 015_ConvertCuteTypesInScfOps -> /home/jayce.su/notes/dsl/cutlass_with_notes/examples/python/CuTeDSL/hopper/dense_gemm_persistent/dense_gemm_persistent_015_ConvertCuteTypesInScfOps.mlir (3547 lines)
[DUMP] 016_SCFToControlFlow -> /home/jayce.su/notes/dsl/cutlass_with_notes/examples/python/CuTeDSL/hopper/dense_gemm_persistent/dense_gemm_persistent_016_SCFToControlFlow.mlir (3670 lines)
[DUMP] 017_ArithExpandOpsPass -> /home/jayce.su/notes/dsl/cutlass_with_notes/examples/python/CuTeDSL/hopper/dense_gemm_persistent/dense_gemm_persistent_017_ArithExpandOpsPass.mlir (3839 lines)
[DUMP] 018_ConvertMathToFuncs -> /home/jayce.su/notes/dsl/cutlass_with_notes/examples/python/CuTeDSL/hopper/dense_gemm_persistent/dense_gemm_persistent_018_ConvertMathToFuncs.mlir (3839 lines)
[DUMP] 019_GpuLaunchSinkIndexComputations -> /home/jayce.su/notes/dsl/cutlass_with_notes/examples/python/CuTeDSL/hopper/dense_gemm_persistent/dense_gemm_persistent_019_GpuLaunchSinkIndexComputations.mlir (3839 lines)
[DUMP] 020_ConvertToLLVMPass -> /home/jayce.su/notes/dsl/cutlass_with_notes/examples/python/CuTeDSL/hopper/dense_gemm_persistent/dense_gemm_persistent_020_ConvertToLLVMPass.mlir (7871 lines)
[DUMP] 021_ReconcileUnrealizedCasts -> /home/jayce.su/notes/dsl/cutlass_with_notes/examples/python/CuTeDSL/hopper/dense_gemm_persistent/dense_gemm_persistent_021_ReconcileUnrealizedCasts.mlir (7794 lines)
[DUMP] 022_GpuKernelOutlining -> /home/jayce.su/notes/dsl/cutlass_with_notes/examples/python/CuTeDSL/hopper/dense_gemm_persistent/dense_gemm_persistent_022_GpuKernelOutlining.mlir (7794 lines)
[DUMP] 023_SCFToControlFlow -> /home/jayce.su/notes/dsl/cutlass_with_notes/examples/python/CuTeDSL/hopper/dense_gemm_persistent/dense_gemm_persistent_023_SCFToControlFlow.mlir (7794 lines)
[DUMP] 024_ReconcileUnrealizedCasts -> /home/jayce.su/notes/dsl/cutlass_with_notes/examples/python/CuTeDSL/hopper/dense_gemm_persistent/dense_gemm_persistent_024_ReconcileUnrealizedCasts.mlir (7794 lines)
[DUMP] 025_ConvertToLLVMPass -> /home/jayce.su/notes/dsl/cutlass_with_notes/examples/python/CuTeDSL/hopper/dense_gemm_persistent/dense_gemm_persistent_025_ConvertToLLVMPass.mlir (7794 lines)
[DUMP] 026_Canonicalizer -> /home/jayce.su/notes/dsl/cutlass_with_notes/examples/python/CuTeDSL/hopper/dense_gemm_persistent/dense_gemm_persistent_026_Canonicalizer.mlir (4919 lines)
[DUMP] 027_CSE -> /home/jayce.su/notes/dsl/cutlass_with_notes/examples/python/CuTeDSL/hopper/dense_gemm_persistent/dense_gemm_persistent_027_CSE.mlir (4518 lines)
[DUMP] 028_ConvertVectorToLLVMPass -> /home/jayce.su/notes/dsl/cutlass_with_notes/examples/python/CuTeDSL/hopper/dense_gemm_persistent/dense_gemm_persistent_028_ConvertVectorToLLVMPass.mlir (4490 lines)
[DUMP] 029_ConvertNVVMToLLVMPass -> /home/jayce.su/notes/dsl/cutlass_with_notes/examples/python/CuTeDSL/hopper/dense_gemm_persistent/dense_gemm_persistent_029_ConvertNVVMToLLVMPass.mlir (4491 lines)
[DUMP] 030_CudaComputeTargetPass -> /home/jayce.su/notes/dsl/cutlass_with_notes/examples/python/CuTeDSL/hopper/dense_gemm_persistent/dense_gemm_persistent_030_CudaComputeTargetPass.mlir (3849 lines)
[DUMP] 031_FinalizeMemRefToLLVMConversionPass -> /home/jayce.su/notes/dsl/cutlass_with_notes/examples/python/CuTeDSL/hopper/dense_gemm_persistent/dense_gemm_persistent_031_FinalizeMemRefToLLVMConversionPass.mlir (4491 lines)
[DUMP] 032_ExpandStridedMetadata -> /home/jayce.su/notes/dsl/cutlass_with_notes/examples/python/CuTeDSL/hopper/dense_gemm_persistent/dense_gemm_persistent_032_ExpandStridedMetadata.mlir (4490 lines)
[DUMP] 033_ArithToLLVMConversionPass -> /home/jayce.su/notes/dsl/cutlass_with_notes/examples/python/CuTeDSL/hopper/dense_gemm_persistent/dense_gemm_persistent_033_ArithToLLVMConversionPass.mlir (4490 lines)
[DUMP] 034_ConvertFastmathOps -> /home/jayce.su/notes/dsl/cutlass_with_notes/examples/python/CuTeDSL/hopper/dense_gemm_persistent/dense_gemm_persistent_034_ConvertFastmathOps.mlir (3848 lines)
[DUMP] 035_ConvertGpuOpsToNVVMOps -> /home/jayce.su/notes/dsl/cutlass_with_notes/examples/python/CuTeDSL/hopper/dense_gemm_persistent/dense_gemm_persistent_035_ConvertGpuOpsToNVVMOps.mlir (3848 lines)
[DUMP] 036_StoreGpuLaunchAttribute -> /home/jayce.su/notes/dsl/cutlass_with_notes/examples/python/CuTeDSL/hopper/dense_gemm_persistent/dense_gemm_persistent_036_StoreGpuLaunchAttribute.mlir (4490 lines)
[DUMP] 037_GpuToLLVMConversionPass -> /home/jayce.su/notes/dsl/cutlass_with_notes/examples/python/CuTeDSL/hopper/dense_gemm_persistent/dense_gemm_persistent_037_GpuToLLVMConversionPass.mlir (4490 lines)
[DUMP] 038_StoreGpuLaunchAttribute -> /home/jayce.su/notes/dsl/cutlass_with_notes/examples/python/CuTeDSL/hopper/dense_gemm_persistent/dense_gemm_persistent_038_StoreGpuLaunchAttribute.mlir (4490 lines)
[DUMP] 039_ConvertMathToLLVMPass -> /home/jayce.su/notes/dsl/cutlass_with_notes/examples/python/CuTeDSL/hopper/dense_gemm_persistent/dense_gemm_persistent_039_ConvertMathToLLVMPass.mlir (4490 lines)
[DUMP] 040_Canonicalizer -> /home/jayce.su/notes/dsl/cutlass_with_notes/examples/python/CuTeDSL/hopper/dense_gemm_persistent/dense_gemm_persistent_040_Canonicalizer.mlir (4490 lines)
[DUMP] 041_CSE -> /home/jayce.su/notes/dsl/cutlass_with_notes/examples/python/CuTeDSL/hopper/dense_gemm_persistent/dense_gemm_persistent_041_CSE.mlir (4490 lines)
[DUMP] 042_ReconcileUnrealizedCasts -> /home/jayce.su/notes/dsl/cutlass_with_notes/examples/python/CuTeDSL/hopper/dense_gemm_persistent/dense_gemm_persistent_042_ReconcileUnrealizedCasts.mlir (4490 lines)
[DUMP] 043_DIScopeForLLVMFuncOpPass -> /home/jayce.su/notes/dsl/cutlass_with_notes/examples/python/CuTeDSL/hopper/dense_gemm_persistent/dense_gemm_persistent_043_DIScopeForLLVMFuncOpPass.mlir (4490 lines)
[DUMP] 044_CudaToBinaryPass -> /home/jayce.su/notes/dsl/cutlass_with_notes/examples/python/CuTeDSL/hopper/dense_gemm_persistent/dense_gemm_persistent_044_CudaToBinaryPass.mlir (653 lines)
[DUMP] 045_ConvertToLLVMPass -> /home/jayce.su/notes/dsl/cutlass_with_notes/examples/python/CuTeDSL/hopper/dense_gemm_persistent/dense_gemm_persistent_045_ConvertToLLVMPass.mlir (868 lines)
[DUMP] 046_ReconcileUnrealizedCasts -> /home/jayce.su/notes/dsl/cutlass_with_notes/examples/python/CuTeDSL/hopper/dense_gemm_persistent/dense_gemm_persistent_046_ReconcileUnrealizedCasts.mlir (866 lines)
[DUMP] 047_CudaErrorHandlingPass -> /home/jayce.su/notes/dsl/cutlass_with_notes/examples/python/CuTeDSL/hopper/dense_gemm_persistent/dense_gemm_persistent_047_CudaErrorHandlingPass.mlir (873 lines)
[DUMP] per-pass IR split -> 47 files
[INFO] COMPILE-ONLY mode: skip JIT & execution completely.
PASS
