[INFO] Run tag: mla
[INFO] Stdout mirrored to: /home/jayce.su/notes/dsl/cutlass_with_notes/examples/python/CuTeDSL/blackwell/mla/mla_stdout.log
[INFO] Stderr mirrored to: /home/jayce.su/notes/dsl/cutlass_with_notes/examples/python/CuTeDSL/blackwell/mla/mla_stderr.log
[INFO] Stdout IR slice saved to: /home/jayce.su/notes/dsl/cutlass_with_notes/examples/python/CuTeDSL/blackwell/mla/mla_0_with_loc.mlir
[INFO] Patched Compiler.compile -> compile_and_dump
[INFO] Patched CUDA runtime for COMPILE-ONLY mode (skip arch compatibility check)
[INFO] Patched HardwareInfo.get_max_active_clusters for COMPILE-ONLY mode
[INFO] cute_ir_dump_patch installed.
Running Blackwell MLA test with:
  batch_size: 1
  seq_len: 128
  num_heads: 128
  latent_dim: 512
  rope_dim: 64
  in_dtype: Float8E4M3FN
  out_dtype: Float16
  acc_dtype: Float32
  mma_qk_tiler_mn: (128, 128)
  mma_pv_tiler_mn: (128, 256)
  split_kv: -1
  is_persistent: False
  is_cpasync: False
  is_var_seq: False
  is_var_split_kv: False
  use_page_table: False
  page_size: 128
  softmax_scale: 1.0
  output_scale: 1.0
  tolerance: 0.01
  warmup_iterations: 0
  iterations: 1
  skip_ref_check: False
  use_cold_l2: False



[PATCH] hit Compiler.compile
[DUMP] 0_ -> /home/jayce.su/notes/dsl/cutlass_with_notes/examples/python/CuTeDSL/blackwell/mla/mla_0_.mlir (359 lines)
[DUMP] 001_CuteRemoveStaticArgs -> /home/jayce.su/notes/dsl/cutlass_with_notes/examples/python/CuTeDSL/blackwell/mla/mla_001_CuteRemoveStaticArgs.mlir (361 lines)
[DUMP] 002_MaterializeTmaMulticast -> /home/jayce.su/notes/dsl/cutlass_with_notes/examples/python/CuTeDSL/blackwell/mla/mla_002_MaterializeTmaMulticast.mlir (361 lines)
[DUMP] 003_SoftwarePipelinePass -> /home/jayce.su/notes/dsl/cutlass_with_notes/examples/python/CuTeDSL/blackwell/mla/mla_003_SoftwarePipelinePass.mlir (361 lines)
[DUMP] 004_CuteDesugar -> /home/jayce.su/notes/dsl/cutlass_with_notes/examples/python/CuTeDSL/blackwell/mla/mla_004_CuteDesugar.mlir (483 lines)
[DUMP] 005_CuteExpandOps -> /home/jayce.su/notes/dsl/cutlass_with_notes/examples/python/CuTeDSL/blackwell/mla/mla_005_CuteExpandOps.mlir (532 lines)
[DUMP] 006_CuteFoldStatic -> /home/jayce.su/notes/dsl/cutlass_with_notes/examples/python/CuTeDSL/blackwell/mla/mla_006_CuteFoldStatic.mlir (274 lines)
[DUMP] 007_InsertRangeInformation -> /home/jayce.su/notes/dsl/cutlass_with_notes/examples/python/CuTeDSL/blackwell/mla/mla_007_InsertRangeInformation.mlir (274 lines)
[DUMP] 008_Canonicalizer -> /home/jayce.su/notes/dsl/cutlass_with_notes/examples/python/CuTeDSL/blackwell/mla/mla_008_Canonicalizer.mlir (156 lines)
[DUMP] 009_CSE -> /home/jayce.su/notes/dsl/cutlass_with_notes/examples/python/CuTeDSL/blackwell/mla/mla_009_CSE.mlir (144 lines)
[DUMP] 010_LoopInvariantCodeMotion -> /home/jayce.su/notes/dsl/cutlass_with_notes/examples/python/CuTeDSL/blackwell/mla/mla_010_LoopInvariantCodeMotion.mlir (144 lines)
[DUMP] 011_LoopVectorizePass -> /home/jayce.su/notes/dsl/cutlass_with_notes/examples/python/CuTeDSL/blackwell/mla/mla_011_LoopVectorizePass.mlir (144 lines)
[DUMP] 012_EliminateUnnecessarySyncPass -> /home/jayce.su/notes/dsl/cutlass_with_notes/examples/python/CuTeDSL/blackwell/mla/mla_012_EliminateUnnecessarySyncPass.mlir (144 lines)
[DUMP] 013_StrengthReductionPass -> /home/jayce.su/notes/dsl/cutlass_with_notes/examples/python/CuTeDSL/blackwell/mla/mla_013_StrengthReductionPass.mlir (144 lines)
[DUMP] 014_ConvertVectorToSCF -> /home/jayce.su/notes/dsl/cutlass_with_notes/examples/python/CuTeDSL/blackwell/mla/mla_014_ConvertVectorToSCF.mlir (144 lines)
[DUMP] 015_ConvertCuteTypesInScfOps -> /home/jayce.su/notes/dsl/cutlass_with_notes/examples/python/CuTeDSL/blackwell/mla/mla_015_ConvertCuteTypesInScfOps.mlir (144 lines)
[DUMP] 016_SCFToControlFlow -> /home/jayce.su/notes/dsl/cutlass_with_notes/examples/python/CuTeDSL/blackwell/mla/mla_016_SCFToControlFlow.mlir (144 lines)
[DUMP] 017_ArithExpandOpsPass -> /home/jayce.su/notes/dsl/cutlass_with_notes/examples/python/CuTeDSL/blackwell/mla/mla_017_ArithExpandOpsPass.mlir (198 lines)
[DUMP] 018_ConvertMathToFuncs -> /home/jayce.su/notes/dsl/cutlass_with_notes/examples/python/CuTeDSL/blackwell/mla/mla_018_ConvertMathToFuncs.mlir (198 lines)
[DUMP] 019_GpuLaunchSinkIndexComputations -> /home/jayce.su/notes/dsl/cutlass_with_notes/examples/python/CuTeDSL/blackwell/mla/mla_019_GpuLaunchSinkIndexComputations.mlir (198 lines)
[DUMP] 020_ConvertToLLVMPass -> /home/jayce.su/notes/dsl/cutlass_with_notes/examples/python/CuTeDSL/blackwell/mla/mla_020_ConvertToLLVMPass.mlir (503 lines)
[DUMP] 021_ReconcileUnrealizedCasts -> /home/jayce.su/notes/dsl/cutlass_with_notes/examples/python/CuTeDSL/blackwell/mla/mla_021_ReconcileUnrealizedCasts.mlir (483 lines)
[DUMP] 022_GpuKernelOutlining -> /home/jayce.su/notes/dsl/cutlass_with_notes/examples/python/CuTeDSL/blackwell/mla/mla_022_GpuKernelOutlining.mlir (483 lines)
[DUMP] 023_SCFToControlFlow -> /home/jayce.su/notes/dsl/cutlass_with_notes/examples/python/CuTeDSL/blackwell/mla/mla_023_SCFToControlFlow.mlir (483 lines)
[DUMP] 024_ReconcileUnrealizedCasts -> /home/jayce.su/notes/dsl/cutlass_with_notes/examples/python/CuTeDSL/blackwell/mla/mla_024_ReconcileUnrealizedCasts.mlir (483 lines)
[DUMP] 025_ConvertToLLVMPass -> /home/jayce.su/notes/dsl/cutlass_with_notes/examples/python/CuTeDSL/blackwell/mla/mla_025_ConvertToLLVMPass.mlir (483 lines)
[DUMP] 026_Canonicalizer -> /home/jayce.su/notes/dsl/cutlass_with_notes/examples/python/CuTeDSL/blackwell/mla/mla_026_Canonicalizer.mlir (358 lines)
[DUMP] 027_CSE -> /home/jayce.su/notes/dsl/cutlass_with_notes/examples/python/CuTeDSL/blackwell/mla/mla_027_CSE.mlir (353 lines)
[DUMP] 028_ConvertVectorToLLVMPass -> /home/jayce.su/notes/dsl/cutlass_with_notes/examples/python/CuTeDSL/blackwell/mla/mla_028_ConvertVectorToLLVMPass.mlir (347 lines)
[DUMP] 029_ConvertNVVMToLLVMPass -> /home/jayce.su/notes/dsl/cutlass_with_notes/examples/python/CuTeDSL/blackwell/mla/mla_029_ConvertNVVMToLLVMPass.mlir (347 lines)
[DUMP] 030_CudaComputeTargetPass -> /home/jayce.su/notes/dsl/cutlass_with_notes/examples/python/CuTeDSL/blackwell/mla/mla_030_CudaComputeTargetPass.mlir (115 lines)
[DUMP] 031_FinalizeMemRefToLLVMConversionPass -> /home/jayce.su/notes/dsl/cutlass_with_notes/examples/python/CuTeDSL/blackwell/mla/mla_031_FinalizeMemRefToLLVMConversionPass.mlir (347 lines)
[DUMP] 032_ExpandStridedMetadata -> /home/jayce.su/notes/dsl/cutlass_with_notes/examples/python/CuTeDSL/blackwell/mla/mla_032_ExpandStridedMetadata.mlir (347 lines)
[DUMP] 033_ArithToLLVMConversionPass -> /home/jayce.su/notes/dsl/cutlass_with_notes/examples/python/CuTeDSL/blackwell/mla/mla_033_ArithToLLVMConversionPass.mlir (347 lines)
[DUMP] 034_StripDebugInfo -> /home/jayce.su/notes/dsl/cutlass_with_notes/examples/python/CuTeDSL/blackwell/mla/mla_034_StripDebugInfo.mlir (115 lines)
[DUMP] 035_ConvertFastmathOps -> /home/jayce.su/notes/dsl/cutlass_with_notes/examples/python/CuTeDSL/blackwell/mla/mla_035_ConvertFastmathOps.mlir (115 lines)
[DUMP] 036_ConvertGpuOpsToNVVMOps -> /home/jayce.su/notes/dsl/cutlass_with_notes/examples/python/CuTeDSL/blackwell/mla/mla_036_ConvertGpuOpsToNVVMOps.mlir (115 lines)
[DUMP] 037_StoreGpuLaunchAttribute -> /home/jayce.su/notes/dsl/cutlass_with_notes/examples/python/CuTeDSL/blackwell/mla/mla_037_StoreGpuLaunchAttribute.mlir (347 lines)
[DUMP] 038_GpuToLLVMConversionPass -> /home/jayce.su/notes/dsl/cutlass_with_notes/examples/python/CuTeDSL/blackwell/mla/mla_038_GpuToLLVMConversionPass.mlir (347 lines)
[DUMP] 039_StoreGpuLaunchAttribute -> /home/jayce.su/notes/dsl/cutlass_with_notes/examples/python/CuTeDSL/blackwell/mla/mla_039_StoreGpuLaunchAttribute.mlir (347 lines)
[DUMP] 040_ConvertMathToLLVMPass -> /home/jayce.su/notes/dsl/cutlass_with_notes/examples/python/CuTeDSL/blackwell/mla/mla_040_ConvertMathToLLVMPass.mlir (347 lines)
[DUMP] 041_Canonicalizer -> /home/jayce.su/notes/dsl/cutlass_with_notes/examples/python/CuTeDSL/blackwell/mla/mla_041_Canonicalizer.mlir (347 lines)
[DUMP] 042_CSE -> /home/jayce.su/notes/dsl/cutlass_with_notes/examples/python/CuTeDSL/blackwell/mla/mla_042_CSE.mlir (347 lines)
[DUMP] 043_ReconcileUnrealizedCasts -> /home/jayce.su/notes/dsl/cutlass_with_notes/examples/python/CuTeDSL/blackwell/mla/mla_043_ReconcileUnrealizedCasts.mlir (347 lines)
[DUMP] 044_CudaToBinaryPass -> /home/jayce.su/notes/dsl/cutlass_with_notes/examples/python/CuTeDSL/blackwell/mla/mla_044_CudaToBinaryPass.mlir (245 lines)
[DUMP] 045_ConvertToLLVMPass -> /home/jayce.su/notes/dsl/cutlass_with_notes/examples/python/CuTeDSL/blackwell/mla/mla_045_ConvertToLLVMPass.mlir (425 lines)
[DUMP] 046_ReconcileUnrealizedCasts -> /home/jayce.su/notes/dsl/cutlass_with_notes/examples/python/CuTeDSL/blackwell/mla/mla_046_ReconcileUnrealizedCasts.mlir (423 lines)
[DUMP] 047_CudaErrorHandlingPass -> /home/jayce.su/notes/dsl/cutlass_with_notes/examples/python/CuTeDSL/blackwell/mla/mla_047_CudaErrorHandlingPass.mlir (430 lines)
[DUMP] per-pass IR split -> 47 files
[INFO] COMPILE-ONLY mode: skip JIT & execution completely.
