[INFO] Run tag: inline_ptx
[INFO] Stdout mirrored to: /home/jayce.su/notes/dsl/cutlass_with_notes/examples/python/CuTeDSL/ampere/inline_ptx/inline_ptx_stdout.log
[INFO] Stderr mirrored to: /home/jayce.su/notes/dsl/cutlass_with_notes/examples/python/CuTeDSL/ampere/inline_ptx/inline_ptx_stderr.log
[INFO] Stdout IR slice saved to: /home/jayce.su/notes/dsl/cutlass_with_notes/examples/python/CuTeDSL/ampere/inline_ptx/inline_ptx_0_with_loc.mlir
[INFO] Patched Compiler.compile -> compile_and_dump
[INFO] Patched CUDA runtime for COMPILE-ONLY mode (skip arch compatibility check)
[INFO] Patched HardwareInfo.get_max_active_clusters for COMPILE-ONLY mode
[INFO] cute_ir_dump_patch installed.



[PATCH] hit Compiler.compile
[DUMP] 0_ -> /home/jayce.su/notes/dsl/cutlass_with_notes/examples/python/CuTeDSL/ampere/inline_ptx/inline_ptx_0_.mlir (92 lines)
[DUMP] 001_CuteRemoveStaticArgs -> /home/jayce.su/notes/dsl/cutlass_with_notes/examples/python/CuTeDSL/ampere/inline_ptx/inline_ptx_001_CuteRemoveStaticArgs.mlir (92 lines)
[DUMP] 002_MaterializeTmaMulticast -> /home/jayce.su/notes/dsl/cutlass_with_notes/examples/python/CuTeDSL/ampere/inline_ptx/inline_ptx_002_MaterializeTmaMulticast.mlir (92 lines)
[DUMP] 003_SoftwarePipelinePass -> /home/jayce.su/notes/dsl/cutlass_with_notes/examples/python/CuTeDSL/ampere/inline_ptx/inline_ptx_003_SoftwarePipelinePass.mlir (92 lines)
[DUMP] 004_CuteDesugar -> /home/jayce.su/notes/dsl/cutlass_with_notes/examples/python/CuTeDSL/ampere/inline_ptx/inline_ptx_004_CuteDesugar.mlir (92 lines)
[DUMP] 005_CuteExpandOps -> /home/jayce.su/notes/dsl/cutlass_with_notes/examples/python/CuTeDSL/ampere/inline_ptx/inline_ptx_005_CuteExpandOps.mlir (92 lines)
[DUMP] 006_CuteFoldStatic -> /home/jayce.su/notes/dsl/cutlass_with_notes/examples/python/CuTeDSL/ampere/inline_ptx/inline_ptx_006_CuteFoldStatic.mlir (55 lines)
[DUMP] 007_InsertRangeInformation -> /home/jayce.su/notes/dsl/cutlass_with_notes/examples/python/CuTeDSL/ampere/inline_ptx/inline_ptx_007_InsertRangeInformation.mlir (55 lines)
[DUMP] 008_Canonicalizer -> /home/jayce.su/notes/dsl/cutlass_with_notes/examples/python/CuTeDSL/ampere/inline_ptx/inline_ptx_008_Canonicalizer.mlir (48 lines)
[DUMP] 009_CSE -> /home/jayce.su/notes/dsl/cutlass_with_notes/examples/python/CuTeDSL/ampere/inline_ptx/inline_ptx_009_CSE.mlir (42 lines)
[DUMP] 010_LoopInvariantCodeMotion -> /home/jayce.su/notes/dsl/cutlass_with_notes/examples/python/CuTeDSL/ampere/inline_ptx/inline_ptx_010_LoopInvariantCodeMotion.mlir (42 lines)
[DUMP] 011_LoopVectorizePass -> /home/jayce.su/notes/dsl/cutlass_with_notes/examples/python/CuTeDSL/ampere/inline_ptx/inline_ptx_011_LoopVectorizePass.mlir (42 lines)
[DUMP] 012_EliminateUnnecessarySyncPass -> /home/jayce.su/notes/dsl/cutlass_with_notes/examples/python/CuTeDSL/ampere/inline_ptx/inline_ptx_012_EliminateUnnecessarySyncPass.mlir (42 lines)
[DUMP] 013_StrengthReductionPass -> /home/jayce.su/notes/dsl/cutlass_with_notes/examples/python/CuTeDSL/ampere/inline_ptx/inline_ptx_013_StrengthReductionPass.mlir (42 lines)
[DUMP] 014_ConvertVectorToSCF -> /home/jayce.su/notes/dsl/cutlass_with_notes/examples/python/CuTeDSL/ampere/inline_ptx/inline_ptx_014_ConvertVectorToSCF.mlir (42 lines)
[DUMP] 015_ConvertCuteTypesInScfOps -> /home/jayce.su/notes/dsl/cutlass_with_notes/examples/python/CuTeDSL/ampere/inline_ptx/inline_ptx_015_ConvertCuteTypesInScfOps.mlir (42 lines)
[DUMP] 016_SCFToControlFlow -> /home/jayce.su/notes/dsl/cutlass_with_notes/examples/python/CuTeDSL/ampere/inline_ptx/inline_ptx_016_SCFToControlFlow.mlir (42 lines)
[DUMP] 017_ArithExpandOpsPass -> /home/jayce.su/notes/dsl/cutlass_with_notes/examples/python/CuTeDSL/ampere/inline_ptx/inline_ptx_017_ArithExpandOpsPass.mlir (42 lines)
[DUMP] 018_ConvertMathToFuncs -> /home/jayce.su/notes/dsl/cutlass_with_notes/examples/python/CuTeDSL/ampere/inline_ptx/inline_ptx_018_ConvertMathToFuncs.mlir (42 lines)
[DUMP] 019_GpuLaunchSinkIndexComputations -> /home/jayce.su/notes/dsl/cutlass_with_notes/examples/python/CuTeDSL/ampere/inline_ptx/inline_ptx_019_GpuLaunchSinkIndexComputations.mlir (42 lines)
[DUMP] 020_ConvertToLLVMPass -> /home/jayce.su/notes/dsl/cutlass_with_notes/examples/python/CuTeDSL/ampere/inline_ptx/inline_ptx_020_ConvertToLLVMPass.mlir (201 lines)
[DUMP] 021_ReconcileUnrealizedCasts -> /home/jayce.su/notes/dsl/cutlass_with_notes/examples/python/CuTeDSL/ampere/inline_ptx/inline_ptx_021_ReconcileUnrealizedCasts.mlir (201 lines)
[DUMP] 022_GpuKernelOutlining -> /home/jayce.su/notes/dsl/cutlass_with_notes/examples/python/CuTeDSL/ampere/inline_ptx/inline_ptx_022_GpuKernelOutlining.mlir (201 lines)
[DUMP] 023_SCFToControlFlow -> /home/jayce.su/notes/dsl/cutlass_with_notes/examples/python/CuTeDSL/ampere/inline_ptx/inline_ptx_023_SCFToControlFlow.mlir (201 lines)
[DUMP] 024_ReconcileUnrealizedCasts -> /home/jayce.su/notes/dsl/cutlass_with_notes/examples/python/CuTeDSL/ampere/inline_ptx/inline_ptx_024_ReconcileUnrealizedCasts.mlir (201 lines)
[DUMP] 025_ConvertToLLVMPass -> /home/jayce.su/notes/dsl/cutlass_with_notes/examples/python/CuTeDSL/ampere/inline_ptx/inline_ptx_025_ConvertToLLVMPass.mlir (201 lines)
[DUMP] 026_Canonicalizer -> /home/jayce.su/notes/dsl/cutlass_with_notes/examples/python/CuTeDSL/ampere/inline_ptx/inline_ptx_026_Canonicalizer.mlir (174 lines)
[DUMP] 027_CSE -> /home/jayce.su/notes/dsl/cutlass_with_notes/examples/python/CuTeDSL/ampere/inline_ptx/inline_ptx_027_CSE.mlir (172 lines)
[DUMP] 028_ConvertVectorToLLVMPass -> /home/jayce.su/notes/dsl/cutlass_with_notes/examples/python/CuTeDSL/ampere/inline_ptx/inline_ptx_028_ConvertVectorToLLVMPass.mlir (166 lines)
[DUMP] 029_ConvertNVVMToLLVMPass -> /home/jayce.su/notes/dsl/cutlass_with_notes/examples/python/CuTeDSL/ampere/inline_ptx/inline_ptx_029_ConvertNVVMToLLVMPass.mlir (166 lines)
[DUMP] 030_CudaComputeTargetPass -> /home/jayce.su/notes/dsl/cutlass_with_notes/examples/python/CuTeDSL/ampere/inline_ptx/inline_ptx_030_CudaComputeTargetPass.mlir (38 lines)
[DUMP] 031_FinalizeMemRefToLLVMConversionPass -> /home/jayce.su/notes/dsl/cutlass_with_notes/examples/python/CuTeDSL/ampere/inline_ptx/inline_ptx_031_FinalizeMemRefToLLVMConversionPass.mlir (166 lines)
[DUMP] 032_ExpandStridedMetadata -> /home/jayce.su/notes/dsl/cutlass_with_notes/examples/python/CuTeDSL/ampere/inline_ptx/inline_ptx_032_ExpandStridedMetadata.mlir (166 lines)
[DUMP] 033_ArithToLLVMConversionPass -> /home/jayce.su/notes/dsl/cutlass_with_notes/examples/python/CuTeDSL/ampere/inline_ptx/inline_ptx_033_ArithToLLVMConversionPass.mlir (166 lines)
[DUMP] 034_ConvertFastmathOps -> /home/jayce.su/notes/dsl/cutlass_with_notes/examples/python/CuTeDSL/ampere/inline_ptx/inline_ptx_034_ConvertFastmathOps.mlir (38 lines)
[DUMP] 035_ConvertGpuOpsToNVVMOps -> /home/jayce.su/notes/dsl/cutlass_with_notes/examples/python/CuTeDSL/ampere/inline_ptx/inline_ptx_035_ConvertGpuOpsToNVVMOps.mlir (38 lines)
[DUMP] 036_StoreGpuLaunchAttribute -> /home/jayce.su/notes/dsl/cutlass_with_notes/examples/python/CuTeDSL/ampere/inline_ptx/inline_ptx_036_StoreGpuLaunchAttribute.mlir (166 lines)
[DUMP] 037_GpuToLLVMConversionPass -> /home/jayce.su/notes/dsl/cutlass_with_notes/examples/python/CuTeDSL/ampere/inline_ptx/inline_ptx_037_GpuToLLVMConversionPass.mlir (166 lines)
[DUMP] 038_StoreGpuLaunchAttribute -> /home/jayce.su/notes/dsl/cutlass_with_notes/examples/python/CuTeDSL/ampere/inline_ptx/inline_ptx_038_StoreGpuLaunchAttribute.mlir (166 lines)
[DUMP] 039_ConvertMathToLLVMPass -> /home/jayce.su/notes/dsl/cutlass_with_notes/examples/python/CuTeDSL/ampere/inline_ptx/inline_ptx_039_ConvertMathToLLVMPass.mlir (166 lines)
[DUMP] 040_Canonicalizer -> /home/jayce.su/notes/dsl/cutlass_with_notes/examples/python/CuTeDSL/ampere/inline_ptx/inline_ptx_040_Canonicalizer.mlir (166 lines)
[DUMP] 041_CSE -> /home/jayce.su/notes/dsl/cutlass_with_notes/examples/python/CuTeDSL/ampere/inline_ptx/inline_ptx_041_CSE.mlir (166 lines)
[DUMP] 042_ReconcileUnrealizedCasts -> /home/jayce.su/notes/dsl/cutlass_with_notes/examples/python/CuTeDSL/ampere/inline_ptx/inline_ptx_042_ReconcileUnrealizedCasts.mlir (166 lines)
[DUMP] 043_DIScopeForLLVMFuncOpPass -> /home/jayce.su/notes/dsl/cutlass_with_notes/examples/python/CuTeDSL/ampere/inline_ptx/inline_ptx_043_DIScopeForLLVMFuncOpPass.mlir (166 lines)
[DUMP] 044_CudaToBinaryPass -> /home/jayce.su/notes/dsl/cutlass_with_notes/examples/python/CuTeDSL/ampere/inline_ptx/inline_ptx_044_CudaToBinaryPass.mlir (141 lines)
[DUMP] 045_ConvertToLLVMPass -> /home/jayce.su/notes/dsl/cutlass_with_notes/examples/python/CuTeDSL/ampere/inline_ptx/inline_ptx_045_ConvertToLLVMPass.mlir (311 lines)
[DUMP] 046_ReconcileUnrealizedCasts -> /home/jayce.su/notes/dsl/cutlass_with_notes/examples/python/CuTeDSL/ampere/inline_ptx/inline_ptx_046_ReconcileUnrealizedCasts.mlir (309 lines)
[DUMP] 047_CudaErrorHandlingPass -> /home/jayce.su/notes/dsl/cutlass_with_notes/examples/python/CuTeDSL/ampere/inline_ptx/inline_ptx_047_CudaErrorHandlingPass.mlir (316 lines)
[DUMP] per-pass IR split -> 47 files
[INFO] COMPILE-ONLY mode: skip JIT & execution completely.



[PATCH] hit Compiler.compile
[DUMP] 0_ -> /home/jayce.su/notes/dsl/cutlass_with_notes/examples/python/CuTeDSL/ampere/inline_ptx/inline_ptx_0_.mlir (92 lines)
[DUMP] 001_CuteRemoveStaticArgs -> /home/jayce.su/notes/dsl/cutlass_with_notes/examples/python/CuTeDSL/ampere/inline_ptx/inline_ptx_001_CuteRemoveStaticArgs.mlir (92 lines)
[DUMP] 002_MaterializeTmaMulticast -> /home/jayce.su/notes/dsl/cutlass_with_notes/examples/python/CuTeDSL/ampere/inline_ptx/inline_ptx_002_MaterializeTmaMulticast.mlir (92 lines)
[DUMP] 003_SoftwarePipelinePass -> /home/jayce.su/notes/dsl/cutlass_with_notes/examples/python/CuTeDSL/ampere/inline_ptx/inline_ptx_003_SoftwarePipelinePass.mlir (92 lines)
[DUMP] 004_CuteDesugar -> /home/jayce.su/notes/dsl/cutlass_with_notes/examples/python/CuTeDSL/ampere/inline_ptx/inline_ptx_004_CuteDesugar.mlir (92 lines)
[DUMP] 005_CuteExpandOps -> /home/jayce.su/notes/dsl/cutlass_with_notes/examples/python/CuTeDSL/ampere/inline_ptx/inline_ptx_005_CuteExpandOps.mlir (92 lines)
[DUMP] 006_CuteFoldStatic -> /home/jayce.su/notes/dsl/cutlass_with_notes/examples/python/CuTeDSL/ampere/inline_ptx/inline_ptx_006_CuteFoldStatic.mlir (55 lines)
[DUMP] 007_InsertRangeInformation -> /home/jayce.su/notes/dsl/cutlass_with_notes/examples/python/CuTeDSL/ampere/inline_ptx/inline_ptx_007_InsertRangeInformation.mlir (55 lines)
[DUMP] 008_Canonicalizer -> /home/jayce.su/notes/dsl/cutlass_with_notes/examples/python/CuTeDSL/ampere/inline_ptx/inline_ptx_008_Canonicalizer.mlir (48 lines)
[DUMP] 009_CSE -> /home/jayce.su/notes/dsl/cutlass_with_notes/examples/python/CuTeDSL/ampere/inline_ptx/inline_ptx_009_CSE.mlir (42 lines)
[DUMP] 010_LoopInvariantCodeMotion -> /home/jayce.su/notes/dsl/cutlass_with_notes/examples/python/CuTeDSL/ampere/inline_ptx/inline_ptx_010_LoopInvariantCodeMotion.mlir (42 lines)
[DUMP] 011_LoopVectorizePass -> /home/jayce.su/notes/dsl/cutlass_with_notes/examples/python/CuTeDSL/ampere/inline_ptx/inline_ptx_011_LoopVectorizePass.mlir (42 lines)
[DUMP] 012_EliminateUnnecessarySyncPass -> /home/jayce.su/notes/dsl/cutlass_with_notes/examples/python/CuTeDSL/ampere/inline_ptx/inline_ptx_012_EliminateUnnecessarySyncPass.mlir (42 lines)
[DUMP] 013_StrengthReductionPass -> /home/jayce.su/notes/dsl/cutlass_with_notes/examples/python/CuTeDSL/ampere/inline_ptx/inline_ptx_013_StrengthReductionPass.mlir (42 lines)
[DUMP] 014_ConvertVectorToSCF -> /home/jayce.su/notes/dsl/cutlass_with_notes/examples/python/CuTeDSL/ampere/inline_ptx/inline_ptx_014_ConvertVectorToSCF.mlir (42 lines)
[DUMP] 015_ConvertCuteTypesInScfOps -> /home/jayce.su/notes/dsl/cutlass_with_notes/examples/python/CuTeDSL/ampere/inline_ptx/inline_ptx_015_ConvertCuteTypesInScfOps.mlir (42 lines)
[DUMP] 016_SCFToControlFlow -> /home/jayce.su/notes/dsl/cutlass_with_notes/examples/python/CuTeDSL/ampere/inline_ptx/inline_ptx_016_SCFToControlFlow.mlir (42 lines)
[DUMP] 017_ArithExpandOpsPass -> /home/jayce.su/notes/dsl/cutlass_with_notes/examples/python/CuTeDSL/ampere/inline_ptx/inline_ptx_017_ArithExpandOpsPass.mlir (42 lines)
[DUMP] 018_ConvertMathToFuncs -> /home/jayce.su/notes/dsl/cutlass_with_notes/examples/python/CuTeDSL/ampere/inline_ptx/inline_ptx_018_ConvertMathToFuncs.mlir (42 lines)
[DUMP] 019_GpuLaunchSinkIndexComputations -> /home/jayce.su/notes/dsl/cutlass_with_notes/examples/python/CuTeDSL/ampere/inline_ptx/inline_ptx_019_GpuLaunchSinkIndexComputations.mlir (42 lines)
[DUMP] 020_ConvertToLLVMPass -> /home/jayce.su/notes/dsl/cutlass_with_notes/examples/python/CuTeDSL/ampere/inline_ptx/inline_ptx_020_ConvertToLLVMPass.mlir (201 lines)
[DUMP] 021_ReconcileUnrealizedCasts -> /home/jayce.su/notes/dsl/cutlass_with_notes/examples/python/CuTeDSL/ampere/inline_ptx/inline_ptx_021_ReconcileUnrealizedCasts.mlir (201 lines)
[DUMP] 022_GpuKernelOutlining -> /home/jayce.su/notes/dsl/cutlass_with_notes/examples/python/CuTeDSL/ampere/inline_ptx/inline_ptx_022_GpuKernelOutlining.mlir (201 lines)
[DUMP] 023_SCFToControlFlow -> /home/jayce.su/notes/dsl/cutlass_with_notes/examples/python/CuTeDSL/ampere/inline_ptx/inline_ptx_023_SCFToControlFlow.mlir (201 lines)
[DUMP] 024_ReconcileUnrealizedCasts -> /home/jayce.su/notes/dsl/cutlass_with_notes/examples/python/CuTeDSL/ampere/inline_ptx/inline_ptx_024_ReconcileUnrealizedCasts.mlir (201 lines)
[DUMP] 025_ConvertToLLVMPass -> /home/jayce.su/notes/dsl/cutlass_with_notes/examples/python/CuTeDSL/ampere/inline_ptx/inline_ptx_025_ConvertToLLVMPass.mlir (201 lines)
[DUMP] 026_Canonicalizer -> /home/jayce.su/notes/dsl/cutlass_with_notes/examples/python/CuTeDSL/ampere/inline_ptx/inline_ptx_026_Canonicalizer.mlir (174 lines)
[DUMP] 027_CSE -> /home/jayce.su/notes/dsl/cutlass_with_notes/examples/python/CuTeDSL/ampere/inline_ptx/inline_ptx_027_CSE.mlir (172 lines)
[DUMP] 028_ConvertVectorToLLVMPass -> /home/jayce.su/notes/dsl/cutlass_with_notes/examples/python/CuTeDSL/ampere/inline_ptx/inline_ptx_028_ConvertVectorToLLVMPass.mlir (166 lines)
[DUMP] 029_ConvertNVVMToLLVMPass -> /home/jayce.su/notes/dsl/cutlass_with_notes/examples/python/CuTeDSL/ampere/inline_ptx/inline_ptx_029_ConvertNVVMToLLVMPass.mlir (166 lines)
[DUMP] 030_CudaComputeTargetPass -> /home/jayce.su/notes/dsl/cutlass_with_notes/examples/python/CuTeDSL/ampere/inline_ptx/inline_ptx_030_CudaComputeTargetPass.mlir (38 lines)
[DUMP] 031_FinalizeMemRefToLLVMConversionPass -> /home/jayce.su/notes/dsl/cutlass_with_notes/examples/python/CuTeDSL/ampere/inline_ptx/inline_ptx_031_FinalizeMemRefToLLVMConversionPass.mlir (166 lines)
[DUMP] 032_ExpandStridedMetadata -> /home/jayce.su/notes/dsl/cutlass_with_notes/examples/python/CuTeDSL/ampere/inline_ptx/inline_ptx_032_ExpandStridedMetadata.mlir (166 lines)
[DUMP] 033_ArithToLLVMConversionPass -> /home/jayce.su/notes/dsl/cutlass_with_notes/examples/python/CuTeDSL/ampere/inline_ptx/inline_ptx_033_ArithToLLVMConversionPass.mlir (166 lines)
[DUMP] 034_ConvertFastmathOps -> /home/jayce.su/notes/dsl/cutlass_with_notes/examples/python/CuTeDSL/ampere/inline_ptx/inline_ptx_034_ConvertFastmathOps.mlir (38 lines)
[DUMP] 035_ConvertGpuOpsToNVVMOps -> /home/jayce.su/notes/dsl/cutlass_with_notes/examples/python/CuTeDSL/ampere/inline_ptx/inline_ptx_035_ConvertGpuOpsToNVVMOps.mlir (38 lines)
[DUMP] 036_StoreGpuLaunchAttribute -> /home/jayce.su/notes/dsl/cutlass_with_notes/examples/python/CuTeDSL/ampere/inline_ptx/inline_ptx_036_StoreGpuLaunchAttribute.mlir (166 lines)
[DUMP] 037_GpuToLLVMConversionPass -> /home/jayce.su/notes/dsl/cutlass_with_notes/examples/python/CuTeDSL/ampere/inline_ptx/inline_ptx_037_GpuToLLVMConversionPass.mlir (166 lines)
[DUMP] 038_StoreGpuLaunchAttribute -> /home/jayce.su/notes/dsl/cutlass_with_notes/examples/python/CuTeDSL/ampere/inline_ptx/inline_ptx_038_StoreGpuLaunchAttribute.mlir (166 lines)
[DUMP] 039_ConvertMathToLLVMPass -> /home/jayce.su/notes/dsl/cutlass_with_notes/examples/python/CuTeDSL/ampere/inline_ptx/inline_ptx_039_ConvertMathToLLVMPass.mlir (166 lines)
[DUMP] 040_Canonicalizer -> /home/jayce.su/notes/dsl/cutlass_with_notes/examples/python/CuTeDSL/ampere/inline_ptx/inline_ptx_040_Canonicalizer.mlir (166 lines)
[DUMP] 041_CSE -> /home/jayce.su/notes/dsl/cutlass_with_notes/examples/python/CuTeDSL/ampere/inline_ptx/inline_ptx_041_CSE.mlir (166 lines)
[DUMP] 042_ReconcileUnrealizedCasts -> /home/jayce.su/notes/dsl/cutlass_with_notes/examples/python/CuTeDSL/ampere/inline_ptx/inline_ptx_042_ReconcileUnrealizedCasts.mlir (166 lines)
[DUMP] 043_DIScopeForLLVMFuncOpPass -> /home/jayce.su/notes/dsl/cutlass_with_notes/examples/python/CuTeDSL/ampere/inline_ptx/inline_ptx_043_DIScopeForLLVMFuncOpPass.mlir (166 lines)
[DUMP] 044_CudaToBinaryPass -> /home/jayce.su/notes/dsl/cutlass_with_notes/examples/python/CuTeDSL/ampere/inline_ptx/inline_ptx_044_CudaToBinaryPass.mlir (141 lines)
[DUMP] 045_ConvertToLLVMPass -> /home/jayce.su/notes/dsl/cutlass_with_notes/examples/python/CuTeDSL/ampere/inline_ptx/inline_ptx_045_ConvertToLLVMPass.mlir (311 lines)
[DUMP] 046_ReconcileUnrealizedCasts -> /home/jayce.su/notes/dsl/cutlass_with_notes/examples/python/CuTeDSL/ampere/inline_ptx/inline_ptx_046_ReconcileUnrealizedCasts.mlir (309 lines)
[DUMP] 047_CudaErrorHandlingPass -> /home/jayce.su/notes/dsl/cutlass_with_notes/examples/python/CuTeDSL/ampere/inline_ptx/inline_ptx_047_CudaErrorHandlingPass.mlir (316 lines)
[DUMP] per-pass IR split -> 47 files
[INFO] COMPILE-ONLY mode: skip JIT & execution completely.
Verifying ballot results...
Verifying any results...
tensor(True, device='cuda:0')
Verifying all results...
Verifying uni results...
Results verified successfully!
