[INFO] Run tag: fp16_gemm_0
[INFO] Stdout mirrored to: /home/jayce.su/notes/dsl/cutlass_with_notes/examples/python/CuTeDSL/blackwell/tutorial_gemm/fp16_gemm_0/fp16_gemm_0_stdout.log
[INFO] Stderr mirrored to: /home/jayce.su/notes/dsl/cutlass_with_notes/examples/python/CuTeDSL/blackwell/tutorial_gemm/fp16_gemm_0/fp16_gemm_0_stderr.log
[INFO] Stdout IR slice saved to: /home/jayce.su/notes/dsl/cutlass_with_notes/examples/python/CuTeDSL/blackwell/tutorial_gemm/fp16_gemm_0/fp16_gemm_0_0_with_loc.mlir
[INFO] Patched Compiler.compile -> compile_and_dump
[INFO] Patched CUDA runtime for COMPILE-ONLY mode (skip arch compatibility check)
[INFO] Patched HardwareInfo.get_max_active_clusters for COMPILE-ONLY mode
[INFO] cute_ir_dump_patch installed.
===================================================================
Running Blackwell fp16 GEMM example 0 with:
  mnk:       [8192, 8192, 8192]
  tolerance: 0.1
===================================================================




[PATCH] hit Compiler.compile
[DUMP] 0_ -> /home/jayce.su/notes/dsl/cutlass_with_notes/examples/python/CuTeDSL/blackwell/tutorial_gemm/fp16_gemm_0/fp16_gemm_0_0_.mlir (1270 lines)
[DUMP] 001_CuteRemoveStaticArgs -> /home/jayce.su/notes/dsl/cutlass_with_notes/examples/python/CuTeDSL/blackwell/tutorial_gemm/fp16_gemm_0/fp16_gemm_0_001_CuteRemoveStaticArgs.mlir (1274 lines)
[DUMP] 002_MaterializeTmaMulticast -> /home/jayce.su/notes/dsl/cutlass_with_notes/examples/python/CuTeDSL/blackwell/tutorial_gemm/fp16_gemm_0/fp16_gemm_0_002_MaterializeTmaMulticast.mlir (1274 lines)
[DUMP] 003_SoftwarePipelinePass -> /home/jayce.su/notes/dsl/cutlass_with_notes/examples/python/CuTeDSL/blackwell/tutorial_gemm/fp16_gemm_0/fp16_gemm_0_003_SoftwarePipelinePass.mlir (1169 lines)
[DUMP] 004_CuteDesugar -> /home/jayce.su/notes/dsl/cutlass_with_notes/examples/python/CuTeDSL/blackwell/tutorial_gemm/fp16_gemm_0/fp16_gemm_0_004_CuteDesugar.mlir (1721 lines)
[DUMP] 005_CuteExpandOps -> /home/jayce.su/notes/dsl/cutlass_with_notes/examples/python/CuTeDSL/blackwell/tutorial_gemm/fp16_gemm_0/fp16_gemm_0_005_CuteExpandOps.mlir (2474 lines)
[DUMP] 006_CuteFoldStatic -> /home/jayce.su/notes/dsl/cutlass_with_notes/examples/python/CuTeDSL/blackwell/tutorial_gemm/fp16_gemm_0/fp16_gemm_0_006_CuteFoldStatic.mlir (1674 lines)
[DUMP] 007_InsertRangeInformation -> /home/jayce.su/notes/dsl/cutlass_with_notes/examples/python/CuTeDSL/blackwell/tutorial_gemm/fp16_gemm_0/fp16_gemm_0_007_InsertRangeInformation.mlir (1674 lines)
[DUMP] 008_Canonicalizer -> /home/jayce.su/notes/dsl/cutlass_with_notes/examples/python/CuTeDSL/blackwell/tutorial_gemm/fp16_gemm_0/fp16_gemm_0_008_Canonicalizer.mlir (855 lines)
[DUMP] 009_CSE -> /home/jayce.su/notes/dsl/cutlass_with_notes/examples/python/CuTeDSL/blackwell/tutorial_gemm/fp16_gemm_0/fp16_gemm_0_009_CSE.mlir (707 lines)
[DUMP] 010_LoopInvariantCodeMotion -> /home/jayce.su/notes/dsl/cutlass_with_notes/examples/python/CuTeDSL/blackwell/tutorial_gemm/fp16_gemm_0/fp16_gemm_0_010_LoopInvariantCodeMotion.mlir (707 lines)
[DUMP] 011_LoopVectorizePass -> /home/jayce.su/notes/dsl/cutlass_with_notes/examples/python/CuTeDSL/blackwell/tutorial_gemm/fp16_gemm_0/fp16_gemm_0_011_LoopVectorizePass.mlir (707 lines)
[DUMP] 012_EliminateUnnecessarySyncPass -> /home/jayce.su/notes/dsl/cutlass_with_notes/examples/python/CuTeDSL/blackwell/tutorial_gemm/fp16_gemm_0/fp16_gemm_0_012_EliminateUnnecessarySyncPass.mlir (707 lines)
[DUMP] 013_StrengthReductionPass -> /home/jayce.su/notes/dsl/cutlass_with_notes/examples/python/CuTeDSL/blackwell/tutorial_gemm/fp16_gemm_0/fp16_gemm_0_013_StrengthReductionPass.mlir (707 lines)
[DUMP] 014_ConvertVectorToSCF -> /home/jayce.su/notes/dsl/cutlass_with_notes/examples/python/CuTeDSL/blackwell/tutorial_gemm/fp16_gemm_0/fp16_gemm_0_014_ConvertVectorToSCF.mlir (707 lines)
[DUMP] 015_ConvertCuteTypesInScfOps -> /home/jayce.su/notes/dsl/cutlass_with_notes/examples/python/CuTeDSL/blackwell/tutorial_gemm/fp16_gemm_0/fp16_gemm_0_015_ConvertCuteTypesInScfOps.mlir (710 lines)
[DUMP] 016_SCFToControlFlow -> /home/jayce.su/notes/dsl/cutlass_with_notes/examples/python/CuTeDSL/blackwell/tutorial_gemm/fp16_gemm_0/fp16_gemm_0_016_SCFToControlFlow.mlir (738 lines)
[DUMP] 017_ArithExpandOpsPass -> /home/jayce.su/notes/dsl/cutlass_with_notes/examples/python/CuTeDSL/blackwell/tutorial_gemm/fp16_gemm_0/fp16_gemm_0_017_ArithExpandOpsPass.mlir (893 lines)
[DUMP] 018_ConvertMathToFuncs -> /home/jayce.su/notes/dsl/cutlass_with_notes/examples/python/CuTeDSL/blackwell/tutorial_gemm/fp16_gemm_0/fp16_gemm_0_018_ConvertMathToFuncs.mlir (893 lines)
[DUMP] 019_GpuLaunchSinkIndexComputations -> /home/jayce.su/notes/dsl/cutlass_with_notes/examples/python/CuTeDSL/blackwell/tutorial_gemm/fp16_gemm_0/fp16_gemm_0_019_GpuLaunchSinkIndexComputations.mlir (893 lines)
[DUMP] 020_ConvertToLLVMPass -> /home/jayce.su/notes/dsl/cutlass_with_notes/examples/python/CuTeDSL/blackwell/tutorial_gemm/fp16_gemm_0/fp16_gemm_0_020_ConvertToLLVMPass.mlir (1326 lines)
[DUMP] 021_ReconcileUnrealizedCasts -> /home/jayce.su/notes/dsl/cutlass_with_notes/examples/python/CuTeDSL/blackwell/tutorial_gemm/fp16_gemm_0/fp16_gemm_0_021_ReconcileUnrealizedCasts.mlir (1278 lines)
[DUMP] 022_GpuKernelOutlining -> /home/jayce.su/notes/dsl/cutlass_with_notes/examples/python/CuTeDSL/blackwell/tutorial_gemm/fp16_gemm_0/fp16_gemm_0_022_GpuKernelOutlining.mlir (1278 lines)
[DUMP] 023_SCFToControlFlow -> /home/jayce.su/notes/dsl/cutlass_with_notes/examples/python/CuTeDSL/blackwell/tutorial_gemm/fp16_gemm_0/fp16_gemm_0_023_SCFToControlFlow.mlir (1278 lines)
[DUMP] 024_ReconcileUnrealizedCasts -> /home/jayce.su/notes/dsl/cutlass_with_notes/examples/python/CuTeDSL/blackwell/tutorial_gemm/fp16_gemm_0/fp16_gemm_0_024_ReconcileUnrealizedCasts.mlir (1278 lines)
[DUMP] 025_ConvertToLLVMPass -> /home/jayce.su/notes/dsl/cutlass_with_notes/examples/python/CuTeDSL/blackwell/tutorial_gemm/fp16_gemm_0/fp16_gemm_0_025_ConvertToLLVMPass.mlir (1278 lines)
[DUMP] 026_Canonicalizer -> /home/jayce.su/notes/dsl/cutlass_with_notes/examples/python/CuTeDSL/blackwell/tutorial_gemm/fp16_gemm_0/fp16_gemm_0_026_Canonicalizer.mlir (878 lines)
[DUMP] 027_CSE -> /home/jayce.su/notes/dsl/cutlass_with_notes/examples/python/CuTeDSL/blackwell/tutorial_gemm/fp16_gemm_0/fp16_gemm_0_027_CSE.mlir (842 lines)
[DUMP] 028_ConvertVectorToLLVMPass -> /home/jayce.su/notes/dsl/cutlass_with_notes/examples/python/CuTeDSL/blackwell/tutorial_gemm/fp16_gemm_0/fp16_gemm_0_028_ConvertVectorToLLVMPass.mlir (834 lines)
[DUMP] 029_ConvertNVVMToLLVMPass -> /home/jayce.su/notes/dsl/cutlass_with_notes/examples/python/CuTeDSL/blackwell/tutorial_gemm/fp16_gemm_0/fp16_gemm_0_029_ConvertNVVMToLLVMPass.mlir (836 lines)
[DUMP] 030_CudaComputeTargetPass -> /home/jayce.su/notes/dsl/cutlass_with_notes/examples/python/CuTeDSL/blackwell/tutorial_gemm/fp16_gemm_0/fp16_gemm_0_030_CudaComputeTargetPass.mlir (486 lines)
[DUMP] 031_FinalizeMemRefToLLVMConversionPass -> /home/jayce.su/notes/dsl/cutlass_with_notes/examples/python/CuTeDSL/blackwell/tutorial_gemm/fp16_gemm_0/fp16_gemm_0_031_FinalizeMemRefToLLVMConversionPass.mlir (836 lines)
[DUMP] 032_ExpandStridedMetadata -> /home/jayce.su/notes/dsl/cutlass_with_notes/examples/python/CuTeDSL/blackwell/tutorial_gemm/fp16_gemm_0/fp16_gemm_0_032_ExpandStridedMetadata.mlir (834 lines)
[DUMP] 033_ArithToLLVMConversionPass -> /home/jayce.su/notes/dsl/cutlass_with_notes/examples/python/CuTeDSL/blackwell/tutorial_gemm/fp16_gemm_0/fp16_gemm_0_033_ArithToLLVMConversionPass.mlir (834 lines)
[DUMP] 034_StripDebugInfo -> /home/jayce.su/notes/dsl/cutlass_with_notes/examples/python/CuTeDSL/blackwell/tutorial_gemm/fp16_gemm_0/fp16_gemm_0_034_StripDebugInfo.mlir (484 lines)
[DUMP] 035_ConvertFastmathOps -> /home/jayce.su/notes/dsl/cutlass_with_notes/examples/python/CuTeDSL/blackwell/tutorial_gemm/fp16_gemm_0/fp16_gemm_0_035_ConvertFastmathOps.mlir (484 lines)
[DUMP] 036_ConvertGpuOpsToNVVMOps -> /home/jayce.su/notes/dsl/cutlass_with_notes/examples/python/CuTeDSL/blackwell/tutorial_gemm/fp16_gemm_0/fp16_gemm_0_036_ConvertGpuOpsToNVVMOps.mlir (484 lines)
[DUMP] 037_StoreGpuLaunchAttribute -> /home/jayce.su/notes/dsl/cutlass_with_notes/examples/python/CuTeDSL/blackwell/tutorial_gemm/fp16_gemm_0/fp16_gemm_0_037_StoreGpuLaunchAttribute.mlir (834 lines)
[DUMP] 038_GpuToLLVMConversionPass -> /home/jayce.su/notes/dsl/cutlass_with_notes/examples/python/CuTeDSL/blackwell/tutorial_gemm/fp16_gemm_0/fp16_gemm_0_038_GpuToLLVMConversionPass.mlir (834 lines)
[DUMP] 039_StoreGpuLaunchAttribute -> /home/jayce.su/notes/dsl/cutlass_with_notes/examples/python/CuTeDSL/blackwell/tutorial_gemm/fp16_gemm_0/fp16_gemm_0_039_StoreGpuLaunchAttribute.mlir (834 lines)
[DUMP] 040_ConvertMathToLLVMPass -> /home/jayce.su/notes/dsl/cutlass_with_notes/examples/python/CuTeDSL/blackwell/tutorial_gemm/fp16_gemm_0/fp16_gemm_0_040_ConvertMathToLLVMPass.mlir (834 lines)
[DUMP] 041_Canonicalizer -> /home/jayce.su/notes/dsl/cutlass_with_notes/examples/python/CuTeDSL/blackwell/tutorial_gemm/fp16_gemm_0/fp16_gemm_0_041_Canonicalizer.mlir (834 lines)
[DUMP] 042_CSE -> /home/jayce.su/notes/dsl/cutlass_with_notes/examples/python/CuTeDSL/blackwell/tutorial_gemm/fp16_gemm_0/fp16_gemm_0_042_CSE.mlir (834 lines)
[DUMP] 043_ReconcileUnrealizedCasts -> /home/jayce.su/notes/dsl/cutlass_with_notes/examples/python/CuTeDSL/blackwell/tutorial_gemm/fp16_gemm_0/fp16_gemm_0_043_ReconcileUnrealizedCasts.mlir (834 lines)
[DUMP] 044_CudaToBinaryPass -> /home/jayce.su/notes/dsl/cutlass_with_notes/examples/python/CuTeDSL/blackwell/tutorial_gemm/fp16_gemm_0/fp16_gemm_0_044_CudaToBinaryPass.mlir (361 lines)
[DUMP] 045_ConvertToLLVMPass -> /home/jayce.su/notes/dsl/cutlass_with_notes/examples/python/CuTeDSL/blackwell/tutorial_gemm/fp16_gemm_0/fp16_gemm_0_045_ConvertToLLVMPass.mlir (541 lines)
[DUMP] 046_ReconcileUnrealizedCasts -> /home/jayce.su/notes/dsl/cutlass_with_notes/examples/python/CuTeDSL/blackwell/tutorial_gemm/fp16_gemm_0/fp16_gemm_0_046_ReconcileUnrealizedCasts.mlir (539 lines)
[DUMP] 047_CudaErrorHandlingPass -> /home/jayce.su/notes/dsl/cutlass_with_notes/examples/python/CuTeDSL/blackwell/tutorial_gemm/fp16_gemm_0/fp16_gemm_0_047_CudaErrorHandlingPass.mlir (546 lines)
[DUMP] per-pass IR split -> 47 files
[INFO] COMPILE-ONLY mode: skip JIT & execution completely.
