[INFO] Run tag: call_from_jit
[INFO] Stdout mirrored to: /home/jayce.su/notes/dsl/cutlass_with_notes/examples/python/CuTeDSL/ampere/call_from_jit/call_from_jit_stdout.log
[INFO] Stderr mirrored to: /home/jayce.su/notes/dsl/cutlass_with_notes/examples/python/CuTeDSL/ampere/call_from_jit/call_from_jit_stderr.log
[INFO] Stdout IR slice saved to: /home/jayce.su/notes/dsl/cutlass_with_notes/examples/python/CuTeDSL/ampere/call_from_jit/call_from_jit_0_with_loc.mlir
[INFO] Patched Compiler.compile -> compile_and_dump
[INFO] Patched CUDA runtime for COMPILE-ONLY mode (skip arch compatibility check)
[INFO] Patched HardwareInfo.get_max_active_clusters for COMPILE-ONLY mode
[INFO] cute_ir_dump_patch installed.

Running TensorOpGemm test with:
Tensor dimensions: (512, 256, 128, 16)
Input tensor shapes:
a: torch.Size([16, 512, 128]), dtype: torch.float16
b: torch.Size([16, 256, 128]), dtype: torch.float16
c: torch.Size([16, 512, 256]), dtype: torch.float16


[DSL INFO] Input Parameters:
[DSL INFO]   mnkl: (512, 256, 128, 16)
[DSL INFO]   buffer_a: <__main__.BufferWithLayout object at 0x7f7b88ac77f0>
[DSL INFO]   buffer_b: <__main__.BufferWithLayout object at 0x7f7b88ac7790>
[DSL INFO]   buffer_c: <__main__.BufferWithLayout object at 0x7f7b88ac7760>
[DSL INFO]   acc_dtype: Float32
[DSL INFO]   atom_layout_mnk: (2, 2, 1)

[DSL INFO] Created Tensors:
[DSL INFO]   mA = tensor<ptr<f16, gmem, align<32>> o (512,128,16):(128,1,65536)>
[DSL INFO]   mB = tensor<ptr<f16, gmem, align<32>> o (256,128,16):(128,1,32768)>
[DSL INFO]   mC = tensor<ptr<f16, gmem, align<32>> o (512,256,16):(256,1,131072)>

[DSL INFO] Created TensorOpGemm instance
[DSL INFO]   Input dtype: Float16
[DSL INFO]   Output dtype: Float16
[DSL INFO]   Accumulation dtype: Float32
[DSL INFO]   Atom layout: (2, 2, 1)

[DSL INFO] Executed TensorOpGemm



[PATCH] hit Compiler.compile
[DUMP] 0_ -> /home/jayce.su/notes/dsl/cutlass_with_notes/examples/python/CuTeDSL/ampere/call_from_jit/call_from_jit_0_.mlir (2312 lines)
[DUMP] 001_CuteRemoveStaticArgs -> /home/jayce.su/notes/dsl/cutlass_with_notes/examples/python/CuTeDSL/ampere/call_from_jit/call_from_jit_001_CuteRemoveStaticArgs.mlir (2319 lines)
[DUMP] 002_MaterializeTmaMulticast -> /home/jayce.su/notes/dsl/cutlass_with_notes/examples/python/CuTeDSL/ampere/call_from_jit/call_from_jit_002_MaterializeTmaMulticast.mlir (2319 lines)
[DUMP] 003_SoftwarePipelinePass -> /home/jayce.su/notes/dsl/cutlass_with_notes/examples/python/CuTeDSL/ampere/call_from_jit/call_from_jit_003_SoftwarePipelinePass.mlir (2319 lines)
[DUMP] 004_CuteDesugar -> /home/jayce.su/notes/dsl/cutlass_with_notes/examples/python/CuTeDSL/ampere/call_from_jit/call_from_jit_004_CuteDesugar.mlir (3113 lines)
[DUMP] 005_CuteExpandOps -> /home/jayce.su/notes/dsl/cutlass_with_notes/examples/python/CuTeDSL/ampere/call_from_jit/call_from_jit_005_CuteExpandOps.mlir (4515 lines)
[DUMP] 006_CuteFoldStatic -> /home/jayce.su/notes/dsl/cutlass_with_notes/examples/python/CuTeDSL/ampere/call_from_jit/call_from_jit_006_CuteFoldStatic.mlir (2071 lines)
[DUMP] 007_InsertRangeInformation -> /home/jayce.su/notes/dsl/cutlass_with_notes/examples/python/CuTeDSL/ampere/call_from_jit/call_from_jit_007_InsertRangeInformation.mlir (2071 lines)
[DUMP] 008_Canonicalizer -> /home/jayce.su/notes/dsl/cutlass_with_notes/examples/python/CuTeDSL/ampere/call_from_jit/call_from_jit_008_Canonicalizer.mlir (994 lines)
[DUMP] 009_CSE -> /home/jayce.su/notes/dsl/cutlass_with_notes/examples/python/CuTeDSL/ampere/call_from_jit/call_from_jit_009_CSE.mlir (896 lines)
[DUMP] 010_LoopInvariantCodeMotion -> /home/jayce.su/notes/dsl/cutlass_with_notes/examples/python/CuTeDSL/ampere/call_from_jit/call_from_jit_010_LoopInvariantCodeMotion.mlir (896 lines)
[DUMP] 011_LoopVectorizePass -> /home/jayce.su/notes/dsl/cutlass_with_notes/examples/python/CuTeDSL/ampere/call_from_jit/call_from_jit_011_LoopVectorizePass.mlir (896 lines)
[DUMP] 012_EliminateUnnecessarySyncPass -> /home/jayce.su/notes/dsl/cutlass_with_notes/examples/python/CuTeDSL/ampere/call_from_jit/call_from_jit_012_EliminateUnnecessarySyncPass.mlir (896 lines)
[DUMP] 013_StrengthReductionPass -> /home/jayce.su/notes/dsl/cutlass_with_notes/examples/python/CuTeDSL/ampere/call_from_jit/call_from_jit_013_StrengthReductionPass.mlir (896 lines)
[DUMP] 014_ConvertVectorToSCF -> /home/jayce.su/notes/dsl/cutlass_with_notes/examples/python/CuTeDSL/ampere/call_from_jit/call_from_jit_014_ConvertVectorToSCF.mlir (896 lines)
[DUMP] 015_ConvertCuteTypesInScfOps -> /home/jayce.su/notes/dsl/cutlass_with_notes/examples/python/CuTeDSL/ampere/call_from_jit/call_from_jit_015_ConvertCuteTypesInScfOps.mlir (902 lines)
[DUMP] 016_SCFToControlFlow -> /home/jayce.su/notes/dsl/cutlass_with_notes/examples/python/CuTeDSL/ampere/call_from_jit/call_from_jit_016_SCFToControlFlow.mlir (989 lines)
[DUMP] 017_ArithExpandOpsPass -> /home/jayce.su/notes/dsl/cutlass_with_notes/examples/python/CuTeDSL/ampere/call_from_jit/call_from_jit_017_ArithExpandOpsPass.mlir (999 lines)
[DUMP] 018_ConvertMathToFuncs -> /home/jayce.su/notes/dsl/cutlass_with_notes/examples/python/CuTeDSL/ampere/call_from_jit/call_from_jit_018_ConvertMathToFuncs.mlir (999 lines)
[DUMP] 019_GpuLaunchSinkIndexComputations -> /home/jayce.su/notes/dsl/cutlass_with_notes/examples/python/CuTeDSL/ampere/call_from_jit/call_from_jit_019_GpuLaunchSinkIndexComputations.mlir (999 lines)
[DUMP] 020_ConvertToLLVMPass -> /home/jayce.su/notes/dsl/cutlass_with_notes/examples/python/CuTeDSL/ampere/call_from_jit/call_from_jit_020_ConvertToLLVMPass.mlir (1748 lines)
[DUMP] 021_ReconcileUnrealizedCasts -> /home/jayce.su/notes/dsl/cutlass_with_notes/examples/python/CuTeDSL/ampere/call_from_jit/call_from_jit_021_ReconcileUnrealizedCasts.mlir (1675 lines)
[DUMP] 022_GpuKernelOutlining -> /home/jayce.su/notes/dsl/cutlass_with_notes/examples/python/CuTeDSL/ampere/call_from_jit/call_from_jit_022_GpuKernelOutlining.mlir (1675 lines)
[DUMP] 023_SCFToControlFlow -> /home/jayce.su/notes/dsl/cutlass_with_notes/examples/python/CuTeDSL/ampere/call_from_jit/call_from_jit_023_SCFToControlFlow.mlir (1675 lines)
[DUMP] 024_ReconcileUnrealizedCasts -> /home/jayce.su/notes/dsl/cutlass_with_notes/examples/python/CuTeDSL/ampere/call_from_jit/call_from_jit_024_ReconcileUnrealizedCasts.mlir (1675 lines)
[DUMP] 025_ConvertToLLVMPass -> /home/jayce.su/notes/dsl/cutlass_with_notes/examples/python/CuTeDSL/ampere/call_from_jit/call_from_jit_025_ConvertToLLVMPass.mlir (1675 lines)
[DUMP] 026_Canonicalizer -> /home/jayce.su/notes/dsl/cutlass_with_notes/examples/python/CuTeDSL/ampere/call_from_jit/call_from_jit_026_Canonicalizer.mlir (1000 lines)
[DUMP] 027_CSE -> /home/jayce.su/notes/dsl/cutlass_with_notes/examples/python/CuTeDSL/ampere/call_from_jit/call_from_jit_027_CSE.mlir (965 lines)
[DUMP] 028_ConvertVectorToLLVMPass -> /home/jayce.su/notes/dsl/cutlass_with_notes/examples/python/CuTeDSL/ampere/call_from_jit/call_from_jit_028_ConvertVectorToLLVMPass.mlir (974 lines)
[DUMP] 029_ConvertNVVMToLLVMPass -> /home/jayce.su/notes/dsl/cutlass_with_notes/examples/python/CuTeDSL/ampere/call_from_jit/call_from_jit_029_ConvertNVVMToLLVMPass.mlir (980 lines)
[DUMP] 030_CudaComputeTargetPass -> /home/jayce.su/notes/dsl/cutlass_with_notes/examples/python/CuTeDSL/ampere/call_from_jit/call_from_jit_030_CudaComputeTargetPass.mlir (837 lines)
[DUMP] 031_FinalizeMemRefToLLVMConversionPass -> /home/jayce.su/notes/dsl/cutlass_with_notes/examples/python/CuTeDSL/ampere/call_from_jit/call_from_jit_031_FinalizeMemRefToLLVMConversionPass.mlir (980 lines)
[DUMP] 032_ExpandStridedMetadata -> /home/jayce.su/notes/dsl/cutlass_with_notes/examples/python/CuTeDSL/ampere/call_from_jit/call_from_jit_032_ExpandStridedMetadata.mlir (959 lines)
[DUMP] 033_ArithToLLVMConversionPass -> /home/jayce.su/notes/dsl/cutlass_with_notes/examples/python/CuTeDSL/ampere/call_from_jit/call_from_jit_033_ArithToLLVMConversionPass.mlir (959 lines)
[DUMP] 034_ConvertFastmathOps -> /home/jayce.su/notes/dsl/cutlass_with_notes/examples/python/CuTeDSL/ampere/call_from_jit/call_from_jit_034_ConvertFastmathOps.mlir (816 lines)
[DUMP] 035_ConvertGpuOpsToNVVMOps -> /home/jayce.su/notes/dsl/cutlass_with_notes/examples/python/CuTeDSL/ampere/call_from_jit/call_from_jit_035_ConvertGpuOpsToNVVMOps.mlir (816 lines)
[DUMP] 036_StoreGpuLaunchAttribute -> /home/jayce.su/notes/dsl/cutlass_with_notes/examples/python/CuTeDSL/ampere/call_from_jit/call_from_jit_036_StoreGpuLaunchAttribute.mlir (959 lines)
[DUMP] 037_GpuToLLVMConversionPass -> /home/jayce.su/notes/dsl/cutlass_with_notes/examples/python/CuTeDSL/ampere/call_from_jit/call_from_jit_037_GpuToLLVMConversionPass.mlir (959 lines)
[DUMP] 038_StoreGpuLaunchAttribute -> /home/jayce.su/notes/dsl/cutlass_with_notes/examples/python/CuTeDSL/ampere/call_from_jit/call_from_jit_038_StoreGpuLaunchAttribute.mlir (959 lines)
[DUMP] 039_ConvertMathToLLVMPass -> /home/jayce.su/notes/dsl/cutlass_with_notes/examples/python/CuTeDSL/ampere/call_from_jit/call_from_jit_039_ConvertMathToLLVMPass.mlir (959 lines)
[DUMP] 040_Canonicalizer -> /home/jayce.su/notes/dsl/cutlass_with_notes/examples/python/CuTeDSL/ampere/call_from_jit/call_from_jit_040_Canonicalizer.mlir (959 lines)
[DUMP] 041_CSE -> /home/jayce.su/notes/dsl/cutlass_with_notes/examples/python/CuTeDSL/ampere/call_from_jit/call_from_jit_041_CSE.mlir (959 lines)
[DUMP] 042_ReconcileUnrealizedCasts -> /home/jayce.su/notes/dsl/cutlass_with_notes/examples/python/CuTeDSL/ampere/call_from_jit/call_from_jit_042_ReconcileUnrealizedCasts.mlir (959 lines)
[DUMP] 043_DIScopeForLLVMFuncOpPass -> /home/jayce.su/notes/dsl/cutlass_with_notes/examples/python/CuTeDSL/ampere/call_from_jit/call_from_jit_043_DIScopeForLLVMFuncOpPass.mlir (959 lines)
[DUMP] 044_CudaToBinaryPass -> /home/jayce.su/notes/dsl/cutlass_with_notes/examples/python/CuTeDSL/ampere/call_from_jit/call_from_jit_044_CudaToBinaryPass.mlir (152 lines)
[DUMP] 045_ConvertToLLVMPass -> /home/jayce.su/notes/dsl/cutlass_with_notes/examples/python/CuTeDSL/ampere/call_from_jit/call_from_jit_045_ConvertToLLVMPass.mlir (322 lines)
[DUMP] 046_ReconcileUnrealizedCasts -> /home/jayce.su/notes/dsl/cutlass_with_notes/examples/python/CuTeDSL/ampere/call_from_jit/call_from_jit_046_ReconcileUnrealizedCasts.mlir (320 lines)
[DUMP] 047_CudaErrorHandlingPass -> /home/jayce.su/notes/dsl/cutlass_with_notes/examples/python/CuTeDSL/ampere/call_from_jit/call_from_jit_047_CudaErrorHandlingPass.mlir (327 lines)
[DUMP] per-pass IR split -> 47 files
[INFO] COMPILE-ONLY mode: skip JIT & execution completely.

[DSL INFO] Results verified successfully!
First few elements of result: 
tensor([[[-1.8740e+00,  2.6953e+01,  3.9746e-01],
         [-3.7949e+00,  5.8711e+00,  2.0176e+00],
         [-5.8154e-01,  1.1084e-01, -6.2109e+00]],

        [[ 6.7812e+00,  1.6022e-02,  5.1250e+00],
         [ 7.2412e-01,  3.4961e-01,  2.9734e+01],
         [ 3.0020e+00, -1.4836e+01,  1.6969e+01]],

        [[ 6.2773e+00,  1.1680e+01, -2.8234e+01],
         [ 2.0801e+00,  2.1641e+01,  1.1180e+01],
         [ 9.6172e+00,  5.1602e+00, -5.1641e+00]]], device='cuda:0',
       dtype=torch.float16)
