[INFO] Run tag: sgemm
[INFO] Stdout mirrored to: /home/jayce.su/notes/dsl/cutlass_with_notes/examples/python/CuTeDSL/ampere/sgemm/sgemm_stdout.log
[INFO] Stderr mirrored to: /home/jayce.su/notes/dsl/cutlass_with_notes/examples/python/CuTeDSL/ampere/sgemm/sgemm_stderr.log
[INFO] Stdout IR slice saved to: /home/jayce.su/notes/dsl/cutlass_with_notes/examples/python/CuTeDSL/ampere/sgemm/sgemm_0_with_loc.mlir
[INFO] Patched Compiler.compile -> compile_and_dump
[INFO] Patched CUDA runtime for COMPILE-ONLY mode (skip arch compatibility check)
[INFO] Patched HardwareInfo.get_max_active_clusters for COMPILE-ONLY mode
[INFO] cute_ir_dump_patch installed.
Running SIMT GEMM example:
Running Ampere SIMT GEMM example:
mnk: (256, 256, 64)
A major: m, B major: k, C major: n
Static shape: False
Warmup iterations: 2
Iterations: 100
Skip reference checking: False
Use cold L2: False
Compiling kernel with cute.compile ...



[PATCH] hit Compiler.compile
[DUMP] 0_ -> /home/jayce.su/notes/dsl/cutlass_with_notes/examples/python/CuTeDSL/ampere/sgemm/sgemm_0_.mlir (1883 lines)
[DUMP] 001_CuteRemoveStaticArgs -> /home/jayce.su/notes/dsl/cutlass_with_notes/examples/python/CuTeDSL/ampere/sgemm/sgemm_001_CuteRemoveStaticArgs.mlir (1888 lines)
[DUMP] 002_MaterializeTmaMulticast -> /home/jayce.su/notes/dsl/cutlass_with_notes/examples/python/CuTeDSL/ampere/sgemm/sgemm_002_MaterializeTmaMulticast.mlir (1888 lines)
[DUMP] 003_SoftwarePipelinePass -> /home/jayce.su/notes/dsl/cutlass_with_notes/examples/python/CuTeDSL/ampere/sgemm/sgemm_003_SoftwarePipelinePass.mlir (1888 lines)
[DUMP] 004_CuteDesugar -> /home/jayce.su/notes/dsl/cutlass_with_notes/examples/python/CuTeDSL/ampere/sgemm/sgemm_004_CuteDesugar.mlir (2621 lines)
[DUMP] 005_CuteExpandOps -> /home/jayce.su/notes/dsl/cutlass_with_notes/examples/python/CuTeDSL/ampere/sgemm/sgemm_005_CuteExpandOps.mlir (2979 lines)
[DUMP] 006_CuteFoldStatic -> /home/jayce.su/notes/dsl/cutlass_with_notes/examples/python/CuTeDSL/ampere/sgemm/sgemm_006_CuteFoldStatic.mlir (1581 lines)
[DUMP] 007_InsertRangeInformation -> /home/jayce.su/notes/dsl/cutlass_with_notes/examples/python/CuTeDSL/ampere/sgemm/sgemm_007_InsertRangeInformation.mlir (1581 lines)
[DUMP] 008_Canonicalizer -> /home/jayce.su/notes/dsl/cutlass_with_notes/examples/python/CuTeDSL/ampere/sgemm/sgemm_008_Canonicalizer.mlir (746 lines)
[DUMP] 009_CSE -> /home/jayce.su/notes/dsl/cutlass_with_notes/examples/python/CuTeDSL/ampere/sgemm/sgemm_009_CSE.mlir (654 lines)
[DUMP] 010_LoopInvariantCodeMotion -> /home/jayce.su/notes/dsl/cutlass_with_notes/examples/python/CuTeDSL/ampere/sgemm/sgemm_010_LoopInvariantCodeMotion.mlir (654 lines)
[DUMP] 011_LoopVectorizePass -> /home/jayce.su/notes/dsl/cutlass_with_notes/examples/python/CuTeDSL/ampere/sgemm/sgemm_011_LoopVectorizePass.mlir (654 lines)
[DUMP] 012_EliminateUnnecessarySyncPass -> /home/jayce.su/notes/dsl/cutlass_with_notes/examples/python/CuTeDSL/ampere/sgemm/sgemm_012_EliminateUnnecessarySyncPass.mlir (654 lines)
[DUMP] 013_StrengthReductionPass -> /home/jayce.su/notes/dsl/cutlass_with_notes/examples/python/CuTeDSL/ampere/sgemm/sgemm_013_StrengthReductionPass.mlir (657 lines)
[DUMP] 014_ConvertVectorToSCF -> /home/jayce.su/notes/dsl/cutlass_with_notes/examples/python/CuTeDSL/ampere/sgemm/sgemm_014_ConvertVectorToSCF.mlir (655 lines)
[DUMP] 015_ConvertCuteTypesInScfOps -> /home/jayce.su/notes/dsl/cutlass_with_notes/examples/python/CuTeDSL/ampere/sgemm/sgemm_015_ConvertCuteTypesInScfOps.mlir (661 lines)
[DUMP] 016_SCFToControlFlow -> /home/jayce.su/notes/dsl/cutlass_with_notes/examples/python/CuTeDSL/ampere/sgemm/sgemm_016_SCFToControlFlow.mlir (730 lines)
[DUMP] 017_ArithExpandOpsPass -> /home/jayce.su/notes/dsl/cutlass_with_notes/examples/python/CuTeDSL/ampere/sgemm/sgemm_017_ArithExpandOpsPass.mlir (874 lines)
[DUMP] 018_ConvertMathToFuncs -> /home/jayce.su/notes/dsl/cutlass_with_notes/examples/python/CuTeDSL/ampere/sgemm/sgemm_018_ConvertMathToFuncs.mlir (874 lines)
[DUMP] 019_GpuLaunchSinkIndexComputations -> /home/jayce.su/notes/dsl/cutlass_with_notes/examples/python/CuTeDSL/ampere/sgemm/sgemm_019_GpuLaunchSinkIndexComputations.mlir (874 lines)
[DUMP] 020_ConvertToLLVMPass -> /home/jayce.su/notes/dsl/cutlass_with_notes/examples/python/CuTeDSL/ampere/sgemm/sgemm_020_ConvertToLLVMPass.mlir (1545 lines)
[DUMP] 021_ReconcileUnrealizedCasts -> /home/jayce.su/notes/dsl/cutlass_with_notes/examples/python/CuTeDSL/ampere/sgemm/sgemm_021_ReconcileUnrealizedCasts.mlir (1503 lines)
[DUMP] 022_GpuKernelOutlining -> /home/jayce.su/notes/dsl/cutlass_with_notes/examples/python/CuTeDSL/ampere/sgemm/sgemm_022_GpuKernelOutlining.mlir (1503 lines)
[DUMP] 023_SCFToControlFlow -> /home/jayce.su/notes/dsl/cutlass_with_notes/examples/python/CuTeDSL/ampere/sgemm/sgemm_023_SCFToControlFlow.mlir (1503 lines)
[DUMP] 024_ReconcileUnrealizedCasts -> /home/jayce.su/notes/dsl/cutlass_with_notes/examples/python/CuTeDSL/ampere/sgemm/sgemm_024_ReconcileUnrealizedCasts.mlir (1503 lines)
[DUMP] 025_ConvertToLLVMPass -> /home/jayce.su/notes/dsl/cutlass_with_notes/examples/python/CuTeDSL/ampere/sgemm/sgemm_025_ConvertToLLVMPass.mlir (1503 lines)
[DUMP] 026_Canonicalizer -> /home/jayce.su/notes/dsl/cutlass_with_notes/examples/python/CuTeDSL/ampere/sgemm/sgemm_026_Canonicalizer.mlir (797 lines)
[DUMP] 027_CSE -> /home/jayce.su/notes/dsl/cutlass_with_notes/examples/python/CuTeDSL/ampere/sgemm/sgemm_027_CSE.mlir (760 lines)
[DUMP] 028_ConvertVectorToLLVMPass -> /home/jayce.su/notes/dsl/cutlass_with_notes/examples/python/CuTeDSL/ampere/sgemm/sgemm_028_ConvertVectorToLLVMPass.mlir (750 lines)
[DUMP] 029_ConvertNVVMToLLVMPass -> /home/jayce.su/notes/dsl/cutlass_with_notes/examples/python/CuTeDSL/ampere/sgemm/sgemm_029_ConvertNVVMToLLVMPass.mlir (756 lines)
[DUMP] 030_CudaComputeTargetPass -> /home/jayce.su/notes/dsl/cutlass_with_notes/examples/python/CuTeDSL/ampere/sgemm/sgemm_030_CudaComputeTargetPass.mlir (592 lines)
[DUMP] 031_FinalizeMemRefToLLVMConversionPass -> /home/jayce.su/notes/dsl/cutlass_with_notes/examples/python/CuTeDSL/ampere/sgemm/sgemm_031_FinalizeMemRefToLLVMConversionPass.mlir (756 lines)
[DUMP] 032_ExpandStridedMetadata -> /home/jayce.su/notes/dsl/cutlass_with_notes/examples/python/CuTeDSL/ampere/sgemm/sgemm_032_ExpandStridedMetadata.mlir (750 lines)
[DUMP] 033_ArithToLLVMConversionPass -> /home/jayce.su/notes/dsl/cutlass_with_notes/examples/python/CuTeDSL/ampere/sgemm/sgemm_033_ArithToLLVMConversionPass.mlir (750 lines)
[DUMP] 034_ConvertFastmathOps -> /home/jayce.su/notes/dsl/cutlass_with_notes/examples/python/CuTeDSL/ampere/sgemm/sgemm_034_ConvertFastmathOps.mlir (586 lines)
[DUMP] 035_ConvertGpuOpsToNVVMOps -> /home/jayce.su/notes/dsl/cutlass_with_notes/examples/python/CuTeDSL/ampere/sgemm/sgemm_035_ConvertGpuOpsToNVVMOps.mlir (594 lines)
[DUMP] 036_StoreGpuLaunchAttribute -> /home/jayce.su/notes/dsl/cutlass_with_notes/examples/python/CuTeDSL/ampere/sgemm/sgemm_036_StoreGpuLaunchAttribute.mlir (758 lines)
[DUMP] 037_GpuToLLVMConversionPass -> /home/jayce.su/notes/dsl/cutlass_with_notes/examples/python/CuTeDSL/ampere/sgemm/sgemm_037_GpuToLLVMConversionPass.mlir (758 lines)
[DUMP] 038_StoreGpuLaunchAttribute -> /home/jayce.su/notes/dsl/cutlass_with_notes/examples/python/CuTeDSL/ampere/sgemm/sgemm_038_StoreGpuLaunchAttribute.mlir (758 lines)
[DUMP] 039_ConvertMathToLLVMPass -> /home/jayce.su/notes/dsl/cutlass_with_notes/examples/python/CuTeDSL/ampere/sgemm/sgemm_039_ConvertMathToLLVMPass.mlir (758 lines)
[DUMP] 040_Canonicalizer -> /home/jayce.su/notes/dsl/cutlass_with_notes/examples/python/CuTeDSL/ampere/sgemm/sgemm_040_Canonicalizer.mlir (758 lines)
[DUMP] 041_CSE -> /home/jayce.su/notes/dsl/cutlass_with_notes/examples/python/CuTeDSL/ampere/sgemm/sgemm_041_CSE.mlir (758 lines)
[DUMP] 042_ReconcileUnrealizedCasts -> /home/jayce.su/notes/dsl/cutlass_with_notes/examples/python/CuTeDSL/ampere/sgemm/sgemm_042_ReconcileUnrealizedCasts.mlir (758 lines)
[DUMP] 043_DIScopeForLLVMFuncOpPass -> /home/jayce.su/notes/dsl/cutlass_with_notes/examples/python/CuTeDSL/ampere/sgemm/sgemm_043_DIScopeForLLVMFuncOpPass.mlir (758 lines)
[DUMP] 044_CudaToBinaryPass -> /home/jayce.su/notes/dsl/cutlass_with_notes/examples/python/CuTeDSL/ampere/sgemm/sgemm_044_CudaToBinaryPass.mlir (175 lines)
[DUMP] 045_ConvertToLLVMPass -> /home/jayce.su/notes/dsl/cutlass_with_notes/examples/python/CuTeDSL/ampere/sgemm/sgemm_045_ConvertToLLVMPass.mlir (338 lines)
[DUMP] 046_ReconcileUnrealizedCasts -> /home/jayce.su/notes/dsl/cutlass_with_notes/examples/python/CuTeDSL/ampere/sgemm/sgemm_046_ReconcileUnrealizedCasts.mlir (336 lines)
[DUMP] 047_CudaErrorHandlingPass -> /home/jayce.su/notes/dsl/cutlass_with_notes/examples/python/CuTeDSL/ampere/sgemm/sgemm_047_CudaErrorHandlingPass.mlir (343 lines)
[DUMP] per-pass IR split -> 47 files
[INFO] COMPILE-ONLY mode: skip JIT & execution completely.
Compilation time: 14.3260 seconds
Executing GEMM kernel...
Verifying results...
Results verified successfully!
Kernel execution time: 0.0256 ms
PASS
