[INFO] Run tag: dense_gemm_persistent_prefetch
[INFO] Stdout mirrored to: /home/jayce.su/notes/dsl/cutlass_with_notes/examples/python/CuTeDSL/blackwell/dense_gemm_persistent_prefetch/dense_gemm_persistent_prefetch_stdout.log
[INFO] Stderr mirrored to: /home/jayce.su/notes/dsl/cutlass_with_notes/examples/python/CuTeDSL/blackwell/dense_gemm_persistent_prefetch/dense_gemm_persistent_prefetch_stderr.log
[INFO] Stdout IR slice saved to: /home/jayce.su/notes/dsl/cutlass_with_notes/examples/python/CuTeDSL/blackwell/dense_gemm_persistent_prefetch/dense_gemm_persistent_prefetch_0_with_loc.mlir
[INFO] Patched Compiler.compile -> compile_and_dump
[INFO] Patched CUDA runtime for COMPILE-ONLY mode (skip arch compatibility check)
[INFO] Patched HardwareInfo.get_max_active_clusters for COMPILE-ONLY mode
[INFO] cute_ir_dump_patch installed.
Running Blackwell Persistent Dense GEMM (Prefetch) test with:
mnkl: (256, 256, 512, 1)
AB dtype: TFloat32, C dtype: Float32, Acc dtype: Float32
Matrix majors - A: k, B: k, C: n
Mma Tiler (M, N): (128, 128), Cluster Shape (M, N): (1, 1)
2CTA MMA instructions: False
Use TMA Store: False
Tolerance: 0.1
Warmup iterations: 0
Iterations: 1
Skip reference checking: False
Use cold L2: False
Prefetch distance: auto (num_ab_stage)



[PATCH] hit Compiler.compile
[DUMP] 0_ -> /home/jayce.su/notes/dsl/cutlass_with_notes/examples/python/CuTeDSL/blackwell/dense_gemm_persistent_prefetch/dense_gemm_persistent_prefetch_0_.mlir (2705 lines)
[DUMP] 001_CuteRemoveStaticArgs -> /home/jayce.su/notes/dsl/cutlass_with_notes/examples/python/CuTeDSL/blackwell/dense_gemm_persistent_prefetch/dense_gemm_persistent_prefetch_001_CuteRemoveStaticArgs.mlir (2708 lines)
[DUMP] 002_MaterializeTmaMulticast -> /home/jayce.su/notes/dsl/cutlass_with_notes/examples/python/CuTeDSL/blackwell/dense_gemm_persistent_prefetch/dense_gemm_persistent_prefetch_002_MaterializeTmaMulticast.mlir (2708 lines)
[DUMP] 003_SoftwarePipelinePass -> /home/jayce.su/notes/dsl/cutlass_with_notes/examples/python/CuTeDSL/blackwell/dense_gemm_persistent_prefetch/dense_gemm_persistent_prefetch_003_SoftwarePipelinePass.mlir (2708 lines)
[DUMP] 004_CuteDesugar -> /home/jayce.su/notes/dsl/cutlass_with_notes/examples/python/CuTeDSL/blackwell/dense_gemm_persistent_prefetch/dense_gemm_persistent_prefetch_004_CuteDesugar.mlir (3141 lines)
[DUMP] 005_CuteExpandOps -> /home/jayce.su/notes/dsl/cutlass_with_notes/examples/python/CuTeDSL/blackwell/dense_gemm_persistent_prefetch/dense_gemm_persistent_prefetch_005_CuteExpandOps.mlir (6696 lines)
[DUMP] 006_CuteFoldStatic -> /home/jayce.su/notes/dsl/cutlass_with_notes/examples/python/CuTeDSL/blackwell/dense_gemm_persistent_prefetch/dense_gemm_persistent_prefetch_006_CuteFoldStatic.mlir (4729 lines)
[DUMP] 007_InsertRangeInformation -> /home/jayce.su/notes/dsl/cutlass_with_notes/examples/python/CuTeDSL/blackwell/dense_gemm_persistent_prefetch/dense_gemm_persistent_prefetch_007_InsertRangeInformation.mlir (4729 lines)
[DUMP] 008_Canonicalizer -> /home/jayce.su/notes/dsl/cutlass_with_notes/examples/python/CuTeDSL/blackwell/dense_gemm_persistent_prefetch/dense_gemm_persistent_prefetch_008_Canonicalizer.mlir (2452 lines)
[DUMP] 009_CSE -> /home/jayce.su/notes/dsl/cutlass_with_notes/examples/python/CuTeDSL/blackwell/dense_gemm_persistent_prefetch/dense_gemm_persistent_prefetch_009_CSE.mlir (2214 lines)
[DUMP] 010_LoopInvariantCodeMotion -> /home/jayce.su/notes/dsl/cutlass_with_notes/examples/python/CuTeDSL/blackwell/dense_gemm_persistent_prefetch/dense_gemm_persistent_prefetch_010_LoopInvariantCodeMotion.mlir (2214 lines)
[DUMP] 011_LoopStrengthReductionPass -> /home/jayce.su/notes/dsl/cutlass_with_notes/examples/python/CuTeDSL/blackwell/dense_gemm_persistent_prefetch/dense_gemm_persistent_prefetch_011_LoopStrengthReductionPass.mlir (2214 lines)
[DUMP] 012_ConvertVectorToSCF -> /home/jayce.su/notes/dsl/cutlass_with_notes/examples/python/CuTeDSL/blackwell/dense_gemm_persistent_prefetch/dense_gemm_persistent_prefetch_012_ConvertVectorToSCF.mlir (2214 lines)
[DUMP] 013_ConvertCuteTypesInScfOps -> /home/jayce.su/notes/dsl/cutlass_with_notes/examples/python/CuTeDSL/blackwell/dense_gemm_persistent_prefetch/dense_gemm_persistent_prefetch_013_ConvertCuteTypesInScfOps.mlir (2219 lines)
[DUMP] 014_SCFToControlFlow -> /home/jayce.su/notes/dsl/cutlass_with_notes/examples/python/CuTeDSL/blackwell/dense_gemm_persistent_prefetch/dense_gemm_persistent_prefetch_014_SCFToControlFlow.mlir (2403 lines)
[DUMP] 015_ArithExpandOpsPass -> /home/jayce.su/notes/dsl/cutlass_with_notes/examples/python/CuTeDSL/blackwell/dense_gemm_persistent_prefetch/dense_gemm_persistent_prefetch_015_ArithExpandOpsPass.mlir (2562 lines)
[DUMP] 016_ConvertMathToFuncs -> /home/jayce.su/notes/dsl/cutlass_with_notes/examples/python/CuTeDSL/blackwell/dense_gemm_persistent_prefetch/dense_gemm_persistent_prefetch_016_ConvertMathToFuncs.mlir (2562 lines)
[DUMP] 017_GpuLaunchSinkIndexComputations -> /home/jayce.su/notes/dsl/cutlass_with_notes/examples/python/CuTeDSL/blackwell/dense_gemm_persistent_prefetch/dense_gemm_persistent_prefetch_017_GpuLaunchSinkIndexComputations.mlir (2562 lines)
[DUMP] 018_ConvertToLLVMPass -> /home/jayce.su/notes/dsl/cutlass_with_notes/examples/python/CuTeDSL/blackwell/dense_gemm_persistent_prefetch/dense_gemm_persistent_prefetch_018_ConvertToLLVMPass.mlir (3683 lines)
[DUMP] 019_ReconcileUnrealizedCasts -> /home/jayce.su/notes/dsl/cutlass_with_notes/examples/python/CuTeDSL/blackwell/dense_gemm_persistent_prefetch/dense_gemm_persistent_prefetch_019_ReconcileUnrealizedCasts.mlir (3088 lines)
[DUMP] 020_GpuKernelOutlining -> /home/jayce.su/notes/dsl/cutlass_with_notes/examples/python/CuTeDSL/blackwell/dense_gemm_persistent_prefetch/dense_gemm_persistent_prefetch_020_GpuKernelOutlining.mlir (3088 lines)
[DUMP] 021_SCFToControlFlow -> /home/jayce.su/notes/dsl/cutlass_with_notes/examples/python/CuTeDSL/blackwell/dense_gemm_persistent_prefetch/dense_gemm_persistent_prefetch_021_SCFToControlFlow.mlir (3094 lines)
[DUMP] 022_ReconcileUnrealizedCasts -> /home/jayce.su/notes/dsl/cutlass_with_notes/examples/python/CuTeDSL/blackwell/dense_gemm_persistent_prefetch/dense_gemm_persistent_prefetch_022_ReconcileUnrealizedCasts.mlir (3094 lines)
[DUMP] 023_ConvertToLLVMPass -> /home/jayce.su/notes/dsl/cutlass_with_notes/examples/python/CuTeDSL/blackwell/dense_gemm_persistent_prefetch/dense_gemm_persistent_prefetch_023_ConvertToLLVMPass.mlir (3094 lines)
[DUMP] 024_Canonicalizer -> /home/jayce.su/notes/dsl/cutlass_with_notes/examples/python/CuTeDSL/blackwell/dense_gemm_persistent_prefetch/dense_gemm_persistent_prefetch_024_Canonicalizer.mlir (2061 lines)
[DUMP] 025_CSE -> /home/jayce.su/notes/dsl/cutlass_with_notes/examples/python/CuTeDSL/blackwell/dense_gemm_persistent_prefetch/dense_gemm_persistent_prefetch_025_CSE.mlir (2040 lines)
[DUMP] 026_ConvertVectorToLLVMPass -> /home/jayce.su/notes/dsl/cutlass_with_notes/examples/python/CuTeDSL/blackwell/dense_gemm_persistent_prefetch/dense_gemm_persistent_prefetch_026_ConvertVectorToLLVMPass.mlir (2028 lines)
[DUMP] 027_ConvertNVVMToLLVMPass -> /home/jayce.su/notes/dsl/cutlass_with_notes/examples/python/CuTeDSL/blackwell/dense_gemm_persistent_prefetch/dense_gemm_persistent_prefetch_027_ConvertNVVMToLLVMPass.mlir (2029 lines)
[DUMP] 028_CudaComputeTargetPass -> /home/jayce.su/notes/dsl/cutlass_with_notes/examples/python/CuTeDSL/blackwell/dense_gemm_persistent_prefetch/dense_gemm_persistent_prefetch_028_CudaComputeTargetPass.mlir (1472 lines)
[DUMP] 029_FinalizeMemRefToLLVMConversionPass -> /home/jayce.su/notes/dsl/cutlass_with_notes/examples/python/CuTeDSL/blackwell/dense_gemm_persistent_prefetch/dense_gemm_persistent_prefetch_029_FinalizeMemRefToLLVMConversionPass.mlir (2029 lines)
[DUMP] 030_ExpandStridedMetadata -> /home/jayce.su/notes/dsl/cutlass_with_notes/examples/python/CuTeDSL/blackwell/dense_gemm_persistent_prefetch/dense_gemm_persistent_prefetch_030_ExpandStridedMetadata.mlir (2028 lines)
[DUMP] 031_ArithToLLVMConversionPass -> /home/jayce.su/notes/dsl/cutlass_with_notes/examples/python/CuTeDSL/blackwell/dense_gemm_persistent_prefetch/dense_gemm_persistent_prefetch_031_ArithToLLVMConversionPass.mlir (2028 lines)
[DUMP] 032_ConvertFastmathOps -> /home/jayce.su/notes/dsl/cutlass_with_notes/examples/python/CuTeDSL/blackwell/dense_gemm_persistent_prefetch/dense_gemm_persistent_prefetch_032_ConvertFastmathOps.mlir (1471 lines)
[DUMP] 033_ConvertGpuOpsToNVVMOps -> /home/jayce.su/notes/dsl/cutlass_with_notes/examples/python/CuTeDSL/blackwell/dense_gemm_persistent_prefetch/dense_gemm_persistent_prefetch_033_ConvertGpuOpsToNVVMOps.mlir (1471 lines)
[DUMP] 034_StoreGpuLaunchAttribute -> /home/jayce.su/notes/dsl/cutlass_with_notes/examples/python/CuTeDSL/blackwell/dense_gemm_persistent_prefetch/dense_gemm_persistent_prefetch_034_StoreGpuLaunchAttribute.mlir (2028 lines)
[DUMP] 035_GpuToLLVMConversionPass -> /home/jayce.su/notes/dsl/cutlass_with_notes/examples/python/CuTeDSL/blackwell/dense_gemm_persistent_prefetch/dense_gemm_persistent_prefetch_035_GpuToLLVMConversionPass.mlir (2028 lines)
[DUMP] 036_StoreGpuLaunchAttribute -> /home/jayce.su/notes/dsl/cutlass_with_notes/examples/python/CuTeDSL/blackwell/dense_gemm_persistent_prefetch/dense_gemm_persistent_prefetch_036_StoreGpuLaunchAttribute.mlir (2028 lines)
[DUMP] 037_ConvertMathToLLVMPass -> /home/jayce.su/notes/dsl/cutlass_with_notes/examples/python/CuTeDSL/blackwell/dense_gemm_persistent_prefetch/dense_gemm_persistent_prefetch_037_ConvertMathToLLVMPass.mlir (2028 lines)
[DUMP] 038_Canonicalizer -> /home/jayce.su/notes/dsl/cutlass_with_notes/examples/python/CuTeDSL/blackwell/dense_gemm_persistent_prefetch/dense_gemm_persistent_prefetch_038_Canonicalizer.mlir (2028 lines)
[DUMP] 039_CSE -> /home/jayce.su/notes/dsl/cutlass_with_notes/examples/python/CuTeDSL/blackwell/dense_gemm_persistent_prefetch/dense_gemm_persistent_prefetch_039_CSE.mlir (2028 lines)
[DUMP] 040_ReconcileUnrealizedCasts -> /home/jayce.su/notes/dsl/cutlass_with_notes/examples/python/CuTeDSL/blackwell/dense_gemm_persistent_prefetch/dense_gemm_persistent_prefetch_040_ReconcileUnrealizedCasts.mlir (2028 lines)
[DUMP] 041_DIScopeForLLVMFuncOpPass -> /home/jayce.su/notes/dsl/cutlass_with_notes/examples/python/CuTeDSL/blackwell/dense_gemm_persistent_prefetch/dense_gemm_persistent_prefetch_041_DIScopeForLLVMFuncOpPass.mlir (2028 lines)
[DUMP] 042_CudaToBinaryPass -> /home/jayce.su/notes/dsl/cutlass_with_notes/examples/python/CuTeDSL/blackwell/dense_gemm_persistent_prefetch/dense_gemm_persistent_prefetch_042_CudaToBinaryPass.mlir (563 lines)
[DUMP] 043_ConvertToLLVMPass -> /home/jayce.su/notes/dsl/cutlass_with_notes/examples/python/CuTeDSL/blackwell/dense_gemm_persistent_prefetch/dense_gemm_persistent_prefetch_043_ConvertToLLVMPass.mlir (763 lines)
[DUMP] 044_ReconcileUnrealizedCasts -> /home/jayce.su/notes/dsl/cutlass_with_notes/examples/python/CuTeDSL/blackwell/dense_gemm_persistent_prefetch/dense_gemm_persistent_prefetch_044_ReconcileUnrealizedCasts.mlir (761 lines)
[DUMP] 045_CudaErrorHandlingPass -> /home/jayce.su/notes/dsl/cutlass_with_notes/examples/python/CuTeDSL/blackwell/dense_gemm_persistent_prefetch/dense_gemm_persistent_prefetch_045_CudaErrorHandlingPass.mlir (768 lines)
[DUMP] per-pass IR split -> 45 files
[INFO] COMPILE-ONLY mode: skip JIT & execution completely.
