[INFO] Run tag: mamba2_ssd
[INFO] Stdout mirrored to: /home/jayce.su/notes/dsl/cutlass_with_notes/examples/python/CuTeDSL/blackwell/mamba2_ssd/mamba2_ssd/mamba2_ssd_stdout.log
[INFO] Stderr mirrored to: /home/jayce.su/notes/dsl/cutlass_with_notes/examples/python/CuTeDSL/blackwell/mamba2_ssd/mamba2_ssd/mamba2_ssd_stderr.log
[INFO] Stdout IR slice saved to: /home/jayce.su/notes/dsl/cutlass_with_notes/examples/python/CuTeDSL/blackwell/mamba2_ssd/mamba2_ssd/mamba2_ssd_0_with_loc.mlir
[INFO] Patched Compiler.compile -> compile_and_dump
[INFO] Patched CUDA runtime for COMPILE-ONLY mode (skip arch compatibility check)
[INFO] Patched HardwareInfo.get_max_active_clusters for COMPILE-ONLY mode
[INFO] cute_ir_dump_patch installed.
Running B100 Mamba2 SSD with:
GBEHCDLN: [2, 4, 2, 40, 32, 64, 128, 128]
Input/Output dtype: BFloat16, Intermediate delta dtype: Float32, Acc dtype: Float32
Has D (True means fuse Y+=X*D): True, D has Hdim (True means D.shape DxEH, False means 1xEH): True
Tolerance: 0.05
Warmup iterations: 0
Iterations: 1
Skip reference checking: False
Use cold L2: False



[PATCH] hit Compiler.compile
[DUMP] 0_ -> /home/jayce.su/notes/dsl/cutlass_with_notes/examples/python/CuTeDSL/blackwell/mamba2_ssd/mamba2_ssd/mamba2_ssd_0_.mlir (10650 lines)
[DUMP] 001_CuteRemoveStaticArgs -> /home/jayce.su/notes/dsl/cutlass_with_notes/examples/python/CuTeDSL/blackwell/mamba2_ssd/mamba2_ssd/mamba2_ssd_001_CuteRemoveStaticArgs.mlir (10673 lines)
[DUMP] 002_MaterializeTmaMulticast -> /home/jayce.su/notes/dsl/cutlass_with_notes/examples/python/CuTeDSL/blackwell/mamba2_ssd/mamba2_ssd/mamba2_ssd_002_MaterializeTmaMulticast.mlir (10673 lines)
[DUMP] 003_SoftwarePipelinePass -> /home/jayce.su/notes/dsl/cutlass_with_notes/examples/python/CuTeDSL/blackwell/mamba2_ssd/mamba2_ssd/mamba2_ssd_003_SoftwarePipelinePass.mlir (10673 lines)
[DUMP] 004_CuteDesugar -> /home/jayce.su/notes/dsl/cutlass_with_notes/examples/python/CuTeDSL/blackwell/mamba2_ssd/mamba2_ssd/mamba2_ssd_004_CuteDesugar.mlir (12326 lines)
[DUMP] 005_CuteExpandOps -> /home/jayce.su/notes/dsl/cutlass_with_notes/examples/python/CuTeDSL/blackwell/mamba2_ssd/mamba2_ssd/mamba2_ssd_005_CuteExpandOps.mlir (16841 lines)
[DUMP] 006_CuteFoldStatic -> /home/jayce.su/notes/dsl/cutlass_with_notes/examples/python/CuTeDSL/blackwell/mamba2_ssd/mamba2_ssd/mamba2_ssd_006_CuteFoldStatic.mlir (11570 lines)
[DUMP] 007_InsertRangeInformation -> /home/jayce.su/notes/dsl/cutlass_with_notes/examples/python/CuTeDSL/blackwell/mamba2_ssd/mamba2_ssd/mamba2_ssd_007_InsertRangeInformation.mlir (11570 lines)
[DUMP] 008_Canonicalizer -> /home/jayce.su/notes/dsl/cutlass_with_notes/examples/python/CuTeDSL/blackwell/mamba2_ssd/mamba2_ssd/mamba2_ssd_008_Canonicalizer.mlir (7604 lines)
[DUMP] 009_CSE -> /home/jayce.su/notes/dsl/cutlass_with_notes/examples/python/CuTeDSL/blackwell/mamba2_ssd/mamba2_ssd/mamba2_ssd_009_CSE.mlir (6758 lines)
[DUMP] 010_LoopInvariantCodeMotion -> /home/jayce.su/notes/dsl/cutlass_with_notes/examples/python/CuTeDSL/blackwell/mamba2_ssd/mamba2_ssd/mamba2_ssd_010_LoopInvariantCodeMotion.mlir (6758 lines)
[DUMP] 011_LoopVectorizePass -> /home/jayce.su/notes/dsl/cutlass_with_notes/examples/python/CuTeDSL/blackwell/mamba2_ssd/mamba2_ssd/mamba2_ssd_011_LoopVectorizePass.mlir (6758 lines)
[DUMP] 012_EliminateUnnecessarySyncPass -> /home/jayce.su/notes/dsl/cutlass_with_notes/examples/python/CuTeDSL/blackwell/mamba2_ssd/mamba2_ssd/mamba2_ssd_012_EliminateUnnecessarySyncPass.mlir (6758 lines)
[DUMP] 013_StrengthReductionPass -> /home/jayce.su/notes/dsl/cutlass_with_notes/examples/python/CuTeDSL/blackwell/mamba2_ssd/mamba2_ssd/mamba2_ssd_013_StrengthReductionPass.mlir (6758 lines)
[DUMP] 014_ConvertVectorToSCF -> /home/jayce.su/notes/dsl/cutlass_with_notes/examples/python/CuTeDSL/blackwell/mamba2_ssd/mamba2_ssd/mamba2_ssd_014_ConvertVectorToSCF.mlir (6758 lines)
[DUMP] 015_ConvertCuteTypesInScfOps -> /home/jayce.su/notes/dsl/cutlass_with_notes/examples/python/CuTeDSL/blackwell/mamba2_ssd/mamba2_ssd/mamba2_ssd_015_ConvertCuteTypesInScfOps.mlir (6774 lines)
[DUMP] 016_SCFToControlFlow -> /home/jayce.su/notes/dsl/cutlass_with_notes/examples/python/CuTeDSL/blackwell/mamba2_ssd/mamba2_ssd/mamba2_ssd_016_SCFToControlFlow.mlir (7190 lines)
[DUMP] 017_ArithExpandOpsPass -> /home/jayce.su/notes/dsl/cutlass_with_notes/examples/python/CuTeDSL/blackwell/mamba2_ssd/mamba2_ssd/mamba2_ssd_017_ArithExpandOpsPass.mlir (7281 lines)
[DUMP] 018_ConvertMathToFuncs -> /home/jayce.su/notes/dsl/cutlass_with_notes/examples/python/CuTeDSL/blackwell/mamba2_ssd/mamba2_ssd/mamba2_ssd_018_ConvertMathToFuncs.mlir (7281 lines)
[DUMP] 019_GpuLaunchSinkIndexComputations -> /home/jayce.su/notes/dsl/cutlass_with_notes/examples/python/CuTeDSL/blackwell/mamba2_ssd/mamba2_ssd/mamba2_ssd_019_GpuLaunchSinkIndexComputations.mlir (7281 lines)
[DUMP] 020_ConvertToLLVMPass -> /home/jayce.su/notes/dsl/cutlass_with_notes/examples/python/CuTeDSL/blackwell/mamba2_ssd/mamba2_ssd/mamba2_ssd_020_ConvertToLLVMPass.mlir (18065 lines)
[DUMP] 021_ReconcileUnrealizedCasts -> /home/jayce.su/notes/dsl/cutlass_with_notes/examples/python/CuTeDSL/blackwell/mamba2_ssd/mamba2_ssd/mamba2_ssd_021_ReconcileUnrealizedCasts.mlir (17253 lines)
[DUMP] 022_GpuKernelOutlining -> /home/jayce.su/notes/dsl/cutlass_with_notes/examples/python/CuTeDSL/blackwell/mamba2_ssd/mamba2_ssd/mamba2_ssd_022_GpuKernelOutlining.mlir (17253 lines)
[DUMP] 023_SCFToControlFlow -> /home/jayce.su/notes/dsl/cutlass_with_notes/examples/python/CuTeDSL/blackwell/mamba2_ssd/mamba2_ssd/mamba2_ssd_023_SCFToControlFlow.mlir (17253 lines)
[DUMP] 024_ReconcileUnrealizedCasts -> /home/jayce.su/notes/dsl/cutlass_with_notes/examples/python/CuTeDSL/blackwell/mamba2_ssd/mamba2_ssd/mamba2_ssd_024_ReconcileUnrealizedCasts.mlir (17253 lines)
[DUMP] 025_ConvertToLLVMPass -> /home/jayce.su/notes/dsl/cutlass_with_notes/examples/python/CuTeDSL/blackwell/mamba2_ssd/mamba2_ssd/mamba2_ssd_025_ConvertToLLVMPass.mlir (17253 lines)
[DUMP] 026_Canonicalizer -> /home/jayce.su/notes/dsl/cutlass_with_notes/examples/python/CuTeDSL/blackwell/mamba2_ssd/mamba2_ssd/mamba2_ssd_026_Canonicalizer.mlir (9514 lines)
[DUMP] 027_CSE -> /home/jayce.su/notes/dsl/cutlass_with_notes/examples/python/CuTeDSL/blackwell/mamba2_ssd/mamba2_ssd/mamba2_ssd_027_CSE.mlir (8220 lines)
[DUMP] 028_ConvertVectorToLLVMPass -> /home/jayce.su/notes/dsl/cutlass_with_notes/examples/python/CuTeDSL/blackwell/mamba2_ssd/mamba2_ssd/mamba2_ssd_028_ConvertVectorToLLVMPass.mlir (9571 lines)
[DUMP] 029_ConvertNVVMToLLVMPass -> /home/jayce.su/notes/dsl/cutlass_with_notes/examples/python/CuTeDSL/blackwell/mamba2_ssd/mamba2_ssd/mamba2_ssd_029_ConvertNVVMToLLVMPass.mlir (9572 lines)
[DUMP] 030_CudaComputeTargetPass -> /home/jayce.su/notes/dsl/cutlass_with_notes/examples/python/CuTeDSL/blackwell/mamba2_ssd/mamba2_ssd/mamba2_ssd_030_CudaComputeTargetPass.mlir (8582 lines)
[DUMP] 031_FinalizeMemRefToLLVMConversionPass -> /home/jayce.su/notes/dsl/cutlass_with_notes/examples/python/CuTeDSL/blackwell/mamba2_ssd/mamba2_ssd/mamba2_ssd_031_FinalizeMemRefToLLVMConversionPass.mlir (9572 lines)
[DUMP] 032_ExpandStridedMetadata -> /home/jayce.su/notes/dsl/cutlass_with_notes/examples/python/CuTeDSL/blackwell/mamba2_ssd/mamba2_ssd/mamba2_ssd_032_ExpandStridedMetadata.mlir (8481 lines)
[DUMP] 033_ArithToLLVMConversionPass -> /home/jayce.su/notes/dsl/cutlass_with_notes/examples/python/CuTeDSL/blackwell/mamba2_ssd/mamba2_ssd/mamba2_ssd_033_ArithToLLVMConversionPass.mlir (8481 lines)
[DUMP] 034_ConvertFastmathOps -> /home/jayce.su/notes/dsl/cutlass_with_notes/examples/python/CuTeDSL/blackwell/mamba2_ssd/mamba2_ssd/mamba2_ssd_034_ConvertFastmathOps.mlir (7753 lines)
[DUMP] 035_ConvertGpuOpsToNVVMOps -> /home/jayce.su/notes/dsl/cutlass_with_notes/examples/python/CuTeDSL/blackwell/mamba2_ssd/mamba2_ssd/mamba2_ssd_035_ConvertGpuOpsToNVVMOps.mlir (7623 lines)
[DUMP] 036_StoreGpuLaunchAttribute -> /home/jayce.su/notes/dsl/cutlass_with_notes/examples/python/CuTeDSL/blackwell/mamba2_ssd/mamba2_ssd/mamba2_ssd_036_StoreGpuLaunchAttribute.mlir (8613 lines)
[DUMP] 037_GpuToLLVMConversionPass -> /home/jayce.su/notes/dsl/cutlass_with_notes/examples/python/CuTeDSL/blackwell/mamba2_ssd/mamba2_ssd/mamba2_ssd_037_GpuToLLVMConversionPass.mlir (8613 lines)
[DUMP] 038_StoreGpuLaunchAttribute -> /home/jayce.su/notes/dsl/cutlass_with_notes/examples/python/CuTeDSL/blackwell/mamba2_ssd/mamba2_ssd/mamba2_ssd_038_StoreGpuLaunchAttribute.mlir (8613 lines)
[DUMP] 039_ConvertMathToLLVMPass -> /home/jayce.su/notes/dsl/cutlass_with_notes/examples/python/CuTeDSL/blackwell/mamba2_ssd/mamba2_ssd/mamba2_ssd_039_ConvertMathToLLVMPass.mlir (8613 lines)
[DUMP] 040_Canonicalizer -> /home/jayce.su/notes/dsl/cutlass_with_notes/examples/python/CuTeDSL/blackwell/mamba2_ssd/mamba2_ssd/mamba2_ssd_040_Canonicalizer.mlir (8613 lines)
[DUMP] 041_CSE -> /home/jayce.su/notes/dsl/cutlass_with_notes/examples/python/CuTeDSL/blackwell/mamba2_ssd/mamba2_ssd/mamba2_ssd_041_CSE.mlir (8613 lines)
[DUMP] 042_ReconcileUnrealizedCasts -> /home/jayce.su/notes/dsl/cutlass_with_notes/examples/python/CuTeDSL/blackwell/mamba2_ssd/mamba2_ssd/mamba2_ssd_042_ReconcileUnrealizedCasts.mlir (8613 lines)
[DUMP] 043_DIScopeForLLVMFuncOpPass -> /home/jayce.su/notes/dsl/cutlass_with_notes/examples/python/CuTeDSL/blackwell/mamba2_ssd/mamba2_ssd/mamba2_ssd_043_DIScopeForLLVMFuncOpPass.mlir (8613 lines)
[DUMP] 044_CudaToBinaryPass -> /home/jayce.su/notes/dsl/cutlass_with_notes/examples/python/CuTeDSL/blackwell/mamba2_ssd/mamba2_ssd/mamba2_ssd_044_CudaToBinaryPass.mlir (997 lines)
[DUMP] 045_ConvertToLLVMPass -> /home/jayce.su/notes/dsl/cutlass_with_notes/examples/python/CuTeDSL/blackwell/mamba2_ssd/mamba2_ssd/mamba2_ssd_045_ConvertToLLVMPass.mlir (1242 lines)
[DUMP] 046_ReconcileUnrealizedCasts -> /home/jayce.su/notes/dsl/cutlass_with_notes/examples/python/CuTeDSL/blackwell/mamba2_ssd/mamba2_ssd/mamba2_ssd_046_ReconcileUnrealizedCasts.mlir (1240 lines)
[DUMP] 047_CudaErrorHandlingPass -> /home/jayce.su/notes/dsl/cutlass_with_notes/examples/python/CuTeDSL/blackwell/mamba2_ssd/mamba2_ssd/mamba2_ssd_047_CudaErrorHandlingPass.mlir (1247 lines)
[DUMP] per-pass IR split -> 47 files
[INFO] COMPILE-ONLY mode: skip JIT & execution completely.
