[INFO] Run tag: elementwise_apply
[INFO] Stdout mirrored to: /home/jayce.su/notes/dsl/cutlass_with_notes/examples/python/CuTeDSL/ampere/elementwise_apply/elementwise_apply_stdout.log
[INFO] Stderr mirrored to: /home/jayce.su/notes/dsl/cutlass_with_notes/examples/python/CuTeDSL/ampere/elementwise_apply/elementwise_apply_stderr.log
[INFO] Stdout IR slice saved to: /home/jayce.su/notes/dsl/cutlass_with_notes/examples/python/CuTeDSL/ampere/elementwise_apply/elementwise_apply_0_with_loc.mlir
[INFO] Patched Compiler.compile -> compile_and_dump
[INFO] Patched CUDA runtime for COMPILE-ONLY mode (skip arch compatibility check)
[INFO] Patched HardwareInfo.get_max_active_clusters for COMPILE-ONLY mode
[INFO] cute_ir_dump_patch installed.

Running Elementwise Apply test with:
Tensor dimensions: [4096, 4096]
Input and Output Data type: Float32
Warmup iterations: 2
Measurement iterations: 100

Input tensor shapes:
inputs[0]: torch.Size([4096, 4096]), dtype: torch.float32
inputs[1]: torch.Size([4096, 4096]), dtype: torch.float32
c: torch.Size([4096, 4096]), dtype: torch.float32

Compiling kernel with cute.compile ...
[DSL INFO] Input Tensors:
[DSL INFO]   inputs0 = tensor<ptr<f32, gmem, align<16>> o (4096,4096):(4096,1)>
[DSL INFO]   inputs1 = tensor<ptr<f32, gmem, align<16>> o (4096,4096):(4096,1)>
[DSL INFO]   result = tensor<ptr<f32, gmem, align<16>> o (?,?):(?{i64},1)>
[DSL INFO] Tiling Parameters:
[DSL INFO]   tiler_mn = (64, 256) per thread block
[DSL INFO]   tv_layout = ((64,4),(4,16)):((256,16),(64,1))
[DSL INFO] Tiled Tensors:
[DSL INFO]   gInputs0            = tensor<ptr<f32, gmem, align<16>> o ((64,256),(64,16)):((4096,1),(262144,256))>
[DSL INFO]   gInputs0 (remapped) = tensor<ptr<f32, gmem, align<16>> o ((64,256),(16,64)):((4096,1),(256,262144))>
[DSL INFO]   gInputs1            = tensor<ptr<f32, gmem, align<16>> o ((64,256),(64,16)):((4096,1),(262144,256))>
[DSL INFO]   gInputs1 (remapped) = tensor<ptr<f32, gmem, align<16>> o ((64,256),(16,64)):((4096,1),(256,262144))>
[DSL INFO]   gC = tensor<ptr<f32, gmem, align<16>> o ((64,256),((?,?),(?,?))):((?{i64},1),((?{i64 div=4096},?{div=256}),(?{i64 div=64},?{div=256})))>
[DSL INFO]   coord tensor = tensor<(0,0) o ((64,256),(?,?)):((1@0,1@1),(64@0,256@1))>
[DSL INFO] Sliced Tensors per thread block:
[DSL INFO]   ctaInputs0 = !cute.memref<f32, gmem, align<16>, "(64,256):(4096,1)">
[DSL INFO]   ctaInputs1 = !cute.memref<f32, gmem, align<16>, "(64,256):(4096,1)">
[DSL INFO]   gC = !cute.memref<f32, gmem, align<16>, "(64,256):(?{i64},1)">
[DSL INFO]   gCrd = !cute.coord_tensor<"(?{div=64},?{div=256})", "(64,256):(1@0,1@1)">
[DSL INFO] Sliced Tensors per thread:
[DSL INFO]   thrInputs0 = !cute.memref<f32, gmem, align<16>, "((4,16)):((1,4096))">
[DSL INFO]   thrInputs1 = !cute.memref<f32, gmem, align<16>, "((4,16)):((1,4096))">
[DSL INFO]   thrC = !cute.memref<f32, gmem, align<16>, "((4,16)):((1,?{i64}))">
[DSL INFO]   thrCrd = !cute.coord_tensor<"(?{div=16},?{div=4})", "((4,16)):((1@1,1@0))">
[DSL INFO]   frgPred = !cute.memref<i8, rmem, align<32>, "((4,16)):((1,4))">



[PATCH] hit Compiler.compile
[DUMP] 0_ -> /home/jayce.su/notes/dsl/cutlass_with_notes/examples/python/CuTeDSL/ampere/elementwise_apply/elementwise_apply_0_.mlir (1764 lines)
[DUMP] 001_CuteRemoveStaticArgs -> /home/jayce.su/notes/dsl/cutlass_with_notes/examples/python/CuTeDSL/ampere/elementwise_apply/elementwise_apply_001_CuteRemoveStaticArgs.mlir (1765 lines)
[DUMP] 002_MaterializeTmaMulticast -> /home/jayce.su/notes/dsl/cutlass_with_notes/examples/python/CuTeDSL/ampere/elementwise_apply/elementwise_apply_002_MaterializeTmaMulticast.mlir (1765 lines)
[DUMP] 003_SoftwarePipelinePass -> /home/jayce.su/notes/dsl/cutlass_with_notes/examples/python/CuTeDSL/ampere/elementwise_apply/elementwise_apply_003_SoftwarePipelinePass.mlir (1765 lines)
[DUMP] 004_CuteDesugar -> /home/jayce.su/notes/dsl/cutlass_with_notes/examples/python/CuTeDSL/ampere/elementwise_apply/elementwise_apply_004_CuteDesugar.mlir (2275 lines)
[DUMP] 005_CuteExpandOps -> /home/jayce.su/notes/dsl/cutlass_with_notes/examples/python/CuTeDSL/ampere/elementwise_apply/elementwise_apply_005_CuteExpandOps.mlir (2673 lines)
[DUMP] 006_CuteFoldStatic -> /home/jayce.su/notes/dsl/cutlass_with_notes/examples/python/CuTeDSL/ampere/elementwise_apply/elementwise_apply_006_CuteFoldStatic.mlir (1585 lines)
[DUMP] 007_InsertRangeInformation -> /home/jayce.su/notes/dsl/cutlass_with_notes/examples/python/CuTeDSL/ampere/elementwise_apply/elementwise_apply_007_InsertRangeInformation.mlir (1585 lines)
[DUMP] 008_Canonicalizer -> /home/jayce.su/notes/dsl/cutlass_with_notes/examples/python/CuTeDSL/ampere/elementwise_apply/elementwise_apply_008_Canonicalizer.mlir (1145 lines)
[DUMP] 009_CSE -> /home/jayce.su/notes/dsl/cutlass_with_notes/examples/python/CuTeDSL/ampere/elementwise_apply/elementwise_apply_009_CSE.mlir (1005 lines)
[DUMP] 010_LoopInvariantCodeMotion -> /home/jayce.su/notes/dsl/cutlass_with_notes/examples/python/CuTeDSL/ampere/elementwise_apply/elementwise_apply_010_LoopInvariantCodeMotion.mlir (1005 lines)
[DUMP] 011_LoopVectorizePass -> /home/jayce.su/notes/dsl/cutlass_with_notes/examples/python/CuTeDSL/ampere/elementwise_apply/elementwise_apply_011_LoopVectorizePass.mlir (1005 lines)
[DUMP] 012_EliminateUnnecessarySyncPass -> /home/jayce.su/notes/dsl/cutlass_with_notes/examples/python/CuTeDSL/ampere/elementwise_apply/elementwise_apply_012_EliminateUnnecessarySyncPass.mlir (1005 lines)
[DUMP] 013_StrengthReductionPass -> /home/jayce.su/notes/dsl/cutlass_with_notes/examples/python/CuTeDSL/ampere/elementwise_apply/elementwise_apply_013_StrengthReductionPass.mlir (1005 lines)
[DUMP] 014_ConvertVectorToSCF -> /home/jayce.su/notes/dsl/cutlass_with_notes/examples/python/CuTeDSL/ampere/elementwise_apply/elementwise_apply_014_ConvertVectorToSCF.mlir (1005 lines)
[DUMP] 015_ConvertCuteTypesInScfOps -> /home/jayce.su/notes/dsl/cutlass_with_notes/examples/python/CuTeDSL/ampere/elementwise_apply/elementwise_apply_015_ConvertCuteTypesInScfOps.mlir (1005 lines)
[DUMP] 016_SCFToControlFlow -> /home/jayce.su/notes/dsl/cutlass_with_notes/examples/python/CuTeDSL/ampere/elementwise_apply/elementwise_apply_016_SCFToControlFlow.mlir (1041 lines)
[DUMP] 017_ArithExpandOpsPass -> /home/jayce.su/notes/dsl/cutlass_with_notes/examples/python/CuTeDSL/ampere/elementwise_apply/elementwise_apply_017_ArithExpandOpsPass.mlir (1115 lines)
[DUMP] 018_ConvertMathToFuncs -> /home/jayce.su/notes/dsl/cutlass_with_notes/examples/python/CuTeDSL/ampere/elementwise_apply/elementwise_apply_018_ConvertMathToFuncs.mlir (1115 lines)
[DUMP] 019_GpuLaunchSinkIndexComputations -> /home/jayce.su/notes/dsl/cutlass_with_notes/examples/python/CuTeDSL/ampere/elementwise_apply/elementwise_apply_019_GpuLaunchSinkIndexComputations.mlir (1115 lines)
[DUMP] 020_ConvertToLLVMPass -> /home/jayce.su/notes/dsl/cutlass_with_notes/examples/python/CuTeDSL/ampere/elementwise_apply/elementwise_apply_020_ConvertToLLVMPass.mlir (2827 lines)
[DUMP] 021_ReconcileUnrealizedCasts -> /home/jayce.su/notes/dsl/cutlass_with_notes/examples/python/CuTeDSL/ampere/elementwise_apply/elementwise_apply_021_ReconcileUnrealizedCasts.mlir (2827 lines)
[DUMP] 022_GpuKernelOutlining -> /home/jayce.su/notes/dsl/cutlass_with_notes/examples/python/CuTeDSL/ampere/elementwise_apply/elementwise_apply_022_GpuKernelOutlining.mlir (2827 lines)
[DUMP] 023_SCFToControlFlow -> /home/jayce.su/notes/dsl/cutlass_with_notes/examples/python/CuTeDSL/ampere/elementwise_apply/elementwise_apply_023_SCFToControlFlow.mlir (2827 lines)
[DUMP] 024_ReconcileUnrealizedCasts -> /home/jayce.su/notes/dsl/cutlass_with_notes/examples/python/CuTeDSL/ampere/elementwise_apply/elementwise_apply_024_ReconcileUnrealizedCasts.mlir (2827 lines)
[DUMP] 025_ConvertToLLVMPass -> /home/jayce.su/notes/dsl/cutlass_with_notes/examples/python/CuTeDSL/ampere/elementwise_apply/elementwise_apply_025_ConvertToLLVMPass.mlir (2827 lines)
[DUMP] 026_Canonicalizer -> /home/jayce.su/notes/dsl/cutlass_with_notes/examples/python/CuTeDSL/ampere/elementwise_apply/elementwise_apply_026_Canonicalizer.mlir (1283 lines)
[DUMP] 027_CSE -> /home/jayce.su/notes/dsl/cutlass_with_notes/examples/python/CuTeDSL/ampere/elementwise_apply/elementwise_apply_027_CSE.mlir (1073 lines)
[DUMP] 028_ConvertVectorToLLVMPass -> /home/jayce.su/notes/dsl/cutlass_with_notes/examples/python/CuTeDSL/ampere/elementwise_apply/elementwise_apply_028_ConvertVectorToLLVMPass.mlir (1083 lines)
[DUMP] 029_ConvertNVVMToLLVMPass -> /home/jayce.su/notes/dsl/cutlass_with_notes/examples/python/CuTeDSL/ampere/elementwise_apply/elementwise_apply_029_ConvertNVVMToLLVMPass.mlir (1083 lines)
[DUMP] 030_CudaComputeTargetPass -> /home/jayce.su/notes/dsl/cutlass_with_notes/examples/python/CuTeDSL/ampere/elementwise_apply/elementwise_apply_030_CudaComputeTargetPass.mlir (716 lines)
[DUMP] 031_FinalizeMemRefToLLVMConversionPass -> /home/jayce.su/notes/dsl/cutlass_with_notes/examples/python/CuTeDSL/ampere/elementwise_apply/elementwise_apply_031_FinalizeMemRefToLLVMConversionPass.mlir (1083 lines)
[DUMP] 032_ExpandStridedMetadata -> /home/jayce.su/notes/dsl/cutlass_with_notes/examples/python/CuTeDSL/ampere/elementwise_apply/elementwise_apply_032_ExpandStridedMetadata.mlir (1083 lines)
[DUMP] 033_ArithToLLVMConversionPass -> /home/jayce.su/notes/dsl/cutlass_with_notes/examples/python/CuTeDSL/ampere/elementwise_apply/elementwise_apply_033_ArithToLLVMConversionPass.mlir (1083 lines)
[DUMP] 034_ConvertFastmathOps -> /home/jayce.su/notes/dsl/cutlass_with_notes/examples/python/CuTeDSL/ampere/elementwise_apply/elementwise_apply_034_ConvertFastmathOps.mlir (716 lines)
[DUMP] 035_ConvertGpuOpsToNVVMOps -> /home/jayce.su/notes/dsl/cutlass_with_notes/examples/python/CuTeDSL/ampere/elementwise_apply/elementwise_apply_035_ConvertGpuOpsToNVVMOps.mlir (716 lines)
[DUMP] 036_StoreGpuLaunchAttribute -> /home/jayce.su/notes/dsl/cutlass_with_notes/examples/python/CuTeDSL/ampere/elementwise_apply/elementwise_apply_036_StoreGpuLaunchAttribute.mlir (1083 lines)
[DUMP] 037_GpuToLLVMConversionPass -> /home/jayce.su/notes/dsl/cutlass_with_notes/examples/python/CuTeDSL/ampere/elementwise_apply/elementwise_apply_037_GpuToLLVMConversionPass.mlir (1083 lines)
[DUMP] 038_StoreGpuLaunchAttribute -> /home/jayce.su/notes/dsl/cutlass_with_notes/examples/python/CuTeDSL/ampere/elementwise_apply/elementwise_apply_038_StoreGpuLaunchAttribute.mlir (1083 lines)
[DUMP] 039_ConvertMathToLLVMPass -> /home/jayce.su/notes/dsl/cutlass_with_notes/examples/python/CuTeDSL/ampere/elementwise_apply/elementwise_apply_039_ConvertMathToLLVMPass.mlir (1083 lines)
[DUMP] 040_Canonicalizer -> /home/jayce.su/notes/dsl/cutlass_with_notes/examples/python/CuTeDSL/ampere/elementwise_apply/elementwise_apply_040_Canonicalizer.mlir (1083 lines)
[DUMP] 041_CSE -> /home/jayce.su/notes/dsl/cutlass_with_notes/examples/python/CuTeDSL/ampere/elementwise_apply/elementwise_apply_041_CSE.mlir (1083 lines)
[DUMP] 042_ReconcileUnrealizedCasts -> /home/jayce.su/notes/dsl/cutlass_with_notes/examples/python/CuTeDSL/ampere/elementwise_apply/elementwise_apply_042_ReconcileUnrealizedCasts.mlir (1083 lines)
[DUMP] 043_DIScopeForLLVMFuncOpPass -> /home/jayce.su/notes/dsl/cutlass_with_notes/examples/python/CuTeDSL/ampere/elementwise_apply/elementwise_apply_043_DIScopeForLLVMFuncOpPass.mlir (1083 lines)
[DUMP] 044_CudaToBinaryPass -> /home/jayce.su/notes/dsl/cutlass_with_notes/examples/python/CuTeDSL/ampere/elementwise_apply/elementwise_apply_044_CudaToBinaryPass.mlir (380 lines)
[DUMP] 045_ConvertToLLVMPass -> /home/jayce.su/notes/dsl/cutlass_with_notes/examples/python/CuTeDSL/ampere/elementwise_apply/elementwise_apply_045_ConvertToLLVMPass.mlir (560 lines)
[DUMP] 046_ReconcileUnrealizedCasts -> /home/jayce.su/notes/dsl/cutlass_with_notes/examples/python/CuTeDSL/ampere/elementwise_apply/elementwise_apply_046_ReconcileUnrealizedCasts.mlir (558 lines)
[DUMP] 047_CudaErrorHandlingPass -> /home/jayce.su/notes/dsl/cutlass_with_notes/examples/python/CuTeDSL/ampere/elementwise_apply/elementwise_apply_047_CudaErrorHandlingPass.mlir (565 lines)
[DUMP] per-pass IR split -> 47 files
[INFO] COMPILE-ONLY mode: skip JIT & execution completely.
Compilation time: 11.8330 seconds
Executing elementwise apply kernel...
Verifying results...
Results verified successfully!
First few elements of result: 
tensor([[-0.0184, -1.7508,  0.7034],
        [-0.8764,  0.6718,  1.0942],
        [ 0.5283,  0.9085, -0.4747]], device='cuda:0')

PASS
