[INFO] Run tag: dense_gemm_alpha_beta_persistent
[INFO] Stdout mirrored to: /home/jayce.su/notes/dsl/cutlass_with_notes/examples/python/CuTeDSL/blackwell/dense_gemm_alpha_beta_persistent/dense_gemm_alpha_beta_persistent_stdout.log
[INFO] Stderr mirrored to: /home/jayce.su/notes/dsl/cutlass_with_notes/examples/python/CuTeDSL/blackwell/dense_gemm_alpha_beta_persistent/dense_gemm_alpha_beta_persistent_stderr.log
[INFO] Stdout IR slice saved to: /home/jayce.su/notes/dsl/cutlass_with_notes/examples/python/CuTeDSL/blackwell/dense_gemm_alpha_beta_persistent/dense_gemm_alpha_beta_persistent_0_with_loc.mlir
[INFO] Patched Compiler.compile -> compile_and_dump
[INFO] Patched CUDA runtime for COMPILE-ONLY mode (skip arch compatibility check)
[INFO] Patched HardwareInfo.get_max_active_clusters for COMPILE-ONLY mode
[INFO] cute_ir_dump_patch installed.
Running Blackwell Persistent Dense GEMM test with:
mnkl: (256, 256, 512, 1)
AB dtype: TFloat32, C dtype: Float32, D dtype: Float32, Acc dtype: Float32, Epi dtype: Float32
Matrix majors - A: k, B: k, C: n, D: n
Mma Tiler (M, N): (128, 128), Cluster Shape (M, N): (1, 1)
2CTA MMA instructions: False
Tolerance: 0.1
Warmup iterations: 0
Iterations: 1
Skip reference checking: False



[PATCH] hit Compiler.compile
[DUMP] 0_ -> /home/jayce.su/notes/dsl/cutlass_with_notes/examples/python/CuTeDSL/blackwell/dense_gemm_alpha_beta_persistent/dense_gemm_alpha_beta_persistent_0_.mlir (3746 lines)
[DUMP] 001_CuteRemoveStaticArgs -> /home/jayce.su/notes/dsl/cutlass_with_notes/examples/python/CuTeDSL/blackwell/dense_gemm_alpha_beta_persistent/dense_gemm_alpha_beta_persistent_001_CuteRemoveStaticArgs.mlir (3757 lines)
[DUMP] 002_MaterializeTmaMulticast -> /home/jayce.su/notes/dsl/cutlass_with_notes/examples/python/CuTeDSL/blackwell/dense_gemm_alpha_beta_persistent/dense_gemm_alpha_beta_persistent_002_MaterializeTmaMulticast.mlir (3757 lines)
[DUMP] 003_SoftwarePipelinePass -> /home/jayce.su/notes/dsl/cutlass_with_notes/examples/python/CuTeDSL/blackwell/dense_gemm_alpha_beta_persistent/dense_gemm_alpha_beta_persistent_003_SoftwarePipelinePass.mlir (3757 lines)
[DUMP] 004_CuteDesugar -> /home/jayce.su/notes/dsl/cutlass_with_notes/examples/python/CuTeDSL/blackwell/dense_gemm_alpha_beta_persistent/dense_gemm_alpha_beta_persistent_004_CuteDesugar.mlir (4259 lines)
[DUMP] 005_CuteExpandOps -> /home/jayce.su/notes/dsl/cutlass_with_notes/examples/python/CuTeDSL/blackwell/dense_gemm_alpha_beta_persistent/dense_gemm_alpha_beta_persistent_005_CuteExpandOps.mlir (7990 lines)
[DUMP] 006_CuteFoldStatic -> /home/jayce.su/notes/dsl/cutlass_with_notes/examples/python/CuTeDSL/blackwell/dense_gemm_alpha_beta_persistent/dense_gemm_alpha_beta_persistent_006_CuteFoldStatic.mlir (5188 lines)
[DUMP] 007_InsertRangeInformation -> /home/jayce.su/notes/dsl/cutlass_with_notes/examples/python/CuTeDSL/blackwell/dense_gemm_alpha_beta_persistent/dense_gemm_alpha_beta_persistent_007_InsertRangeInformation.mlir (5188 lines)
[DUMP] 008_Canonicalizer -> /home/jayce.su/notes/dsl/cutlass_with_notes/examples/python/CuTeDSL/blackwell/dense_gemm_alpha_beta_persistent/dense_gemm_alpha_beta_persistent_008_Canonicalizer.mlir (2116 lines)
[DUMP] 009_CSE -> /home/jayce.su/notes/dsl/cutlass_with_notes/examples/python/CuTeDSL/blackwell/dense_gemm_alpha_beta_persistent/dense_gemm_alpha_beta_persistent_009_CSE.mlir (1817 lines)
[DUMP] 010_LoopInvariantCodeMotion -> /home/jayce.su/notes/dsl/cutlass_with_notes/examples/python/CuTeDSL/blackwell/dense_gemm_alpha_beta_persistent/dense_gemm_alpha_beta_persistent_010_LoopInvariantCodeMotion.mlir (1817 lines)
[DUMP] 011_LoopVectorizePass -> /home/jayce.su/notes/dsl/cutlass_with_notes/examples/python/CuTeDSL/blackwell/dense_gemm_alpha_beta_persistent/dense_gemm_alpha_beta_persistent_011_LoopVectorizePass.mlir (1817 lines)
[DUMP] 012_EliminateUnnecessarySyncPass -> /home/jayce.su/notes/dsl/cutlass_with_notes/examples/python/CuTeDSL/blackwell/dense_gemm_alpha_beta_persistent/dense_gemm_alpha_beta_persistent_012_EliminateUnnecessarySyncPass.mlir (1817 lines)
[DUMP] 013_StrengthReductionPass -> /home/jayce.su/notes/dsl/cutlass_with_notes/examples/python/CuTeDSL/blackwell/dense_gemm_alpha_beta_persistent/dense_gemm_alpha_beta_persistent_013_StrengthReductionPass.mlir (1817 lines)
[DUMP] 014_ConvertVectorToSCF -> /home/jayce.su/notes/dsl/cutlass_with_notes/examples/python/CuTeDSL/blackwell/dense_gemm_alpha_beta_persistent/dense_gemm_alpha_beta_persistent_014_ConvertVectorToSCF.mlir (1817 lines)
[DUMP] 015_ConvertCuteTypesInScfOps -> /home/jayce.su/notes/dsl/cutlass_with_notes/examples/python/CuTeDSL/blackwell/dense_gemm_alpha_beta_persistent/dense_gemm_alpha_beta_persistent_015_ConvertCuteTypesInScfOps.mlir (1822 lines)
[DUMP] 016_SCFToControlFlow -> /home/jayce.su/notes/dsl/cutlass_with_notes/examples/python/CuTeDSL/blackwell/dense_gemm_alpha_beta_persistent/dense_gemm_alpha_beta_persistent_016_SCFToControlFlow.mlir (1904 lines)
[DUMP] 017_ArithExpandOpsPass -> /home/jayce.su/notes/dsl/cutlass_with_notes/examples/python/CuTeDSL/blackwell/dense_gemm_alpha_beta_persistent/dense_gemm_alpha_beta_persistent_017_ArithExpandOpsPass.mlir (2098 lines)
[DUMP] 018_ConvertMathToFuncs -> /home/jayce.su/notes/dsl/cutlass_with_notes/examples/python/CuTeDSL/blackwell/dense_gemm_alpha_beta_persistent/dense_gemm_alpha_beta_persistent_018_ConvertMathToFuncs.mlir (2098 lines)
[DUMP] 019_GpuLaunchSinkIndexComputations -> /home/jayce.su/notes/dsl/cutlass_with_notes/examples/python/CuTeDSL/blackwell/dense_gemm_alpha_beta_persistent/dense_gemm_alpha_beta_persistent_019_GpuLaunchSinkIndexComputations.mlir (2098 lines)
[DUMP] 020_ConvertToLLVMPass -> /home/jayce.su/notes/dsl/cutlass_with_notes/examples/python/CuTeDSL/blackwell/dense_gemm_alpha_beta_persistent/dense_gemm_alpha_beta_persistent_020_ConvertToLLVMPass.mlir (2918 lines)
[DUMP] 021_ReconcileUnrealizedCasts -> /home/jayce.su/notes/dsl/cutlass_with_notes/examples/python/CuTeDSL/blackwell/dense_gemm_alpha_beta_persistent/dense_gemm_alpha_beta_persistent_021_ReconcileUnrealizedCasts.mlir (2795 lines)
[DUMP] 022_GpuKernelOutlining -> /home/jayce.su/notes/dsl/cutlass_with_notes/examples/python/CuTeDSL/blackwell/dense_gemm_alpha_beta_persistent/dense_gemm_alpha_beta_persistent_022_GpuKernelOutlining.mlir (2795 lines)
[DUMP] 023_SCFToControlFlow -> /home/jayce.su/notes/dsl/cutlass_with_notes/examples/python/CuTeDSL/blackwell/dense_gemm_alpha_beta_persistent/dense_gemm_alpha_beta_persistent_023_SCFToControlFlow.mlir (2795 lines)
[DUMP] 024_ReconcileUnrealizedCasts -> /home/jayce.su/notes/dsl/cutlass_with_notes/examples/python/CuTeDSL/blackwell/dense_gemm_alpha_beta_persistent/dense_gemm_alpha_beta_persistent_024_ReconcileUnrealizedCasts.mlir (2795 lines)
[DUMP] 025_ConvertToLLVMPass -> /home/jayce.su/notes/dsl/cutlass_with_notes/examples/python/CuTeDSL/blackwell/dense_gemm_alpha_beta_persistent/dense_gemm_alpha_beta_persistent_025_ConvertToLLVMPass.mlir (2795 lines)
[DUMP] 026_Canonicalizer -> /home/jayce.su/notes/dsl/cutlass_with_notes/examples/python/CuTeDSL/blackwell/dense_gemm_alpha_beta_persistent/dense_gemm_alpha_beta_persistent_026_Canonicalizer.mlir (1830 lines)
[DUMP] 027_CSE -> /home/jayce.su/notes/dsl/cutlass_with_notes/examples/python/CuTeDSL/blackwell/dense_gemm_alpha_beta_persistent/dense_gemm_alpha_beta_persistent_027_CSE.mlir (1813 lines)
[DUMP] 028_ConvertVectorToLLVMPass -> /home/jayce.su/notes/dsl/cutlass_with_notes/examples/python/CuTeDSL/blackwell/dense_gemm_alpha_beta_persistent/dense_gemm_alpha_beta_persistent_028_ConvertVectorToLLVMPass.mlir (1795 lines)
[DUMP] 029_ConvertNVVMToLLVMPass -> /home/jayce.su/notes/dsl/cutlass_with_notes/examples/python/CuTeDSL/blackwell/dense_gemm_alpha_beta_persistent/dense_gemm_alpha_beta_persistent_029_ConvertNVVMToLLVMPass.mlir (1796 lines)
[DUMP] 030_CudaComputeTargetPass -> /home/jayce.su/notes/dsl/cutlass_with_notes/examples/python/CuTeDSL/blackwell/dense_gemm_alpha_beta_persistent/dense_gemm_alpha_beta_persistent_030_CudaComputeTargetPass.mlir (1058 lines)
[DUMP] 031_FinalizeMemRefToLLVMConversionPass -> /home/jayce.su/notes/dsl/cutlass_with_notes/examples/python/CuTeDSL/blackwell/dense_gemm_alpha_beta_persistent/dense_gemm_alpha_beta_persistent_031_FinalizeMemRefToLLVMConversionPass.mlir (1796 lines)
[DUMP] 032_ExpandStridedMetadata -> /home/jayce.su/notes/dsl/cutlass_with_notes/examples/python/CuTeDSL/blackwell/dense_gemm_alpha_beta_persistent/dense_gemm_alpha_beta_persistent_032_ExpandStridedMetadata.mlir (1792 lines)
[DUMP] 033_ArithToLLVMConversionPass -> /home/jayce.su/notes/dsl/cutlass_with_notes/examples/python/CuTeDSL/blackwell/dense_gemm_alpha_beta_persistent/dense_gemm_alpha_beta_persistent_033_ArithToLLVMConversionPass.mlir (1792 lines)
[DUMP] 034_StripDebugInfo -> /home/jayce.su/notes/dsl/cutlass_with_notes/examples/python/CuTeDSL/blackwell/dense_gemm_alpha_beta_persistent/dense_gemm_alpha_beta_persistent_034_StripDebugInfo.mlir (1054 lines)
[DUMP] 035_ConvertFastmathOps -> /home/jayce.su/notes/dsl/cutlass_with_notes/examples/python/CuTeDSL/blackwell/dense_gemm_alpha_beta_persistent/dense_gemm_alpha_beta_persistent_035_ConvertFastmathOps.mlir (1054 lines)
[DUMP] 036_ConvertGpuOpsToNVVMOps -> /home/jayce.su/notes/dsl/cutlass_with_notes/examples/python/CuTeDSL/blackwell/dense_gemm_alpha_beta_persistent/dense_gemm_alpha_beta_persistent_036_ConvertGpuOpsToNVVMOps.mlir (1054 lines)
[DUMP] 037_StoreGpuLaunchAttribute -> /home/jayce.su/notes/dsl/cutlass_with_notes/examples/python/CuTeDSL/blackwell/dense_gemm_alpha_beta_persistent/dense_gemm_alpha_beta_persistent_037_StoreGpuLaunchAttribute.mlir (1792 lines)
[DUMP] 038_GpuToLLVMConversionPass -> /home/jayce.su/notes/dsl/cutlass_with_notes/examples/python/CuTeDSL/blackwell/dense_gemm_alpha_beta_persistent/dense_gemm_alpha_beta_persistent_038_GpuToLLVMConversionPass.mlir (1792 lines)
[DUMP] 039_StoreGpuLaunchAttribute -> /home/jayce.su/notes/dsl/cutlass_with_notes/examples/python/CuTeDSL/blackwell/dense_gemm_alpha_beta_persistent/dense_gemm_alpha_beta_persistent_039_StoreGpuLaunchAttribute.mlir (1792 lines)
[DUMP] 040_ConvertMathToLLVMPass -> /home/jayce.su/notes/dsl/cutlass_with_notes/examples/python/CuTeDSL/blackwell/dense_gemm_alpha_beta_persistent/dense_gemm_alpha_beta_persistent_040_ConvertMathToLLVMPass.mlir (1792 lines)
[DUMP] 041_Canonicalizer -> /home/jayce.su/notes/dsl/cutlass_with_notes/examples/python/CuTeDSL/blackwell/dense_gemm_alpha_beta_persistent/dense_gemm_alpha_beta_persistent_041_Canonicalizer.mlir (1792 lines)
[DUMP] 042_CSE -> /home/jayce.su/notes/dsl/cutlass_with_notes/examples/python/CuTeDSL/blackwell/dense_gemm_alpha_beta_persistent/dense_gemm_alpha_beta_persistent_042_CSE.mlir (1792 lines)
[DUMP] 043_ReconcileUnrealizedCasts -> /home/jayce.su/notes/dsl/cutlass_with_notes/examples/python/CuTeDSL/blackwell/dense_gemm_alpha_beta_persistent/dense_gemm_alpha_beta_persistent_043_ReconcileUnrealizedCasts.mlir (1792 lines)
[DUMP] 044_CudaToBinaryPass -> /home/jayce.su/notes/dsl/cutlass_with_notes/examples/python/CuTeDSL/blackwell/dense_gemm_alpha_beta_persistent/dense_gemm_alpha_beta_persistent_044_CudaToBinaryPass.mlir (747 lines)
[DUMP] 045_ConvertToLLVMPass -> /home/jayce.su/notes/dsl/cutlass_with_notes/examples/python/CuTeDSL/blackwell/dense_gemm_alpha_beta_persistent/dense_gemm_alpha_beta_persistent_045_ConvertToLLVMPass.mlir (982 lines)
[DUMP] 046_ReconcileUnrealizedCasts -> /home/jayce.su/notes/dsl/cutlass_with_notes/examples/python/CuTeDSL/blackwell/dense_gemm_alpha_beta_persistent/dense_gemm_alpha_beta_persistent_046_ReconcileUnrealizedCasts.mlir (980 lines)
[DUMP] 047_CudaErrorHandlingPass -> /home/jayce.su/notes/dsl/cutlass_with_notes/examples/python/CuTeDSL/blackwell/dense_gemm_alpha_beta_persistent/dense_gemm_alpha_beta_persistent_047_CudaErrorHandlingPass.mlir (987 lines)
[DUMP] per-pass IR split -> 47 files
[INFO] COMPILE-ONLY mode: skip JIT & execution completely.
